#
# There is insufficient memory for the Java Runtime Environment to continue.
# Native memory allocation (malloc) failed to allocate 32744 bytes for ChunkPool::allocate
# Possible reasons:
#   The system is out of physical RAM or swap space
#   The process is running with CompressedOops enabled, and the Java Heap may be blocking the growth of the native heap
# Possible solutions:
#   Reduce memory load on the system
#   Increase physical memory or swap space
#   Check if swap backing store is full
#   Decrease Java heap size (-Xmx/-Xms)
#   Decrease number of Java threads
#   Decrease Java thread stack sizes (-Xss)
#   Set larger code cache with -XX:ReservedCodeCacheSize=
#   JVM is running with Zero Based Compressed Oops mode in which the Java heap is
#     placed in the first 32GB address space. The Java Heap base address is the
#     maximum limit for the native heap growth. Please use -XX:HeapBaseMinAddress
#     to set the Java Heap base and to place the Java Heap above 32GB virtual address.
# This output file may be truncated or incomplete.
#
#  Out of Memory Error (allocation.cpp:272), pid=16500, tid=0x00000000000041d4
#
# JRE version: Java(TM) SE Runtime Environment (8.0_261-b12) (build 1.8.0_261-b12)
# Java VM: Java HotSpot(TM) 64-Bit Server VM (25.261-b12 mixed mode windows-amd64 compressed oops)
# Failed to write core dump. Minidumps are not enabled by default on client versions of Windows
#

---------------  T H R E A D  ---------------

Current thread (0x0000019789f5a000):  JavaThread "C2 CompilerThread1" daemon [_thread_in_native, id=16852, stack(0x0000000829500000,0x0000000829600000)]

Stack: [0x0000000829500000,0x0000000829600000]
Native frames: (J=compiled Java code, j=interpreted, Vv=VM code, C=native code)
V  [jvm.dll+0x33e5f9]


Current CompileTask:
C2:  42686 3267       4       com.sun.org.apache.xerces.internal.impl.XMLNSDocumentScannerImpl::scanAttribute (824 bytes)


---------------  P R O C E S S  ---------------

Java Threads: ( => current thread )
  0x000001978c089000 JavaThread "Keep-Alive-Timer" daemon [_thread_blocked, id=17640, stack(0x0000000829d00000,0x0000000829e00000)]
  0x000001978bac8000 JavaThread "GC Daemon" daemon [_thread_blocked, id=16520, stack(0x0000000829c00000,0x0000000829d00000)]
  0x000001978bac7800 JavaThread "RMI RenewClean-[192.168.56.1:59987]" daemon [_thread_blocked, id=25208, stack(0x0000000829b00000,0x0000000829c00000)]
  0x000001978bac6800 JavaThread "RMI Scheduler(0)" daemon [_thread_blocked, id=20428, stack(0x0000000829a00000,0x0000000829b00000)]
  0x000001978b6fc000 JavaThread "Service Thread" daemon [_thread_blocked, id=19744, stack(0x0000000829800000,0x0000000829900000)]
  0x000001978b6f9000 JavaThread "C1 CompilerThread3" daemon [_thread_blocked, id=23748, stack(0x0000000829700000,0x0000000829800000)]
  0x0000019789f5e000 JavaThread "C2 CompilerThread2" daemon [_thread_in_native, id=18140, stack(0x0000000829600000,0x0000000829700000)]
=>0x0000019789f5a000 JavaThread "C2 CompilerThread1" daemon [_thread_in_native, id=16852, stack(0x0000000829500000,0x0000000829600000)]
  0x0000019789f11000 JavaThread "C2 CompilerThread0" daemon [_thread_in_native, id=20224, stack(0x0000000829400000,0x0000000829500000)]
  0x0000019789f0d800 JavaThread "Attach Listener" daemon [_thread_blocked, id=20668, stack(0x0000000829300000,0x0000000829400000)]
  0x0000019789f0a800 JavaThread "Signal Dispatcher" daemon [_thread_blocked, id=17468, stack(0x0000000829200000,0x0000000829300000)]
  0x0000019789ef2800 JavaThread "Finalizer" daemon [_thread_blocked, id=8772, stack(0x0000000829100000,0x0000000829200000)]
  0x0000019789eca800 JavaThread "Reference Handler" daemon [_thread_blocked, id=12732, stack(0x0000000829000000,0x0000000829100000)]
  0x00000197ee521000 JavaThread "main" [_thread_in_native, id=15504, stack(0x0000000828400000,0x0000000828500000)]

Other Threads:
  0x0000019789ec5000 VMThread [stack: 0x0000000828f00000,0x0000000829000000] [id=5744]
  0x000001978b70b000 WatcherThread [stack: 0x0000000829900000,0x0000000829a00000] [id=24228]

VM state:not at safepoint (normal execution)

VM Mutex/Monitor currently owned by a thread: None

heap address: 0x00000006c3200000, size: 4046 MB, Compressed Oops mode: Zero based, Oop shift amount: 3
Narrow klass base: 0x0000000000000000, Narrow klass shift: 3
Compressed class space size: 1073741824 Address: 0x00000007c0000000

Heap:
 PSYoungGen      total 75776K, used 27335K [0x000000076bb80000, 0x0000000771000000, 0x00000007c0000000)
  eden space 65024K, 30% used [0x000000076bb80000,0x000000076cec9dd8,0x000000076fb00000)
  from space 10752K, 70% used [0x000000076fb00000,0x0000000770268020,0x0000000770580000)
  to   space 10752K, 0% used [0x0000000770580000,0x0000000770580000,0x0000000771000000)
 ParOldGen       total 173568K, used 1086K [0x00000006c3200000, 0x00000006cdb80000, 0x000000076bb80000)
  object space 173568K, 0% used [0x00000006c3200000,0x00000006c330f9e8,0x00000006cdb80000)
 Metaspace       used 14460K, capacity 14816K, committed 14848K, reserved 1062912K
  class space    used 1680K, capacity 1790K, committed 1792K, reserved 1048576K

Card table byte_map: [0x00000197ff310000,0x00000197ffb00000] byte_map_base: 0x00000197fbcf7000

Marking Bits: (ParMarkBitMap*) 0x000000005c6b4fb0
 Begin Bits: [0x0000019780550000, 0x0000019784488000)
 End Bits:   [0x0000019784488000, 0x00000197883c0000)

Polling page: 0x00000197eff20000

CodeCache: size=245760Kb used=11532Kb max_used=11543Kb free=234227Kb
 bounds [0x00000197eff50000, 0x00000197f0aa0000, 0x00000197fef50000]
 total_blobs=3605 nmethods=3261 adapters=256
 compilation: enabled

Compilation events (10 events):
Event: 42.177 Thread 0x000001978b6f9000 nmethod 3262 0x00000197f0a8d790 code [0x00000197f0a8db00, 0x00000197f0a8fff0]
Event: 42.292 Thread 0x000001978b6f9000 3263       3       java.nio.ByteBuffer::allocate (22 bytes)
Event: 42.292 Thread 0x000001978b6f9000 nmethod 3263 0x00000197f0a79e50 code [0x00000197f0a79fe0, 0x00000197f0a7a3c0]
Event: 42.293 Thread 0x000001978b6f9000 3264       3       java.nio.HeapByteBuffer::<init> (13 bytes)
Event: 42.293 Thread 0x000001978b6f9000 nmethod 3264 0x00000197f0a76f90 code [0x00000197f0a77100, 0x00000197f0a77330]
Event: 42.296 Thread 0x0000019789f5e000 3265       4       com.sun.xml.internal.bind.v2.model.impl.RuntimeTypeRefImpl::getTarget (8 bytes)
Event: 42.298 Thread 0x0000019789f5e000 nmethod 3265 0x00000197f0a75810 code [0x00000197f0a75960, 0x00000197f0a75ae8]
Event: 42.575 Thread 0x000001978b6f9000 3266       3       com.sun.xml.internal.bind.v2.runtime.AnyTypeBeanInfo::<init> (40 bytes)
Event: 42.575 Thread 0x000001978b6f9000 nmethod 3266 0x00000197f0a8ce50 code [0x00000197f0a8d000, 0x00000197f0a8d500]
Event: 42.577 Thread 0x0000019789f5a000 3267       4       com.sun.org.apache.xerces.internal.impl.XMLNSDocumentScannerImpl::scanAttribute (824 bytes)

GC Heap History (8 events):
Event: 5.857 GC heap before
{Heap before GC invocations=1 (full 0):
 PSYoungGen      total 75776K, used 9104K [0x000000076bb80000, 0x0000000771000000, 0x00000007c0000000)
  eden space 65024K, 14% used [0x000000076bb80000,0x000000076c4641c8,0x000000076fb00000)
  from space 10752K, 0% used [0x0000000770580000,0x0000000770580000,0x0000000771000000)
  to   space 10752K, 0% used [0x000000076fb00000,0x000000076fb00000,0x0000000770580000)
 ParOldGen       total 173568K, used 0K [0x00000006c3200000, 0x00000006cdb80000, 0x000000076bb80000)
  object space 173568K, 0% used [0x00000006c3200000,0x00000006c3200000,0x00000006cdb80000)
 Metaspace       used 7020K, capacity 7208K, committed 7424K, reserved 1056768K
  class space    used 844K, capacity 902K, committed 1024K, reserved 1048576K
Event: 5.871 GC heap after
Heap after GC invocations=1 (full 0):
 PSYoungGen      total 75776K, used 1120K [0x000000076bb80000, 0x0000000771000000, 0x00000007c0000000)
  eden space 65024K, 0% used [0x000000076bb80000,0x000000076bb80000,0x000000076fb00000)
  from space 10752K, 10% used [0x000000076fb00000,0x000000076fc18020,0x0000000770580000)
  to   space 10752K, 0% used [0x0000000770580000,0x0000000770580000,0x0000000771000000)
 ParOldGen       total 173568K, used 8K [0x00000006c3200000, 0x00000006cdb80000, 0x000000076bb80000)
  object space 173568K, 0% used [0x00000006c3200000,0x00000006c3202000,0x00000006cdb80000)
 Metaspace       used 7020K, capacity 7208K, committed 7424K, reserved 1056768K
  class space    used 844K, capacity 902K, committed 1024K, reserved 1048576K
}
Event: 5.871 GC heap before
{Heap before GC invocations=2 (full 1):
 PSYoungGen      total 75776K, used 1120K [0x000000076bb80000, 0x0000000771000000, 0x00000007c0000000)
  eden space 65024K, 0% used [0x000000076bb80000,0x000000076bb80000,0x000000076fb00000)
  from space 10752K, 10% used [0x000000076fb00000,0x000000076fc18020,0x0000000770580000)
  to   space 10752K, 0% used [0x0000000770580000,0x0000000770580000,0x0000000771000000)
 ParOldGen       total 173568K, used 8K [0x00000006c3200000, 0x00000006cdb80000, 0x000000076bb80000)
  object space 173568K, 0% used [0x00000006c3200000,0x00000006c3202000,0x00000006cdb80000)
 Metaspace       used 7020K, capacity 7208K, committed 7424K, reserved 1056768K
  class space    used 844K, capacity 902K, committed 1024K, reserved 1048576K
Event: 5.891 GC heap after
Heap after GC invocations=2 (full 1):
 PSYoungGen      total 75776K, used 0K [0x000000076bb80000, 0x0000000771000000, 0x00000007c0000000)
  eden space 65024K, 0% used [0x000000076bb80000,0x000000076bb80000,0x000000076fb00000)
  from space 10752K, 0% used [0x000000076fb00000,0x000000076fb00000,0x0000000770580000)
  to   space 10752K, 0% used [0x0000000770580000,0x0000000770580000,0x0000000771000000)
 ParOldGen       total 173568K, used 998K [0x00000006c3200000, 0x00000006cdb80000, 0x000000076bb80000)
  object space 173568K, 0% used [0x00000006c3200000,0x00000006c32f99d8,0x00000006cdb80000)
 Metaspace       used 7020K, capacity 7208K, committed 7424K, reserved 1056768K
  class space    used 844K, capacity 902K, committed 1024K, reserved 1048576K
}
Event: 23.332 GC heap before
{Heap before GC invocations=3 (full 1):
 PSYoungGen      total 75776K, used 65024K [0x000000076bb80000, 0x0000000771000000, 0x00000007c0000000)
  eden space 65024K, 100% used [0x000000076bb80000,0x000000076fb00000,0x000000076fb00000)
  from space 10752K, 0% used [0x000000076fb00000,0x000000076fb00000,0x0000000770580000)
  to   space 10752K, 0% used [0x0000000770580000,0x0000000770580000,0x0000000771000000)
 ParOldGen       total 173568K, used 998K [0x00000006c3200000, 0x00000006cdb80000, 0x000000076bb80000)
  object space 173568K, 0% used [0x00000006c3200000,0x00000006c32f99d8,0x00000006cdb80000)
 Metaspace       used 13941K, capacity 14304K, committed 14336K, reserved 1062912K
  class space    used 1679K, capacity 1790K, committed 1792K, reserved 1048576K
Event: 23.365 GC heap after
Heap after GC invocations=3 (full 1):
 PSYoungGen      total 75776K, used 6736K [0x000000076bb80000, 0x0000000771000000, 0x00000007c0000000)
  eden space 65024K, 0% used [0x000000076bb80000,0x000000076bb80000,0x000000076fb00000)
  from space 10752K, 62% used [0x0000000770580000,0x0000000770c14010,0x0000000771000000)
  to   space 10752K, 0% used [0x000000076fb00000,0x000000076fb00000,0x0000000770580000)
 ParOldGen       total 173568K, used 1070K [0x00000006c3200000, 0x00000006cdb80000, 0x000000076bb80000)
  object space 173568K, 0% used [0x00000006c3200000,0x00000006c330b9e8,0x00000006cdb80000)
 Metaspace       used 13941K, capacity 14304K, committed 14336K, reserved 1062912K
  class space    used 1679K, capacity 1790K, committed 1792K, reserved 1048576K
}
Event: 37.876 GC heap before
{Heap before GC invocations=4 (full 1):
 PSYoungGen      total 75776K, used 71760K [0x000000076bb80000, 0x0000000771000000, 0x00000007c0000000)
  eden space 65024K, 100% used [0x000000076bb80000,0x000000076fb00000,0x000000076fb00000)
  from space 10752K, 62% used [0x0000000770580000,0x0000000770c14010,0x0000000771000000)
  to   space 10752K, 0% used [0x000000076fb00000,0x000000076fb00000,0x0000000770580000)
 ParOldGen       total 173568K, used 1070K [0x00000006c3200000, 0x00000006cdb80000, 0x000000076bb80000)
  object space 173568K, 0% used [0x00000006c3200000,0x00000006c330b9e8,0x00000006cdb80000)
 Metaspace       used 14266K, capacity 14624K, committed 14848K, reserved 1062912K
  class space    used 1679K, capacity 1790K, committed 1792K, reserved 1048576K
Event: 37.970 GC heap after
Heap after GC invocations=4 (full 1):
 PSYoungGen      total 75776K, used 7584K [0x000000076bb80000, 0x0000000771000000, 0x00000007c0000000)
  eden space 65024K, 0% used [0x000000076bb80000,0x000000076bb80000,0x000000076fb00000)
  from space 10752K, 70% used [0x000000076fb00000,0x0000000770268020,0x0000000770580000)
  to   space 10752K, 0% used [0x0000000770580000,0x0000000770580000,0x0000000771000000)
 ParOldGen       total 173568K, used 1086K [0x00000006c3200000, 0x00000006cdb80000, 0x000000076bb80000)
  object space 173568K, 0% used [0x00000006c3200000,0x00000006c330f9e8,0x00000006cdb80000)
 Metaspace       used 14266K, capacity 14624K, committed 14848K, reserved 1062912K
  class space    used 1679K, capacity 1790K, committed 1792K, reserved 1048576K
}

Deoptimization events (10 events):
Event: 33.832 Thread 0x00000197ee521000 Uncommon trap: reason=class_check action=maybe_recompile pc=0x00000197f0407940 method=java.util.LinkedHashMap.afterNodeInsertion(Z)V @ 15
Event: 33.833 Thread 0x00000197ee521000 Uncommon trap: reason=class_check action=maybe_recompile pc=0x00000197f0407940 method=java.util.LinkedHashMap.afterNodeInsertion(Z)V @ 15
Event: 35.377 Thread 0x00000197ee521000 Uncommon trap: reason=predicate action=maybe_recompile pc=0x00000197f097fcf4 method=java.util.AbstractCollection.toArray([Ljava/lang/Object;)[Ljava/lang/Object; @ 49
Event: 35.572 Thread 0x00000197ee521000 Uncommon trap: reason=bimorphic action=maybe_recompile pc=0x00000197f07b2ea0 method=java.util.HashMap.removeNode(ILjava/lang/Object;Ljava/lang/Object;ZZ)Ljava/util/HashMap$Node; @ 283
Event: 35.572 Thread 0x00000197ee521000 Uncommon trap: reason=bimorphic action=maybe_recompile pc=0x00000197f07b2ea0 method=java.util.HashMap.removeNode(ILjava/lang/Object;Ljava/lang/Object;ZZ)Ljava/util/HashMap$Node; @ 283
Event: 37.379 Thread 0x00000197ee521000 Uncommon trap: reason=array_check action=maybe_recompile pc=0x00000197f09cad38 method=java.util.AbstractCollection.toArray([Ljava/lang/Object;)[Ljava/lang/Object; @ 119
Event: 37.492 Thread 0x00000197ee521000 Uncommon trap: reason=array_check action=maybe_recompile pc=0x00000197f09cad38 method=java.util.AbstractCollection.toArray([Ljava/lang/Object;)[Ljava/lang/Object; @ 119
Event: 37.564 Thread 0x00000197ee521000 Uncommon trap: reason=array_check action=maybe_recompile pc=0x00000197f09cad38 method=java.util.AbstractCollection.toArray([Ljava/lang/Object;)[Ljava/lang/Object; @ 119
Event: 37.644 Thread 0x00000197ee521000 Uncommon trap: reason=array_check action=maybe_recompile pc=0x00000197f09cad38 method=java.util.AbstractCollection.toArray([Ljava/lang/Object;)[Ljava/lang/Object; @ 119
Event: 38.855 Thread 0x00000197ee521000 Uncommon trap: reason=unstable_if action=reinterpret pc=0x00000197f086cbe0 method=java.lang.CharacterDataLatin1.digit(II)I @ 82

Classes redefined (0 events):
No events

Internal exceptions (10 events):
Event: 41.887 Thread 0x00000197ee521000 Exception <a 'java/lang/ClassNotFoundException': com/sun/org/glassfish/hk2/osgiresourcelocator/ServiceLoader> (0x000000076cad66a8) thrown at [C:\jenkins\workspace\8-2-build-windows-amd64-cygwin\jdk8u261\295\hotspot\src\share\vm\classfile\systemDictionary.
Event: 41.892 Thread 0x00000197ee521000 Exception <a 'java/lang/ClassNotFoundException': javax/servlet/ServletContext> (0x000000076cb2bc80) thrown at [C:\jenkins\workspace\8-2-build-windows-amd64-cygwin\jdk8u261\295\hotspot\src\share\vm\classfile\systemDictionary.cpp, line 210]
Event: 42.003 Thread 0x00000197ee521000 Exception <a 'java/lang/ClassNotFoundException': com/sun/org/glassfish/hk2/osgiresourcelocator/ServiceLoader> (0x000000076cb4e130) thrown at [C:\jenkins\workspace\8-2-build-windows-amd64-cygwin\jdk8u261\295\hotspot\src\share\vm\classfile\systemDictionary.
Event: 42.009 Thread 0x00000197ee521000 Exception <a 'java/lang/ClassNotFoundException': javax/servlet/ServletContext> (0x000000076cba36b0) thrown at [C:\jenkins\workspace\8-2-build-windows-amd64-cygwin\jdk8u261\295\hotspot\src\share\vm\classfile\systemDictionary.cpp, line 210]
Event: 42.166 Thread 0x00000197ee521000 Exception <a 'java/lang/ClassNotFoundException': com/sun/org/glassfish/hk2/osgiresourcelocator/ServiceLoader> (0x000000076cbc57f8) thrown at [C:\jenkins\workspace\8-2-build-windows-amd64-cygwin\jdk8u261\295\hotspot\src\share\vm\classfile\systemDictionary.
Event: 42.174 Thread 0x00000197ee521000 Exception <a 'java/lang/ClassNotFoundException': javax/servlet/ServletContext> (0x000000076cc1ad78) thrown at [C:\jenkins\workspace\8-2-build-windows-amd64-cygwin\jdk8u261\295\hotspot\src\share\vm\classfile\systemDictionary.cpp, line 210]
Event: 42.293 Thread 0x00000197ee521000 Exception <a 'java/lang/ClassNotFoundException': com/sun/org/glassfish/hk2/osgiresourcelocator/ServiceLoader> (0x000000076cc3d228) thrown at [C:\jenkins\workspace\8-2-build-windows-amd64-cygwin\jdk8u261\295\hotspot\src\share\vm\classfile\systemDictionary.
Event: 42.297 Thread 0x00000197ee521000 Exception <a 'java/lang/ClassNotFoundException': javax/servlet/ServletContext> (0x000000076cc927c0) thrown at [C:\jenkins\workspace\8-2-build-windows-amd64-cygwin\jdk8u261\295\hotspot\src\share\vm\classfile\systemDictionary.cpp, line 210]
Event: 42.567 Thread 0x00000197ee521000 Exception <a 'java/lang/ClassNotFoundException': com/sun/org/glassfish/hk2/osgiresourcelocator/ServiceLoader> (0x000000076ccb4978) thrown at [C:\jenkins\workspace\8-2-build-windows-amd64-cygwin\jdk8u261\295\hotspot\src\share\vm\classfile\systemDictionary.
Event: 42.577 Thread 0x00000197ee521000 Exception <a 'java/lang/ClassNotFoundException': javax/servlet/ServletContext> (0x000000076cd09ef8) thrown at [C:\jenkins\workspace\8-2-build-windows-amd64-cygwin\jdk8u261\295\hotspot\src\share\vm\classfile\systemDictionary.cpp, line 210]

Events (10 events):
Event: 42.174 loading class javax/servlet/ServletContext
Event: 42.174 loading class javax/servlet/ServletContext done
Event: 42.293 loading class com/sun/org/glassfish/hk2/osgiresourcelocator/ServiceLoader
Event: 42.293 loading class com/sun/org/glassfish/hk2/osgiresourcelocator/ServiceLoader done
Event: 42.297 loading class javax/servlet/ServletContext
Event: 42.297 loading class javax/servlet/ServletContext done
Event: 42.567 loading class com/sun/org/glassfish/hk2/osgiresourcelocator/ServiceLoader
Event: 42.567 loading class com/sun/org/glassfish/hk2/osgiresourcelocator/ServiceLoader done
Event: 42.577 loading class javax/servlet/ServletContext
Event: 42.577 loading class javax/servlet/ServletContext done


Dynamic libraries:
0x00007ff79bf70000 - 0x00007ff79bfb7000 	C:\Program Files\Java\jre1.8.0_261\bin\java.exe
0x00007ffc39490000 - 0x00007ffc39686000 	C:\WINDOWS\SYSTEM32\ntdll.dll
0x00007ffc37bb0000 - 0x00007ffc37c6d000 	C:\WINDOWS\System32\KERNEL32.DLL
0x00007ffc36f20000 - 0x00007ffc371e9000 	C:\WINDOWS\System32\KERNELBASE.dll
0x00007ffc39370000 - 0x00007ffc3941c000 	C:\WINDOWS\System32\ADVAPI32.dll
0x00007ffc37a30000 - 0x00007ffc37ace000 	C:\WINDOWS\System32\msvcrt.dll
0x00007ffc37d30000 - 0x00007ffc37dcc000 	C:\WINDOWS\System32\sechost.dll
0x00007ffc39240000 - 0x00007ffc3936b000 	C:\WINDOWS\System32\RPCRT4.dll
0x00007ffc37890000 - 0x00007ffc37a30000 	C:\WINDOWS\System32\USER32.dll
0x00007ffc37380000 - 0x00007ffc373a2000 	C:\WINDOWS\System32\win32u.dll
0x00007ffc38cf0000 - 0x00007ffc38d1a000 	C:\WINDOWS\System32\GDI32.dll
0x00007ffc36c20000 - 0x00007ffc36d29000 	C:\WINDOWS\System32\gdi32full.dll
0x00007ffc36e80000 - 0x00007ffc36f1d000 	C:\WINDOWS\System32\msvcp_win.dll
0x00007ffc36d30000 - 0x00007ffc36e30000 	C:\WINDOWS\System32\ucrtbase.dll
0x00007ffc1bde0000 - 0x00007ffc1c07b000 	C:\WINDOWS\WinSxS\amd64_microsoft.windows.common-controls_6595b64144ccf1df_6.0.19041.488_none_ca04af081b815d21\COMCTL32.dll
0x00007ffc37dd0000 - 0x00007ffc37e00000 	C:\WINDOWS\System32\IMM32.DLL
0x00007ffc031b0000 - 0x00007ffc031c5000 	C:\Program Files\Java\jre1.8.0_261\bin\vcruntime140.dll
0x00007ffbfc2a0000 - 0x00007ffbfc33b000 	C:\Program Files\Java\jre1.8.0_261\bin\msvcp140.dll
0x000000005bec0000 - 0x000000005c72c000 	C:\Program Files\Java\jre1.8.0_261\bin\server\jvm.dll
0x00007ffc37530000 - 0x00007ffc37538000 	C:\WINDOWS\System32\PSAPI.DLL
0x00007ffc1e2e0000 - 0x00007ffc1e2e9000 	C:\WINDOWS\SYSTEM32\WSOCK32.dll
0x00007ffc38c80000 - 0x00007ffc38ceb000 	C:\WINDOWS\System32\WS2_32.dll
0x00007ffc35a30000 - 0x00007ffc35a3a000 	C:\WINDOWS\SYSTEM32\VERSION.dll
0x00007ffc1eae0000 - 0x00007ffc1eb07000 	C:\WINDOWS\SYSTEM32\WINMM.dll
0x00007ffc359f0000 - 0x00007ffc35a02000 	C:\WINDOWS\SYSTEM32\kernel.appcore.dll
0x00007ffc32ec0000 - 0x00007ffc32ed0000 	C:\Program Files\Java\jre1.8.0_261\bin\verify.dll
0x00007ffbff830000 - 0x00007ffbff85b000 	C:\Program Files\Java\jre1.8.0_261\bin\java.dll
0x00007ffc02000000 - 0x00007ffc02018000 	C:\Program Files\Java\jre1.8.0_261\bin\zip.dll
0x00007ffc38530000 - 0x00007ffc38c72000 	C:\WINDOWS\System32\SHELL32.dll
0x00007ffc35250000 - 0x00007ffc359e5000 	C:\WINDOWS\SYSTEM32\windows.storage.dll
0x00007ffc38ed0000 - 0x00007ffc39226000 	C:\WINDOWS\System32\combase.dll
0x00007ffc36610000 - 0x00007ffc3663c000 	C:\WINDOWS\SYSTEM32\Wldp.dll
0x00007ffc37e00000 - 0x00007ffc37eae000 	C:\WINDOWS\System32\SHCORE.dll
0x00007ffc38060000 - 0x00007ffc380b5000 	C:\WINDOWS\System32\shlwapi.dll
0x00007ffc36ad0000 - 0x00007ffc36af6000 	C:\WINDOWS\SYSTEM32\profapi.dll
0x00007ffc36560000 - 0x00007ffc36578000 	C:\WINDOWS\SYSTEM32\CRYPTSP.dll
0x00007ffc35cb0000 - 0x00007ffc35ce4000 	C:\WINDOWS\system32\rsaenh.dll
0x00007ffc37350000 - 0x00007ffc37377000 	C:\WINDOWS\System32\bcrypt.dll
0x00007ffc36a90000 - 0x00007ffc36abe000 	C:\WINDOWS\SYSTEM32\USERENV.dll
0x00007ffc36ba0000 - 0x00007ffc36c20000 	C:\WINDOWS\System32\bcryptprimitives.dll
0x00007ffc36580000 - 0x00007ffc3658c000 	C:\WINDOWS\SYSTEM32\CRYPTBASE.dll
0x00007ffc00850000 - 0x00007ffc0086c000 	C:\Program Files\Java\jre1.8.0_261\bin\net.dll
0x00007ffc36390000 - 0x00007ffc363fa000 	C:\WINDOWS\system32\mswsock.dll
0x00007ffc36030000 - 0x00007ffc3606b000 	C:\WINDOWS\SYSTEM32\IPHLPAPI.DLL
0x00007ffc39230000 - 0x00007ffc39238000 	C:\WINDOWS\System32\NSI.dll
0x00007ffc2f1e0000 - 0x00007ffc2f1f7000 	C:\WINDOWS\SYSTEM32\dhcpcsvc6.DLL
0x00007ffc2f150000 - 0x00007ffc2f16d000 	C:\WINDOWS\SYSTEM32\dhcpcsvc.DLL
0x00007ffc36070000 - 0x00007ffc3613b000 	C:\WINDOWS\SYSTEM32\DNSAPI.dll
0x00007ffbffdb0000 - 0x00007ffbffdc3000 	C:\Program Files\Java\jre1.8.0_261\bin\nio.dll
0x00007ffc1e2c0000 - 0x00007ffc1e2d7000 	C:\WINDOWS\system32\napinsp.dll
0x00007ffc1e280000 - 0x00007ffc1e29b000 	C:\WINDOWS\system32\pnrpnsp.dll
0x00007ffc30fa0000 - 0x00007ffc30fb5000 	C:\WINDOWS\system32\wshbth.dll
0x00007ffc32130000 - 0x00007ffc3214d000 	C:\WINDOWS\system32\NLAapi.dll
0x00007ffc1ba40000 - 0x00007ffc1ba52000 	C:\WINDOWS\System32\winrnr.dll
0x00007ffc2e4d0000 - 0x00007ffc2e4da000 	C:\Windows\System32\rasadhlp.dll
0x00007ffc2c590000 - 0x00007ffc2c60f000 	C:\WINDOWS\System32\fwpuclnt.dll

VM Arguments:
jvm_args: -Djava.rmi.server.codebase=file:D:\Universidad\SistemasDeComercio\SimpleRMIAutonomo\SimpleRMIAutonomo\tstPagoOnline.jar 
java_command: D:\Universidad\SistemasDeComercio\SimpleRMIAutonomo\SimpleRMIAutonomo\tstPagoOnline.jar tstpagoonline.Cliente localhost 200
java_class_path (initial): D:\Universidad\SistemasDeComercio\SimpleRMIAutonomo\SimpleRMIAutonomo\tstPagoOnline.jar
Launcher Type: SUN_STANDARD

Environment Variables:
JAVA_HOME=C:\Program Files\Java\jdk1.8.0_111
CLASSPATH=.;C:\Program Files\Java\jre1.8.0_261;
PATH=C:\Program Files\Java\jre1.8.0_261\bin;C:\Program Files (x86)\Common Files\Oracle\Java\javapath;C:\Program Files\Java\jdk-13.0.2\bin;C:\Windows\system32;C:\Windows;C:\Windows\System32\Wbem;C:\Windows\System32\WindowsPowerShell\v1.0\;C:\Windows\System32\OpenSSH\;C:\Program Files (x86)\NVIDIA Corporation\PhysX\Common;C:\Program Files\MATLAB\R2018a\runtime\win64;C:\Program Files\MATLAB\R2018a\bin;C:\Program Files\NVIDIA Corporation\NVIDIA NvDLISR;C:\Program Files\dotnet\;C:\Program Files\Microsoft SQL Server\130\Tools\Binn\;C:\Program Files\Intel\WiFi\bin\;C:\Program Files\Common Files\Intel\WirelessCommon\;C:\WINDOWS\system32;C:\WINDOWS;C:\WINDOWS\System32\Wbem;C:\WINDOWS\System32\WindowsPowerShell\v1.0\;C:\WINDOWS\System32\OpenSSH\;D:\Perforce;D:\Matlab\runtime\win64;D:\Matlab\bin;D:\PuTTY\;C:\ProgramData\chocolatey\bin;D:\Git\cmd;;D:\AOMEI Backupper;C:\Program Files (x86)\Intel\Intel(R) Management Engine Components\DAL;C:\Program Files\Intel\Intel(R) Management Engine Components\DAL;C:\Program Files\Java\jdk1.8.0_111\bin;C:\Users\Polupero\AppData\Local\Microsoft\WindowsApps;C:\Users\Polupero\AppData\Local\GitHubDesktop\bin
USERNAME=Polupero
OS=Windows_NT
PROCESSOR_IDENTIFIER=Intel64 Family 6 Model 158 Stepping 10, GenuineIntel



---------------  S Y S T E M  ---------------

OS: Windows 10.0 , 64 bit Build 19041 (10.0.19041.662)

CPU:total 12 (initial active 12) (6 cores per cpu, 2 threads per core) family 6 model 158 stepping 10, cmov, cx8, fxsr, mmx, sse, sse2, sse3, ssse3, sse4.1, sse4.2, popcnt, avx, avx2, aes, clmul, erms, 3dnowpref, lzcnt, ht, tsc, tscinvbit, bmi1, bmi2, adx

Memory: 4k page, physical 16566556k(1817768k free), swap 30173336k(2244k free)

vm_info: Java HotSpot(TM) 64-Bit Server VM (25.261-b12) for windows-amd64 JRE (1.8.0_261-b12), built on Jun 18 2020 06:56:32 by "" with unknown MS VC++:1916

time: Sun Dec 13 18:59:46 2020
timezone: Hora estándar central (México)
elapsed time: 42 seconds (0d 0h 0m 42s)

