#
# There is insufficient memory for the Java Runtime Environment to continue.
# Native memory allocation (malloc) failed to allocate 1048576 bytes for AllocateHeap
# Possible reasons:
#   The system is out of physical RAM or swap space
#   The process is running with CompressedOops enabled, and the Java Heap may be blocking the growth of the native heap
# Possible solutions:
#   Reduce memory load on the system
#   Increase physical memory or swap space
#   Check if swap backing store is full
#   Decrease Java heap size (-Xmx/-Xms)
#   Decrease number of Java threads
#   Decrease Java thread stack sizes (-Xss)
#   Set larger code cache with -XX:ReservedCodeCacheSize=
#   JVM is running with Zero Based Compressed Oops mode in which the Java heap is
#     placed in the first 32GB address space. The Java Heap base address is the
#     maximum limit for the native heap growth. Please use -XX:HeapBaseMinAddress
#     to set the Java Heap base and to place the Java Heap above 32GB virtual address.
# This output file may be truncated or incomplete.
#
#  Out of Memory Error (memory/allocation.inline.hpp:61), pid=20392, tid=0x00000000000042d0
#
# JRE version:  (8.0_261-b12) (build )
# Java VM: Java HotSpot(TM) 64-Bit Server VM (25.261-b12 mixed mode windows-amd64 compressed oops)
# Failed to write core dump. Minidumps are not enabled by default on client versions of Windows
#

---------------  T H R E A D  ---------------

Current thread (0x0000022366221000):  JavaThread "Unknown thread" [_thread_in_vm, id=17104, stack(0x000000f7e1300000,0x000000f7e1400000)]

Stack: [0x000000f7e1300000,0x000000f7e1400000]
Native frames: (J=compiled Java code, j=interpreted, Vv=VM code, C=native code)
V  [jvm.dll+0x33e5f9]
V  [jvm.dll+0x2850e2]
V  [jvm.dll+0x285d8d]
V  [jvm.dll+0x27c895]
V  [jvm.dll+0x1565d]
V  [jvm.dll+0x3d87f8]
V  [jvm.dll+0x3d94ea]
V  [jvm.dll+0x3d5557]
V  [jvm.dll+0x10c61f]
V  [jvm.dll+0x21a00b]
V  [jvm.dll+0x248687]
V  [jvm.dll+0x172116]
C  [java.exe+0x2312]
C  [java.exe+0x15f64]
C  [KERNEL32.DLL+0x17034]
C  [ntdll.dll+0x4cec1]


---------------  P R O C E S S  ---------------

Java Threads: ( => current thread )

Other Threads:

=>0x0000022366221000 (exited) JavaThread "Unknown thread" [_thread_in_vm, id=17104, stack(0x000000f7e1300000,0x000000f7e1400000)]

VM state:not at safepoint (normal execution)

VM Mutex/Monitor currently owned by a thread: None

heap address: 0x00000006c3200000, size: 4046 MB, Compressed Oops mode: Zero based, Oop shift amount: 3
Narrow klass base: 0x0000000000000000, Narrow klass shift: 3
Compressed class space size: 1073741824 Address: 0x00000007c0000000

Heap:
 PSYoungGen      total 75776K, used 1300K [0x000000076bb80000, 0x0000000771000000, 0x00000007c0000000)
  eden space 65024K, 2% used [0x000000076bb80000,0x000000076bcc51f8,0x000000076fb00000)
  from space 10752K, 0% used [0x0000000770580000,0x0000000770580000,0x0000000771000000)
  to   space 10752K, 0% used [0x000000076fb00000,0x000000076fb00000,0x0000000770580000)
 ParOldGen       total 173568K, used 0K [0x00000006c3200000, 0x00000006cdb80000, 0x000000076bb80000)
  object space 173568K, 0% used [0x00000006c3200000,0x00000006c3200000,0x00000006cdb80000)
 Metaspace       used 752K, capacity 4480K, committed 4480K, reserved 1056768K
  class space    used 76K, capacity 384K, committed 384K, reserved 1048576K

Card table byte_map: [0x0000022376fd0000,0x00000223777c0000] byte_map_base: 0x00000223739b7000

Marking Bits: (ParMarkBitMap*) 0x0000000062724fb0
 Begin Bits: [0x0000022377d10000, 0x000002237bc48000)
 End Bits:   [0x000002237bc48000, 0x000002237fb80000)

Polling page: 0x0000022366430000

CodeCache: size=245760Kb used=328Kb max_used=328Kb free=245431Kb
 bounds [0x0000022367c10000, 0x0000022367e80000, 0x0000022376c10000]
 total_blobs=58 nmethods=0 adapters=38
 compilation: enabled

Compilation events (0 events):
No events

GC Heap History (0 events):
No events

Deoptimization events (0 events):
No events

Classes redefined (0 events):
No events

Internal exceptions (0 events):
No events

Events (10 events):
Event: 0.081 loading class java/lang/Short
Event: 0.081 loading class java/lang/Short done
Event: 0.081 loading class java/lang/Integer
Event: 0.081 loading class java/lang/Integer done
Event: 0.081 loading class java/lang/Long
Event: 0.082 loading class java/lang/Long done
Event: 0.083 loading class java/lang/NullPointerException
Event: 0.083 loading class java/lang/NullPointerException done
Event: 0.083 loading class java/lang/ArithmeticException
Event: 0.083 loading class java/lang/ArithmeticException done


Dynamic libraries:
0x00007ff6264c0000 - 0x00007ff626507000 	C:\Program Files\Java\jre1.8.0_261\bin\java.exe
0x00007ffe6c350000 - 0x00007ffe6c546000 	C:\WINDOWS\SYSTEM32\ntdll.dll
0x00007ffe6bcb0000 - 0x00007ffe6bd6d000 	C:\WINDOWS\System32\KERNEL32.DLL
0x00007ffe69e30000 - 0x00007ffe6a0f8000 	C:\WINDOWS\System32\KERNELBASE.dll
0x00007ffe6bad0000 - 0x00007ffe6bb7c000 	C:\WINDOWS\System32\ADVAPI32.dll
0x00007ffe6a380000 - 0x00007ffe6a41e000 	C:\WINDOWS\System32\msvcrt.dll
0x00007ffe6a930000 - 0x00007ffe6a9cb000 	C:\WINDOWS\System32\sechost.dll
0x00007ffe6bf30000 - 0x00007ffe6c054000 	C:\WINDOWS\System32\RPCRT4.dll
0x00007ffe6c060000 - 0x00007ffe6c200000 	C:\WINDOWS\System32\USER32.dll
0x00007ffe69db0000 - 0x00007ffe69dd2000 	C:\WINDOWS\System32\win32u.dll
0x00007ffe6baa0000 - 0x00007ffe6baca000 	C:\WINDOWS\System32\GDI32.dll
0x00007ffe69ca0000 - 0x00007ffe69da9000 	C:\WINDOWS\System32\gdi32full.dll
0x00007ffe6a160000 - 0x00007ffe6a1fd000 	C:\WINDOWS\System32\msvcp_win.dll
0x00007ffe6a280000 - 0x00007ffe6a380000 	C:\WINDOWS\System32\ucrtbase.dll
0x00007ffe575a0000 - 0x00007ffe5783b000 	C:\WINDOWS\WinSxS\amd64_microsoft.windows.common-controls_6595b64144ccf1df_6.0.19041.488_none_ca04af081b815d21\COMCTL32.dll
0x00007ffe6bef0000 - 0x00007ffe6bf20000 	C:\WINDOWS\System32\IMM32.DLL
0x00007ffe405d0000 - 0x00007ffe405e5000 	C:\Program Files\Java\jre1.8.0_261\bin\vcruntime140.dll
0x00007ffe28d50000 - 0x00007ffe28deb000 	C:\Program Files\Java\jre1.8.0_261\bin\msvcp140.dll
0x0000000061f30000 - 0x000000006279c000 	C:\Program Files\Java\jre1.8.0_261\bin\server\jvm.dll
0x00007ffe6bf20000 - 0x00007ffe6bf28000 	C:\WINDOWS\System32\PSAPI.DLL
0x00007ffe4f0f0000 - 0x00007ffe4f0f9000 	C:\WINDOWS\SYSTEM32\WSOCK32.dll
0x00007ffe6c210000 - 0x00007ffe6c27b000 	C:\WINDOWS\System32\WS2_32.dll
0x00007ffe604a0000 - 0x00007ffe604c7000 	C:\WINDOWS\SYSTEM32\WINMM.dll
0x00007ffe688f0000 - 0x00007ffe688fa000 	C:\WINDOWS\SYSTEM32\VERSION.dll
0x00007ffe688b0000 - 0x00007ffe688c2000 	C:\WINDOWS\SYSTEM32\kernel.appcore.dll
0x00007ffe65030000 - 0x00007ffe65040000 	C:\Program Files\Java\jre1.8.0_261\bin\verify.dll
0x00007ffe3ede0000 - 0x00007ffe3ee0b000 	C:\Program Files\Java\jre1.8.0_261\bin\java.dll
0x00007ffe3ed00000 - 0x00007ffe3ed18000 	C:\Program Files\Java\jre1.8.0_261\bin\zip.dll
0x00007ffe67710000 - 0x00007ffe678f4000 	C:\WINDOWS\SYSTEM32\dbghelp.dll
0x00007ffe6a200000 - 0x00007ffe6a27f000 	C:\WINDOWS\System32\bcryptPrimitives.dll

VM Arguments:
jvm_args: -Djava.rmi.server.codebase=file:D:\Universidad\SistemasDeComercio\SimpleRMIAutonomo\SimpleRMIAutonomo\tstGeneral.jar 
java_command: D:\Universidad\SistemasDeComercio\SimpleRMIAutonomo\SimpleRMIAutonomo\tstGeneral.jar tstgeneral.Cliente localhost 200
java_class_path (initial): D:\Universidad\SistemasDeComercio\SimpleRMIAutonomo\SimpleRMIAutonomo\tstGeneral.jar
Launcher Type: SUN_STANDARD

Environment Variables:
JAVA_HOME=C:\Program Files\Java\jdk1.8.0_111
CLASSPATH=.;C:\Program Files\Java\jre1.8.0_261;
PATH=C:\Program Files\Java\jre1.8.0_261\bin;C:\Program Files (x86)\Common Files\Oracle\Java\javapath;C:\Program Files\Java\jdk-13.0.2\bin;C:\Windows\system32;C:\Windows;C:\Windows\System32\Wbem;C:\Windows\System32\WindowsPowerShell\v1.0\;C:\Windows\System32\OpenSSH\;C:\Program Files (x86)\NVIDIA Corporation\PhysX\Common;C:\Program Files\MATLAB\R2018a\runtime\win64;C:\Program Files\MATLAB\R2018a\bin;C:\Program Files\NVIDIA Corporation\NVIDIA NvDLISR;C:\Program Files\dotnet\;C:\Program Files\Microsoft SQL Server\130\Tools\Binn\;C:\Program Files\Intel\WiFi\bin\;C:\Program Files\Common Files\Intel\WirelessCommon\;C:\WINDOWS\system32;C:\WINDOWS;C:\WINDOWS\System32\Wbem;C:\WINDOWS\System32\WindowsPowerShell\v1.0\;C:\WINDOWS\System32\OpenSSH\;D:\Perforce;D:\Matlab\runtime\win64;D:\Matlab\bin;D:\PuTTY\;C:\ProgramData\chocolatey\bin;D:\Git\cmd;;D:\AOMEI Backupper;C:\Program Files (x86)\Intel\Intel(R) Management Engine Components\DAL;C:\Program Files\Intel\Intel(R) Management Engine Components\DAL;C:\Program Files\Java\jdk1.8.0_111\bin;C:\Users\Polupero\AppData\Local\Microsoft\WindowsApps;C:\Users\Polupero\AppData\Local\GitHubDesktop\bin
USERNAME=Polupero
OS=Windows_NT
PROCESSOR_IDENTIFIER=Intel64 Family 6 Model 158 Stepping 10, GenuineIntel



---------------  S Y S T E M  ---------------

OS: Windows 10.0 , 64 bit Build 19041 (10.0.19041.546)

CPU:total 12 (initial active 12) (6 cores per cpu, 2 threads per core) family 6 model 158 stepping 10, cmov, cx8, fxsr, mmx, sse, sse2, sse3, ssse3, sse4.1, sse4.2, popcnt, avx, avx2, aes, clmul, erms, 3dnowpref, lzcnt, ht, tsc, tscinvbit, bmi1, bmi2, adx

Memory: 4k page, physical 16566556k(3864256k free), swap 30173336k(35100k free)

vm_info: Java HotSpot(TM) 64-Bit Server VM (25.261-b12) for windows-amd64 JRE (1.8.0_261-b12), built on Jun 18 2020 06:56:32 by "" with unknown MS VC++:1916

time: Tue Dec  1 11:21:44 2020
timezone: Hora estándar central (México)
elapsed time: 0 seconds (0d 0h 0m 0s)

