#
# There is insufficient memory for the Java Runtime Environment to continue.
# Native memory allocation (malloc) failed to allocate 727248 bytes for Chunk::new
# Possible reasons:
#   The system is out of physical RAM or swap space
#   The process is running with CompressedOops enabled, and the Java Heap may be blocking the growth of the native heap
# Possible solutions:
#   Reduce memory load on the system
#   Increase physical memory or swap space
#   Check if swap backing store is full
#   Decrease Java heap size (-Xmx/-Xms)
#   Decrease number of Java threads
#   Decrease Java thread stack sizes (-Xss)
#   Set larger code cache with -XX:ReservedCodeCacheSize=
#   JVM is running with Zero Based Compressed Oops mode in which the Java heap is
#     placed in the first 32GB address space. The Java Heap base address is the
#     maximum limit for the native heap growth. Please use -XX:HeapBaseMinAddress
#     to set the Java Heap base and to place the Java Heap above 32GB virtual address.
# This output file may be truncated or incomplete.
#
#  Out of Memory Error (allocation.cpp:389), pid=25404, tid=0x00000000000030e4
#
# JRE version: Java(TM) SE Runtime Environment (8.0_261-b12) (build 1.8.0_261-b12)
# Java VM: Java HotSpot(TM) 64-Bit Server VM (25.261-b12 mixed mode windows-amd64 compressed oops)
# Failed to write core dump. Minidumps are not enabled by default on client versions of Windows
#

---------------  T H R E A D  ---------------

Current thread (0x000001da40126800):  JavaThread "C2 CompilerThread0" daemon [_thread_in_native, id=12516, stack(0x0000009572400000,0x0000009572500000)]

Stack: [0x0000009572400000,0x0000009572500000]
Native frames: (J=compiled Java code, j=interpreted, Vv=VM code, C=native code)
V  [jvm.dll+0x33e5f9]
V  [jvm.dll+0x2850e2]
V  [jvm.dll+0x285d8d]
V  [jvm.dll+0x27c895]
V  [jvm.dll+0xe4d6c]
V  [jvm.dll+0xe556c]
V  [jvm.dll+0x4c5aa7]
V  [jvm.dll+0x4c4a0e]
V  [jvm.dll+0x44f6fe]
V  [jvm.dll+0x44ecb5]
V  [jvm.dll+0x439bc7]
V  [jvm.dll+0xbbbcb]
V  [jvm.dll+0xba22b]
V  [jvm.dll+0x24d962]
V  [jvm.dll+0x2a1cfc]
C  [ucrtbase.dll+0x214c2]
C  [KERNEL32.DLL+0x17034]
C  [ntdll.dll+0x4d0d1]


Current CompileTask:
C2:  23557 2735       4       com.sun.xml.internal.bind.v2.model.impl.PropertyInfoImpl::getApplicableAdapter (201 bytes)


---------------  P R O C E S S  ---------------

Java Threads: ( => current thread )
  0x000001da41987800 JavaThread "Keep-Alive-Timer" daemon [_thread_blocked, id=12592, stack(0x0000009572d00000,0x0000009572e00000)]
  0x000001da420a7000 JavaThread "GC Daemon" daemon [_thread_blocked, id=19760, stack(0x0000009572c00000,0x0000009572d00000)]
  0x000001da420a6000 JavaThread "RMI RenewClean-[192.168.56.1:59084]" daemon [_thread_blocked, id=16216, stack(0x0000009572b00000,0x0000009572c00000)]
  0x000001da420a5800 JavaThread "RMI Scheduler(0)" daemon [_thread_blocked, id=12472, stack(0x0000009572a00000,0x0000009572b00000)]
  0x000001da4190c800 JavaThread "Service Thread" daemon [_thread_blocked, id=11928, stack(0x0000009572800000,0x0000009572900000)]
  0x000001da4190a000 JavaThread "C1 CompilerThread3" daemon [_thread_blocked, id=16804, stack(0x0000009572700000,0x0000009572800000)]
  0x000001da41909000 JavaThread "C2 CompilerThread2" daemon [_thread_in_native, id=20428, stack(0x0000009572600000,0x0000009572700000)]
  0x000001da4016b800 JavaThread "C2 CompilerThread1" daemon [_thread_blocked, id=25544, stack(0x0000009572500000,0x0000009572600000)]
=>0x000001da40126800 JavaThread "C2 CompilerThread0" daemon [_thread_in_native, id=12516, stack(0x0000009572400000,0x0000009572500000)]
  0x000001da40123800 JavaThread "Attach Listener" daemon [_thread_blocked, id=21964, stack(0x0000009572300000,0x0000009572400000)]
  0x000001da40120800 JavaThread "Signal Dispatcher" daemon [_thread_blocked, id=23788, stack(0x0000009572200000,0x0000009572300000)]
  0x000001da4010b000 JavaThread "Finalizer" daemon [_thread_blocked, id=4936, stack(0x0000009572100000,0x0000009572200000)]
  0x000001da3f2a9000 JavaThread "Reference Handler" daemon [_thread_blocked, id=20996, stack(0x0000009572000000,0x0000009572100000)]
  0x000001da248c1000 JavaThread "main" [_thread_in_Java, id=23172, stack(0x0000009571400000,0x0000009571500000)]

Other Threads:
  0x000001da400d5800 VMThread [stack: 0x0000009571f00000,0x0000009572000000] [id=17700]
  0x000001da4191d000 WatcherThread [stack: 0x0000009572900000,0x0000009572a00000] [id=24500]

VM state:not at safepoint (normal execution)

VM Mutex/Monitor currently owned by a thread: None

heap address: 0x00000006c3200000, size: 4046 MB, Compressed Oops mode: Zero based, Oop shift amount: 3
Narrow klass base: 0x0000000000000000, Narrow klass shift: 3
Compressed class space size: 1073741824 Address: 0x00000007c0000000

Heap:
 PSYoungGen      total 75776K, used 28426K [0x000000076bb80000, 0x0000000774f80000, 0x00000007c0000000)
  eden space 65024K, 33% used [0x000000076bb80000,0x000000076d0f2bd8,0x000000076fb00000)
  from space 10752K, 60% used [0x0000000770580000,0x0000000770bd0000,0x0000000771000000)
  to   space 10752K, 0% used [0x000000076fb00000,0x000000076fb00000,0x0000000770580000)
 ParOldGen       total 173568K, used 1761K [0x00000006c3200000, 0x00000006cdb80000, 0x000000076bb80000)
  object space 173568K, 1% used [0x00000006c3200000,0x00000006c33b8480,0x00000006cdb80000)
 Metaspace       used 14176K, capacity 14568K, committed 14720K, reserved 1062912K
  class space    used 1702K, capacity 1802K, committed 1920K, reserved 1048576K

Card table byte_map: [0x000001da355c0000,0x000001da35db0000] byte_map_base: 0x000001da31fa7000

Marking Bits: (ParMarkBitMap*) 0x000000005c6b4fb0
 Begin Bits: [0x000001da36300000, 0x000001da3a238000)
 End Bits:   [0x000001da3a238000, 0x000001da3e170000)

Polling page: 0x000001da249f0000

CodeCache: size=245760Kb used=9420Kb max_used=9420Kb free=236339Kb
 bounds [0x000001da26200000, 0x000001da26b40000, 0x000001da35200000]
 total_blobs=3134 nmethods=2787 adapters=257
 compilation: enabled

Compilation events (10 events):
Event: 23.405 Thread 0x000001da4190a000 2780       3       java.net.URL::toString (5 bytes)
Event: 23.406 Thread 0x000001da4190a000 nmethod 2780 0x000001da26b2e5d0 code [0x000001da26b2e740, 0x000001da26b2ea30]
Event: 23.406 Thread 0x000001da4190a000 2781       3       java.util.StringTokenizer::<init> (8 bytes)
Event: 23.406 Thread 0x000001da4190a000 nmethod 2781 0x000001da26b2eb10 code [0x000001da26b2ec80, 0x000001da26b2ee10]
Event: 23.413 Thread 0x000001da4016b800 2782       4       java.util.Collections$EmptyMap::values (4 bytes)
Event: 23.413 Thread 0x000001da4016b800 nmethod 2782 0x000001da26a69810 code [0x000001da26a69940, 0x000001da26a699b8]
Event: 23.415 Thread 0x000001da4016b800 2783       4       java.util.Collections$EmptySet::toArray (11 bytes)
Event: 23.416 Thread 0x000001da4016b800 nmethod 2783 0x000001da26b03690 code [0x000001da26b037c0, 0x000001da26b03858]
Event: 23.419 Thread 0x000001da4016b800 2784       4       java.lang.CharacterDataLatin1::digit (91 bytes)
Event: 23.420 Thread 0x000001da4016b800 nmethod 2784 0x000001da26b301d0 code [0x000001da26b30320, 0x000001da26b30438]

GC Heap History (6 events):
Event: 5.461 GC heap before
{Heap before GC invocations=1 (full 0):
 PSYoungGen      total 75776K, used 14305K [0x000000076bb80000, 0x0000000771000000, 0x00000007c0000000)
  eden space 65024K, 22% used [0x000000076bb80000,0x000000076c9786d0,0x000000076fb00000)
  from space 10752K, 0% used [0x0000000770580000,0x0000000770580000,0x0000000771000000)
  to   space 10752K, 0% used [0x000000076fb00000,0x000000076fb00000,0x0000000770580000)
 ParOldGen       total 173568K, used 0K [0x00000006c3200000, 0x00000006cdb80000, 0x000000076bb80000)
  object space 173568K, 0% used [0x00000006c3200000,0x00000006c3200000,0x00000006cdb80000)
 Metaspace       used 10610K, capacity 10810K, committed 11008K, reserved 1058816K
  class space    used 1366K, capacity 1431K, committed 1536K, reserved 1048576K
Event: 5.659 GC heap after
Heap after GC invocations=1 (full 0):
 PSYoungGen      total 75776K, used 1824K [0x000000076bb80000, 0x0000000771000000, 0x00000007c0000000)
  eden space 65024K, 0% used [0x000000076bb80000,0x000000076bb80000,0x000000076fb00000)
  from space 10752K, 16% used [0x000000076fb00000,0x000000076fcc8020,0x0000000770580000)
  to   space 10752K, 0% used [0x0000000770580000,0x0000000770580000,0x0000000771000000)
 ParOldGen       total 173568K, used 80K [0x00000006c3200000, 0x00000006cdb80000, 0x000000076bb80000)
  object space 173568K, 0% used [0x00000006c3200000,0x00000006c3214010,0x00000006cdb80000)
 Metaspace       used 10610K, capacity 10810K, committed 11008K, reserved 1058816K
  class space    used 1366K, capacity 1431K, committed 1536K, reserved 1048576K
}
Event: 5.659 GC heap before
{Heap before GC invocations=2 (full 1):
 PSYoungGen      total 75776K, used 1824K [0x000000076bb80000, 0x0000000771000000, 0x00000007c0000000)
  eden space 65024K, 0% used [0x000000076bb80000,0x000000076bb80000,0x000000076fb00000)
  from space 10752K, 16% used [0x000000076fb00000,0x000000076fcc8020,0x0000000770580000)
  to   space 10752K, 0% used [0x0000000770580000,0x0000000770580000,0x0000000771000000)
 ParOldGen       total 173568K, used 80K [0x00000006c3200000, 0x00000006cdb80000, 0x000000076bb80000)
  object space 173568K, 0% used [0x00000006c3200000,0x00000006c3214010,0x00000006cdb80000)
 Metaspace       used 10610K, capacity 10810K, committed 11008K, reserved 1058816K
  class space    used 1366K, capacity 1431K, committed 1536K, reserved 1048576K
Event: 5.723 GC heap after
Heap after GC invocations=2 (full 1):
 PSYoungGen      total 75776K, used 0K [0x000000076bb80000, 0x0000000771000000, 0x00000007c0000000)
  eden space 65024K, 0% used [0x000000076bb80000,0x000000076bb80000,0x000000076fb00000)
  from space 10752K, 0% used [0x000000076fb00000,0x000000076fb00000,0x0000000770580000)
  to   space 10752K, 0% used [0x0000000770580000,0x0000000770580000,0x0000000771000000)
 ParOldGen       total 173568K, used 1753K [0x00000006c3200000, 0x00000006cdb80000, 0x000000076bb80000)
  object space 173568K, 1% used [0x00000006c3200000,0x00000006c33b6480,0x00000006cdb80000)
 Metaspace       used 10610K, capacity 10810K, committed 11008K, reserved 1058816K
  class space    used 1366K, capacity 1431K, committed 1536K, reserved 1048576K
}
Event: 19.504 GC heap before
{Heap before GC invocations=3 (full 1):
 PSYoungGen      total 75776K, used 65024K [0x000000076bb80000, 0x0000000771000000, 0x00000007c0000000)
  eden space 65024K, 100% used [0x000000076bb80000,0x000000076fb00000,0x000000076fb00000)
  from space 10752K, 0% used [0x000000076fb00000,0x000000076fb00000,0x0000000770580000)
  to   space 10752K, 0% used [0x0000000770580000,0x0000000770580000,0x0000000771000000)
 ParOldGen       total 173568K, used 1753K [0x00000006c3200000, 0x00000006cdb80000, 0x000000076bb80000)
  object space 173568K, 1% used [0x00000006c3200000,0x00000006c33b6480,0x00000006cdb80000)
 Metaspace       used 14042K, capacity 14440K, committed 14720K, reserved 1062912K
  class space    used 1702K, capacity 1802K, committed 1920K, reserved 1048576K
Event: 19.726 GC heap after
Heap after GC invocations=3 (full 1):
 PSYoungGen      total 75776K, used 6464K [0x000000076bb80000, 0x0000000774f80000, 0x00000007c0000000)
  eden space 65024K, 0% used [0x000000076bb80000,0x000000076bb80000,0x000000076fb00000)
  from space 10752K, 60% used [0x0000000770580000,0x0000000770bd0000,0x0000000771000000)
  to   space 10752K, 0% used [0x000000076fb00000,0x000000076fb00000,0x0000000770580000)
 ParOldGen       total 173568K, used 1761K [0x00000006c3200000, 0x00000006cdb80000, 0x000000076bb80000)
  object space 173568K, 1% used [0x00000006c3200000,0x00000006c33b8480,0x00000006cdb80000)
 Metaspace       used 14042K, capacity 14440K, committed 14720K, reserved 1062912K
  class space    used 1702K, capacity 1802K, committed 1920K, reserved 1048576K
}

Deoptimization events (2 events):
Event: 4.995 Thread 0x000001da248c1000 Uncommon trap: reason=range_check action=make_not_entrant pc=0x000001da26413668 method=sun.reflect.generics.parser.SignatureParser.current()C @ 34
Event: 7.667 Thread 0x000001da248c1000 Uncommon trap: reason=unstable_if action=reinterpret pc=0x000001da2643d03c method=java.lang.CharacterDataLatin1.isWhitespace(I)Z @ 14

Classes redefined (0 events):
No events

Internal exceptions (10 events):
Event: 23.156 Thread 0x000001da248c1000 Exception <a 'java/lang/ClassNotFoundException': com/sun/org/glassfish/hk2/osgiresourcelocator/ServiceLoader> (0x000000076cd4aa38) thrown at [C:\jenkins\workspace\8-2-build-windows-amd64-cygwin\jdk8u261\295\hotspot\src\share\vm\classfile\systemDictionary.
Event: 23.161 Thread 0x000001da248c1000 Exception <a 'java/lang/ClassNotFoundException': javax/servlet/ServletContext> (0x000000076cda0008) thrown at [C:\jenkins\workspace\8-2-build-windows-amd64-cygwin\jdk8u261\295\hotspot\src\share\vm\classfile\systemDictionary.cpp, line 210]
Event: 23.222 Thread 0x000001da248c1000 Exception <a 'java/lang/ClassNotFoundException': com/sun/org/glassfish/hk2/osgiresourcelocator/ServiceLoader> (0x000000076cdc28e8) thrown at [C:\jenkins\workspace\8-2-build-windows-amd64-cygwin\jdk8u261\295\hotspot\src\share\vm\classfile\systemDictionary.
Event: 23.226 Thread 0x000001da248c1000 Exception <a 'java/lang/ClassNotFoundException': javax/servlet/ServletContext> (0x000000076ce17eb8) thrown at [C:\jenkins\workspace\8-2-build-windows-amd64-cygwin\jdk8u261\295\hotspot\src\share\vm\classfile\systemDictionary.cpp, line 210]
Event: 23.261 Thread 0x000001da248c1000 Exception <a 'java/lang/ClassNotFoundException': com/sun/org/glassfish/hk2/osgiresourcelocator/ServiceLoader> (0x000000076ce3a9f8) thrown at [C:\jenkins\workspace\8-2-build-windows-amd64-cygwin\jdk8u261\295\hotspot\src\share\vm\classfile\systemDictionary.
Event: 23.266 Thread 0x000001da248c1000 Exception <a 'java/lang/ClassNotFoundException': javax/servlet/ServletContext> (0x000000076ce8ffe0) thrown at [C:\jenkins\workspace\8-2-build-windows-amd64-cygwin\jdk8u261\295\hotspot\src\share\vm\classfile\systemDictionary.cpp, line 210]
Event: 23.312 Thread 0x000001da248c1000 Exception <a 'java/lang/ClassNotFoundException': com/sun/org/glassfish/hk2/osgiresourcelocator/ServiceLoader> (0x000000076ceb2970) thrown at [C:\jenkins\workspace\8-2-build-windows-amd64-cygwin\jdk8u261\295\hotspot\src\share\vm\classfile\systemDictionary.
Event: 23.320 Thread 0x000001da248c1000 Exception <a 'java/lang/ClassNotFoundException': javax/servlet/ServletContext> (0x000000076cf07f40) thrown at [C:\jenkins\workspace\8-2-build-windows-amd64-cygwin\jdk8u261\295\hotspot\src\share\vm\classfile\systemDictionary.cpp, line 210]
Event: 23.399 Thread 0x000001da248c1000 Exception <a 'java/lang/ClassNotFoundException': com/sun/org/glassfish/hk2/osgiresourcelocator/ServiceLoader> (0x000000076cf2aba8) thrown at [C:\jenkins\workspace\8-2-build-windows-amd64-cygwin\jdk8u261\295\hotspot\src\share\vm\classfile\systemDictionary.
Event: 23.420 Thread 0x000001da248c1000 Exception <a 'java/lang/ClassNotFoundException': javax/servlet/ServletContext> (0x000000076cf80178) thrown at [C:\jenkins\workspace\8-2-build-windows-amd64-cygwin\jdk8u261\295\hotspot\src\share\vm\classfile\systemDictionary.cpp, line 210]

Events (10 events):
Event: 23.266 loading class javax/servlet/ServletContext
Event: 23.266 loading class javax/servlet/ServletContext done
Event: 23.312 loading class com/sun/org/glassfish/hk2/osgiresourcelocator/ServiceLoader
Event: 23.312 loading class com/sun/org/glassfish/hk2/osgiresourcelocator/ServiceLoader done
Event: 23.320 loading class javax/servlet/ServletContext
Event: 23.320 loading class javax/servlet/ServletContext done
Event: 23.399 loading class com/sun/org/glassfish/hk2/osgiresourcelocator/ServiceLoader
Event: 23.399 loading class com/sun/org/glassfish/hk2/osgiresourcelocator/ServiceLoader done
Event: 23.420 loading class javax/servlet/ServletContext
Event: 23.420 loading class javax/servlet/ServletContext done


Dynamic libraries:
0x00007ff79bf70000 - 0x00007ff79bfb7000 	C:\Program Files\Java\jre1.8.0_261\bin\java.exe
0x00007ffc39490000 - 0x00007ffc39686000 	C:\WINDOWS\SYSTEM32\ntdll.dll
0x00007ffc37bb0000 - 0x00007ffc37c6d000 	C:\WINDOWS\System32\KERNEL32.DLL
0x00007ffc36f20000 - 0x00007ffc371e9000 	C:\WINDOWS\System32\KERNELBASE.dll
0x00007ffc39370000 - 0x00007ffc3941c000 	C:\WINDOWS\System32\ADVAPI32.dll
0x00007ffc37a30000 - 0x00007ffc37ace000 	C:\WINDOWS\System32\msvcrt.dll
0x00007ffc37d30000 - 0x00007ffc37dcc000 	C:\WINDOWS\System32\sechost.dll
0x00007ffc39240000 - 0x00007ffc3936b000 	C:\WINDOWS\System32\RPCRT4.dll
0x00007ffc37890000 - 0x00007ffc37a30000 	C:\WINDOWS\System32\USER32.dll
0x00007ffc37380000 - 0x00007ffc373a2000 	C:\WINDOWS\System32\win32u.dll
0x00007ffc38cf0000 - 0x00007ffc38d1a000 	C:\WINDOWS\System32\GDI32.dll
0x00007ffc36c20000 - 0x00007ffc36d29000 	C:\WINDOWS\System32\gdi32full.dll
0x00007ffc36e80000 - 0x00007ffc36f1d000 	C:\WINDOWS\System32\msvcp_win.dll
0x00007ffc36d30000 - 0x00007ffc36e30000 	C:\WINDOWS\System32\ucrtbase.dll
0x00007ffc1bde0000 - 0x00007ffc1c07b000 	C:\WINDOWS\WinSxS\amd64_microsoft.windows.common-controls_6595b64144ccf1df_6.0.19041.488_none_ca04af081b815d21\COMCTL32.dll
0x00007ffc37dd0000 - 0x00007ffc37e00000 	C:\WINDOWS\System32\IMM32.DLL
0x00007ffc031b0000 - 0x00007ffc031c5000 	C:\Program Files\Java\jre1.8.0_261\bin\vcruntime140.dll
0x00007ffbfc2a0000 - 0x00007ffbfc33b000 	C:\Program Files\Java\jre1.8.0_261\bin\msvcp140.dll
0x000000005bec0000 - 0x000000005c72c000 	C:\Program Files\Java\jre1.8.0_261\bin\server\jvm.dll
0x00007ffc37530000 - 0x00007ffc37538000 	C:\WINDOWS\System32\PSAPI.DLL
0x00007ffc1e2e0000 - 0x00007ffc1e2e9000 	C:\WINDOWS\SYSTEM32\WSOCK32.dll
0x00007ffc38c80000 - 0x00007ffc38ceb000 	C:\WINDOWS\System32\WS2_32.dll
0x00007ffc1eae0000 - 0x00007ffc1eb07000 	C:\WINDOWS\SYSTEM32\WINMM.dll
0x00007ffc35a30000 - 0x00007ffc35a3a000 	C:\WINDOWS\SYSTEM32\VERSION.dll
0x00007ffc359f0000 - 0x00007ffc35a02000 	C:\WINDOWS\SYSTEM32\kernel.appcore.dll
0x00007ffc32ec0000 - 0x00007ffc32ed0000 	C:\Program Files\Java\jre1.8.0_261\bin\verify.dll
0x00007ffbff830000 - 0x00007ffbff85b000 	C:\Program Files\Java\jre1.8.0_261\bin\java.dll
0x00007ffc02000000 - 0x00007ffc02018000 	C:\Program Files\Java\jre1.8.0_261\bin\zip.dll
0x00007ffc38530000 - 0x00007ffc38c72000 	C:\WINDOWS\System32\SHELL32.dll
0x00007ffc35250000 - 0x00007ffc359e5000 	C:\WINDOWS\SYSTEM32\windows.storage.dll
0x00007ffc38ed0000 - 0x00007ffc39226000 	C:\WINDOWS\System32\combase.dll
0x00007ffc36610000 - 0x00007ffc3663c000 	C:\WINDOWS\SYSTEM32\Wldp.dll
0x00007ffc37e00000 - 0x00007ffc37eae000 	C:\WINDOWS\System32\SHCORE.dll
0x00007ffc38060000 - 0x00007ffc380b5000 	C:\WINDOWS\System32\shlwapi.dll
0x00007ffc36ad0000 - 0x00007ffc36af6000 	C:\WINDOWS\SYSTEM32\profapi.dll
0x00007ffc36560000 - 0x00007ffc36578000 	C:\WINDOWS\SYSTEM32\CRYPTSP.dll
0x00007ffc35cb0000 - 0x00007ffc35ce4000 	C:\WINDOWS\system32\rsaenh.dll
0x00007ffc37350000 - 0x00007ffc37377000 	C:\WINDOWS\System32\bcrypt.dll
0x00007ffc36a90000 - 0x00007ffc36abe000 	C:\WINDOWS\SYSTEM32\USERENV.dll
0x00007ffc36ba0000 - 0x00007ffc36c20000 	C:\WINDOWS\System32\bcryptprimitives.dll
0x00007ffc36580000 - 0x00007ffc3658c000 	C:\WINDOWS\SYSTEM32\CRYPTBASE.dll
0x00007ffc00850000 - 0x00007ffc0086c000 	C:\Program Files\Java\jre1.8.0_261\bin\net.dll
0x00007ffc36390000 - 0x00007ffc363fa000 	C:\WINDOWS\system32\mswsock.dll
0x00007ffc36030000 - 0x00007ffc3606b000 	C:\WINDOWS\SYSTEM32\IPHLPAPI.DLL
0x00007ffc39230000 - 0x00007ffc39238000 	C:\WINDOWS\System32\NSI.dll
0x00007ffc2f1e0000 - 0x00007ffc2f1f7000 	C:\WINDOWS\SYSTEM32\dhcpcsvc6.DLL
0x00007ffc2f150000 - 0x00007ffc2f16d000 	C:\WINDOWS\SYSTEM32\dhcpcsvc.DLL
0x00007ffc36070000 - 0x00007ffc3613b000 	C:\WINDOWS\SYSTEM32\DNSAPI.dll
0x00007ffbffdb0000 - 0x00007ffbffdc3000 	C:\Program Files\Java\jre1.8.0_261\bin\nio.dll
0x00007ffc1e2c0000 - 0x00007ffc1e2d7000 	C:\WINDOWS\system32\napinsp.dll
0x00007ffc1e280000 - 0x00007ffc1e29b000 	C:\WINDOWS\system32\pnrpnsp.dll
0x00007ffc30fa0000 - 0x00007ffc30fb5000 	C:\WINDOWS\system32\wshbth.dll
0x00007ffc32130000 - 0x00007ffc3214d000 	C:\WINDOWS\system32\NLAapi.dll
0x00007ffc1ba40000 - 0x00007ffc1ba52000 	C:\WINDOWS\System32\winrnr.dll
0x00007ffc2e4d0000 - 0x00007ffc2e4da000 	C:\Windows\System32\rasadhlp.dll
0x00007ffc2c590000 - 0x00007ffc2c60f000 	C:\WINDOWS\System32\fwpuclnt.dll
0x00007ffc34850000 - 0x00007ffc34a34000 	C:\WINDOWS\SYSTEM32\dbghelp.dll

VM Arguments:
jvm_args: -Djava.rmi.server.codebase=file:D:\Universidad\SistemasDeComercio\SimpleRMIAutonomo\SimpleRMIAutonomo\tstTiendaElectronica.jar 
java_command: D:\Universidad\SistemasDeComercio\SimpleRMIAutonomo\SimpleRMIAutonomo\tstTiendaElectronica.jar tsttiendaelectronica.Cliente localhost 200
java_class_path (initial): D:\Universidad\SistemasDeComercio\SimpleRMIAutonomo\SimpleRMIAutonomo\tstTiendaElectronica.jar
Launcher Type: SUN_STANDARD

Environment Variables:
JAVA_HOME=C:\Program Files\Java\jdk1.8.0_111
CLASSPATH=.;C:\Program Files\Java\jre1.8.0_261;
PATH=C:\Program Files\Java\jre1.8.0_261\bin;C:\Program Files (x86)\Common Files\Oracle\Java\javapath;C:\Program Files\Java\jdk-13.0.2\bin;C:\Windows\system32;C:\Windows;C:\Windows\System32\Wbem;C:\Windows\System32\WindowsPowerShell\v1.0\;C:\Windows\System32\OpenSSH\;C:\Program Files (x86)\NVIDIA Corporation\PhysX\Common;C:\Program Files\MATLAB\R2018a\runtime\win64;C:\Program Files\MATLAB\R2018a\bin;C:\Program Files\NVIDIA Corporation\NVIDIA NvDLISR;C:\Program Files\dotnet\;C:\Program Files\Microsoft SQL Server\130\Tools\Binn\;C:\Program Files\Intel\WiFi\bin\;C:\Program Files\Common Files\Intel\WirelessCommon\;C:\WINDOWS\system32;C:\WINDOWS;C:\WINDOWS\System32\Wbem;C:\WINDOWS\System32\WindowsPowerShell\v1.0\;C:\WINDOWS\System32\OpenSSH\;D:\Perforce;D:\Matlab\runtime\win64;D:\Matlab\bin;D:\PuTTY\;C:\ProgramData\chocolatey\bin;D:\Git\cmd;;D:\AOMEI Backupper;C:\Program Files (x86)\Intel\Intel(R) Management Engine Components\DAL;C:\Program Files\Intel\Intel(R) Management Engine Components\DAL;C:\Program Files\Java\jdk1.8.0_111\bin;C:\Users\Polupero\AppData\Local\Microsoft\WindowsApps;C:\Users\Polupero\AppData\Local\GitHubDesktop\bin
USERNAME=Polupero
OS=Windows_NT
PROCESSOR_IDENTIFIER=Intel64 Family 6 Model 158 Stepping 10, GenuineIntel



---------------  S Y S T E M  ---------------

OS: Windows 10.0 , 64 bit Build 19041 (10.0.19041.662)

CPU:total 12 (initial active 12) (6 cores per cpu, 2 threads per core) family 6 model 158 stepping 10, cmov, cx8, fxsr, mmx, sse, sse2, sse3, ssse3, sse4.1, sse4.2, popcnt, avx, avx2, aes, clmul, erms, 3dnowpref, lzcnt, ht, tsc, tscinvbit, bmi1, bmi2, adx

Memory: 4k page, physical 16566556k(1772116k free), swap 30173336k(5408k free)

vm_info: Java HotSpot(TM) 64-Bit Server VM (25.261-b12) for windows-amd64 JRE (1.8.0_261-b12), built on Jun 18 2020 06:56:32 by "" with unknown MS VC++:1916

time: Sun Dec 13 18:47:41 2020
timezone: Hora estándar central (México)
elapsed time: 23 seconds (0d 0h 0m 23s)

