#
# There is insufficient memory for the Java Runtime Environment to continue.
# Native memory allocation (malloc) failed to allocate 32744 bytes for ChunkPool::allocate
# Possible reasons:
#   The system is out of physical RAM or swap space
#   The process is running with CompressedOops enabled, and the Java Heap may be blocking the growth of the native heap
# Possible solutions:
#   Reduce memory load on the system
#   Increase physical memory or swap space
#   Check if swap backing store is full
#   Decrease Java heap size (-Xmx/-Xms)
#   Decrease number of Java threads
#   Decrease Java thread stack sizes (-Xss)
#   Set larger code cache with -XX:ReservedCodeCacheSize=
#   JVM is running with Zero Based Compressed Oops mode in which the Java heap is
#     placed in the first 32GB address space. The Java Heap base address is the
#     maximum limit for the native heap growth. Please use -XX:HeapBaseMinAddress
#     to set the Java Heap base and to place the Java Heap above 32GB virtual address.
# This output file may be truncated or incomplete.
#
#  Out of Memory Error (allocation.cpp:272), pid=24916, tid=0x0000000000005730
#
# JRE version: Java(TM) SE Runtime Environment (8.0_261-b12) (build 1.8.0_261-b12)
# Java VM: Java HotSpot(TM) 64-Bit Server VM (25.261-b12 mixed mode windows-amd64 compressed oops)
# Failed to write core dump. Minidumps are not enabled by default on client versions of Windows
#

---------------  T H R E A D  ---------------

Current thread (0x000001ac7cc88800):  JavaThread "C2 CompilerThread2" daemon [_thread_in_native, id=22320, stack(0x0000002c7cd00000,0x0000002c7ce00000)]

Stack: [0x0000002c7cd00000,0x0000002c7ce00000]
Native frames: (J=compiled Java code, j=interpreted, Vv=VM code, C=native code)
V  [jvm.dll+0x33e5f9]


Current CompileTask:
C2:  12141 1878       4       sun.reflect.generics.parser.SignatureParser::parsePackageNameAndSimpleClassTypeSignature (139 bytes)


---------------  P R O C E S S  ---------------

Java Threads: ( => current thread )
  0x000001ac7d4cb000 JavaThread "Keep-Alive-Timer" daemon [_thread_blocked, id=8772, stack(0x0000002c7d400000,0x0000002c7d500000)]
  0x000001ac7d406800 JavaThread "GC Daemon" daemon [_thread_blocked, id=25124, stack(0x0000002c7d300000,0x0000002c7d400000)]
  0x000001ac7d406000 JavaThread "RMI RenewClean-[192.168.56.1:50681]" daemon [_thread_blocked, id=25100, stack(0x0000002c7d200000,0x0000002c7d300000)]
  0x000001ac7d403000 JavaThread "RMI Scheduler(0)" daemon [_thread_blocked, id=23460, stack(0x0000002c7d100000,0x0000002c7d200000)]
  0x000001ac7cc8e000 JavaThread "Service Thread" daemon [_thread_blocked, id=13608, stack(0x0000002c7cf00000,0x0000002c7d000000)]
  0x000001ac7cc8b000 JavaThread "C1 CompilerThread3" daemon [_thread_in_vm, id=20080, stack(0x0000002c7ce00000,0x0000002c7cf00000)]
=>0x000001ac7cc88800 JavaThread "C2 CompilerThread2" daemon [_thread_in_native, id=22320, stack(0x0000002c7cd00000,0x0000002c7ce00000)]
  0x000001ac7b4bf800 JavaThread "C2 CompilerThread1" daemon [_thread_blocked, id=6904, stack(0x0000002c7cc00000,0x0000002c7cd00000)]
  0x000001ac7b4ae800 JavaThread "C2 CompilerThread0" daemon [_thread_blocked, id=9224, stack(0x0000002c7cb00000,0x0000002c7cc00000)]
  0x000001ac7b4ad000 JavaThread "Attach Listener" daemon [_thread_blocked, id=12724, stack(0x0000002c7ca00000,0x0000002c7cb00000)]
  0x000001ac7b4aa000 JavaThread "Signal Dispatcher" daemon [_thread_blocked, id=21256, stack(0x0000002c7c900000,0x0000002c7ca00000)]
  0x000001ac7b492800 JavaThread "Finalizer" daemon [_thread_blocked, id=2176, stack(0x0000002c7c800000,0x0000002c7c900000)]
  0x000001ac7a63b800 JavaThread "Reference Handler" daemon [_thread_blocked, id=9120, stack(0x0000002c7c700000,0x0000002c7c800000)]
  0x000001ac67950800 JavaThread "main" [_thread_in_native, id=16640, stack(0x0000002c7bb00000,0x0000002c7bc00000)]

Other Threads:
  0x000001ac7b465000 VMThread [stack: 0x0000002c7c600000,0x0000002c7c700000] [id=6236]
  0x000001ac7cca7000 WatcherThread [stack: 0x0000002c7d000000,0x0000002c7d100000] [id=25480]

VM state:not at safepoint (normal execution)

VM Mutex/Monitor currently owned by a thread: None

heap address: 0x00000006c3200000, size: 4046 MB, Compressed Oops mode: Zero based, Oop shift amount: 3
Narrow klass base: 0x0000000000000000, Narrow klass shift: 3
Compressed class space size: 1073741824 Address: 0x00000007c0000000

Heap:
 PSYoungGen      total 75776K, used 34249K [0x000000076bb80000, 0x0000000771000000, 0x00000007c0000000)
  eden space 65024K, 52% used [0x000000076bb80000,0x000000076dcf24b8,0x000000076fb00000)
  from space 10752K, 0% used [0x000000076fb00000,0x000000076fb00000,0x0000000770580000)
  to   space 10752K, 0% used [0x0000000770580000,0x0000000770580000,0x0000000771000000)
 ParOldGen       total 173568K, used 930K [0x00000006c3200000, 0x00000006cdb80000, 0x000000076bb80000)
  object space 173568K, 0% used [0x00000006c3200000,0x00000006c32e8b60,0x00000006cdb80000)
 Metaspace       used 13644K, capacity 13972K, committed 14080K, reserved 1060864K
  class space    used 1672K, capacity 1788K, committed 1792K, reserved 1048576K

Card table byte_map: [0x000001ac78810000,0x000001ac79000000] byte_map_base: 0x000001ac751f7000

Marking Bits: (ParMarkBitMap*) 0x000000005c6b4fb0
 Begin Bits: [0x000001ac00000000, 0x000001ac03f38000)
 End Bits:   [0x000001ac03f38000, 0x000001ac07e70000)

Polling page: 0x000001ac67b80000

CodeCache: size=245760Kb used=6497Kb max_used=6497Kb free=239262Kb
 bounds [0x000001ac69450000, 0x000001ac69ab0000, 0x000001ac78450000]
 total_blobs=2244 nmethods=1900 adapters=256
 compilation: enabled

Compilation events (10 events):
Event: 11.776 Thread 0x000001ac7cc8b000 1897       3       com.sun.xml.internal.ws.util.ServiceFinder$LazyIterator::<init> (25 bytes)
Event: 11.776 Thread 0x000001ac7cc8b000 nmethod 1897 0x000001ac69aa9c90 code [0x000001ac69aa9de0, 0x000001ac69aa9ff8]
Event: 11.776 Thread 0x000001ac7cc8b000 1898       3       com.sun.xml.internal.ws.api.server.Container::getIterableSPI (21 bytes)
Event: 11.777 Thread 0x000001ac7cc8b000 nmethod 1898 0x000001ac69aaa090 code [0x000001ac69aaa240, 0x000001ac69aaa750]
Event: 11.777 Thread 0x000001ac7cc8b000 1899       3       com.sun.xml.internal.ws.util.ServiceFinder$CompositeIterator::<init> (23 bytes)
Event: 11.777 Thread 0x000001ac7cc8b000 nmethod 1899 0x000001ac69aaa9d0 code [0x000001ac69aaaba0, 0x000001ac69aab300]
Event: 11.827 Thread 0x000001ac7cc8b000 1901       3       java.lang.StringCoding::access$100 (8 bytes)
Event: 11.827 Thread 0x000001ac7cc8b000 nmethod 1901 0x000001ac69aab790 code [0x000001ac69aab920, 0x000001ac69aabe50]
Event: 11.827 Thread 0x000001ac7cc8b000 1902       3       java.lang.StringCoding::safeTrim (24 bytes)
Event: 11.828 Thread 0x000001ac7cc8b000 nmethod 1902 0x000001ac69aac090 code [0x000001ac69aac220, 0x000001ac69aac6f0]

GC Heap History (4 events):
Event: 3.142 GC heap before
{Heap before GC invocations=1 (full 0):
 PSYoungGen      total 75776K, used 7803K [0x000000076bb80000, 0x0000000771000000, 0x00000007c0000000)
  eden space 65024K, 12% used [0x000000076bb80000,0x000000076c31ef28,0x000000076fb00000)
  from space 10752K, 0% used [0x0000000770580000,0x0000000770580000,0x0000000771000000)
  to   space 10752K, 0% used [0x000000076fb00000,0x000000076fb00000,0x0000000770580000)
 ParOldGen       total 173568K, used 0K [0x00000006c3200000, 0x00000006cdb80000, 0x000000076bb80000)
  object space 173568K, 0% used [0x00000006c3200000,0x00000006c3200000,0x00000006cdb80000)
 Metaspace       used 6325K, capacity 6472K, committed 6784K, reserved 1056768K
  class space    used 756K, capacity 806K, committed 896K, reserved 1048576K
Event: 3.150 GC heap after
Heap after GC invocations=1 (full 0):
 PSYoungGen      total 75776K, used 1088K [0x000000076bb80000, 0x0000000771000000, 0x00000007c0000000)
  eden space 65024K, 0% used [0x000000076bb80000,0x000000076bb80000,0x000000076fb00000)
  from space 10752K, 10% used [0x000000076fb00000,0x000000076fc10020,0x0000000770580000)
  to   space 10752K, 0% used [0x0000000770580000,0x0000000770580000,0x0000000771000000)
 ParOldGen       total 173568K, used 8K [0x00000006c3200000, 0x00000006cdb80000, 0x000000076bb80000)
  object space 173568K, 0% used [0x00000006c3200000,0x00000006c3202000,0x00000006cdb80000)
 Metaspace       used 6325K, capacity 6472K, committed 6784K, reserved 1056768K
  class space    used 756K, capacity 806K, committed 896K, reserved 1048576K
}
Event: 3.150 GC heap before
{Heap before GC invocations=2 (full 1):
 PSYoungGen      total 75776K, used 1088K [0x000000076bb80000, 0x0000000771000000, 0x00000007c0000000)
  eden space 65024K, 0% used [0x000000076bb80000,0x000000076bb80000,0x000000076fb00000)
  from space 10752K, 10% used [0x000000076fb00000,0x000000076fc10020,0x0000000770580000)
  to   space 10752K, 0% used [0x0000000770580000,0x0000000770580000,0x0000000771000000)
 ParOldGen       total 173568K, used 8K [0x00000006c3200000, 0x00000006cdb80000, 0x000000076bb80000)
  object space 173568K, 0% used [0x00000006c3200000,0x00000006c3202000,0x00000006cdb80000)
 Metaspace       used 6325K, capacity 6472K, committed 6784K, reserved 1056768K
  class space    used 756K, capacity 806K, committed 896K, reserved 1048576K
Event: 3.198 GC heap after
Heap after GC invocations=2 (full 1):
 PSYoungGen      total 75776K, used 0K [0x000000076bb80000, 0x0000000771000000, 0x00000007c0000000)
  eden space 65024K, 0% used [0x000000076bb80000,0x000000076bb80000,0x000000076fb00000)
  from space 10752K, 0% used [0x000000076fb00000,0x000000076fb00000,0x0000000770580000)
  to   space 10752K, 0% used [0x0000000770580000,0x0000000770580000,0x0000000771000000)
 ParOldGen       total 173568K, used 930K [0x00000006c3200000, 0x00000006cdb80000, 0x000000076bb80000)
  object space 173568K, 0% used [0x00000006c3200000,0x00000006c32e8b60,0x00000006cdb80000)
 Metaspace       used 6325K, capacity 6472K, committed 6784K, reserved 1056768K
  class space    used 756K, capacity 806K, committed 896K, reserved 1048576K
}

Deoptimization events (6 events):
Event: 3.871 Thread 0x000001ac67950800 Uncommon trap: reason=range_check action=make_not_entrant pc=0x000001ac696632e8 method=sun.reflect.generics.parser.SignatureParser.current()C @ 34
Event: 4.089 Thread 0x000001ac67950800 Uncommon trap: reason=bimorphic action=maybe_recompile pc=0x000001ac696583d4 method=java.util.HashMap.getNode(ILjava/lang/Object;)Ljava/util/HashMap$Node; @ 126
Event: 4.089 Thread 0x000001ac67950800 Uncommon trap: reason=bimorphic action=maybe_recompile pc=0x000001ac696583d4 method=java.util.HashMap.getNode(ILjava/lang/Object;)Ljava/util/HashMap$Node; @ 126
Event: 4.092 Thread 0x000001ac67950800 Uncommon trap: reason=bimorphic action=maybe_recompile pc=0x000001ac696583d4 method=java.util.HashMap.getNode(ILjava/lang/Object;)Ljava/util/HashMap$Node; @ 126
Event: 4.092 Thread 0x000001ac67950800 Uncommon trap: reason=bimorphic action=maybe_recompile pc=0x000001ac696583d4 method=java.util.HashMap.getNode(ILjava/lang/Object;)Ljava/util/HashMap$Node; @ 126
Event: 4.132 Thread 0x000001ac67950800 Uncommon trap: reason=bimorphic action=maybe_recompile pc=0x000001ac6965a1ec method=java.util.HashMap.getNode(ILjava/lang/Object;)Ljava/util/HashMap$Node; @ 126

Classes redefined (0 events):
No events

Internal exceptions (10 events):
Event: 11.242 Thread 0x000001ac67950800 Exception <a 'java/lang/ClassNotFoundException': com/sun/org/glassfish/hk2/osgiresourcelocator/ServiceLoader> (0x000000076da65930) thrown at [C:\jenkins\workspace\8-2-build-windows-amd64-cygwin\jdk8u261\295\hotspot\src\share\vm\classfile\systemDictionary.
Event: 11.247 Thread 0x000001ac67950800 Exception <a 'java/lang/ClassNotFoundException': javax/servlet/ServletContext> (0x000000076dabc368) thrown at [C:\jenkins\workspace\8-2-build-windows-amd64-cygwin\jdk8u261\295\hotspot\src\share\vm\classfile\systemDictionary.cpp, line 210]
Event: 11.453 Thread 0x000001ac67950800 Exception <a 'java/lang/ClassNotFoundException': com/sun/org/glassfish/hk2/osgiresourcelocator/ServiceLoader> (0x000000076dade878) thrown at [C:\jenkins\workspace\8-2-build-windows-amd64-cygwin\jdk8u261\295\hotspot\src\share\vm\classfile\systemDictionary.
Event: 11.465 Thread 0x000001ac67950800 Exception <a 'java/lang/ClassNotFoundException': javax/servlet/ServletContext> (0x000000076db352a0) thrown at [C:\jenkins\workspace\8-2-build-windows-amd64-cygwin\jdk8u261\295\hotspot\src\share\vm\classfile\systemDictionary.cpp, line 210]
Event: 11.511 Thread 0x000001ac67950800 Exception <a 'java/lang/ClassNotFoundException': com/sun/org/glassfish/hk2/osgiresourcelocator/ServiceLoader> (0x000000076db57828) thrown at [C:\jenkins\workspace\8-2-build-windows-amd64-cygwin\jdk8u261\295\hotspot\src\share\vm\classfile\systemDictionary.
Event: 11.518 Thread 0x000001ac67950800 Exception <a 'java/lang/ClassNotFoundException': javax/servlet/ServletContext> (0x000000076dbae268) thrown at [C:\jenkins\workspace\8-2-build-windows-amd64-cygwin\jdk8u261\295\hotspot\src\share\vm\classfile\systemDictionary.cpp, line 210]
Event: 11.659 Thread 0x000001ac67950800 Exception <a 'java/lang/ClassNotFoundException': com/sun/org/glassfish/hk2/osgiresourcelocator/ServiceLoader> (0x000000076dbd07f0) thrown at [C:\jenkins\workspace\8-2-build-windows-amd64-cygwin\jdk8u261\295\hotspot\src\share\vm\classfile\systemDictionary.
Event: 11.674 Thread 0x000001ac67950800 Exception <a 'java/lang/ClassNotFoundException': javax/servlet/ServletContext> (0x000000076dc27218) thrown at [C:\jenkins\workspace\8-2-build-windows-amd64-cygwin\jdk8u261\295\hotspot\src\share\vm\classfile\systemDictionary.cpp, line 210]
Event: 11.751 Thread 0x000001ac67950800 Exception <a 'java/lang/ClassNotFoundException': com/sun/org/glassfish/hk2/osgiresourcelocator/ServiceLoader> (0x000000076dc497a0) thrown at [C:\jenkins\workspace\8-2-build-windows-amd64-cygwin\jdk8u261\295\hotspot\src\share\vm\classfile\systemDictionary.
Event: 11.774 Thread 0x000001ac67950800 Exception <a 'java/lang/ClassNotFoundException': javax/servlet/ServletContext> (0x000000076dca01c8) thrown at [C:\jenkins\workspace\8-2-build-windows-amd64-cygwin\jdk8u261\295\hotspot\src\share\vm\classfile\systemDictionary.cpp, line 210]

Events (10 events):
Event: 11.518 loading class javax/servlet/ServletContext
Event: 11.518 loading class javax/servlet/ServletContext done
Event: 11.659 loading class com/sun/org/glassfish/hk2/osgiresourcelocator/ServiceLoader
Event: 11.659 loading class com/sun/org/glassfish/hk2/osgiresourcelocator/ServiceLoader done
Event: 11.674 loading class javax/servlet/ServletContext
Event: 11.674 loading class javax/servlet/ServletContext done
Event: 11.751 loading class com/sun/org/glassfish/hk2/osgiresourcelocator/ServiceLoader
Event: 11.751 loading class com/sun/org/glassfish/hk2/osgiresourcelocator/ServiceLoader done
Event: 11.774 loading class javax/servlet/ServletContext
Event: 11.774 loading class javax/servlet/ServletContext done


Dynamic libraries:
0x00007ff79bf70000 - 0x00007ff79bfb7000 	C:\Program Files\Java\jre1.8.0_261\bin\java.exe
0x00007ffc39490000 - 0x00007ffc39686000 	C:\WINDOWS\SYSTEM32\ntdll.dll
0x00007ffc37bb0000 - 0x00007ffc37c6d000 	C:\WINDOWS\System32\KERNEL32.DLL
0x00007ffc36f20000 - 0x00007ffc371e9000 	C:\WINDOWS\System32\KERNELBASE.dll
0x00007ffc39370000 - 0x00007ffc3941c000 	C:\WINDOWS\System32\ADVAPI32.dll
0x00007ffc37a30000 - 0x00007ffc37ace000 	C:\WINDOWS\System32\msvcrt.dll
0x00007ffc37d30000 - 0x00007ffc37dcc000 	C:\WINDOWS\System32\sechost.dll
0x00007ffc39240000 - 0x00007ffc3936b000 	C:\WINDOWS\System32\RPCRT4.dll
0x00007ffc37890000 - 0x00007ffc37a30000 	C:\WINDOWS\System32\USER32.dll
0x00007ffc37380000 - 0x00007ffc373a2000 	C:\WINDOWS\System32\win32u.dll
0x00007ffc38cf0000 - 0x00007ffc38d1a000 	C:\WINDOWS\System32\GDI32.dll
0x00007ffc36c20000 - 0x00007ffc36d29000 	C:\WINDOWS\System32\gdi32full.dll
0x00007ffc36e80000 - 0x00007ffc36f1d000 	C:\WINDOWS\System32\msvcp_win.dll
0x00007ffc36d30000 - 0x00007ffc36e30000 	C:\WINDOWS\System32\ucrtbase.dll
0x00007ffc1bde0000 - 0x00007ffc1c07b000 	C:\WINDOWS\WinSxS\amd64_microsoft.windows.common-controls_6595b64144ccf1df_6.0.19041.488_none_ca04af081b815d21\COMCTL32.dll
0x00007ffc37dd0000 - 0x00007ffc37e00000 	C:\WINDOWS\System32\IMM32.DLL
0x00007ffc031b0000 - 0x00007ffc031c5000 	C:\Program Files\Java\jre1.8.0_261\bin\vcruntime140.dll
0x00007ffbfc2a0000 - 0x00007ffbfc33b000 	C:\Program Files\Java\jre1.8.0_261\bin\msvcp140.dll
0x000000005bec0000 - 0x000000005c72c000 	C:\Program Files\Java\jre1.8.0_261\bin\server\jvm.dll
0x00007ffc37530000 - 0x00007ffc37538000 	C:\WINDOWS\System32\PSAPI.DLL
0x00007ffc1e2e0000 - 0x00007ffc1e2e9000 	C:\WINDOWS\SYSTEM32\WSOCK32.dll
0x00007ffc1eae0000 - 0x00007ffc1eb07000 	C:\WINDOWS\SYSTEM32\WINMM.dll
0x00007ffc35a30000 - 0x00007ffc35a3a000 	C:\WINDOWS\SYSTEM32\VERSION.dll
0x00007ffc38c80000 - 0x00007ffc38ceb000 	C:\WINDOWS\System32\WS2_32.dll
0x00007ffc359f0000 - 0x00007ffc35a02000 	C:\WINDOWS\SYSTEM32\kernel.appcore.dll
0x00007ffc32ec0000 - 0x00007ffc32ed0000 	C:\Program Files\Java\jre1.8.0_261\bin\verify.dll
0x00007ffbff830000 - 0x00007ffbff85b000 	C:\Program Files\Java\jre1.8.0_261\bin\java.dll
0x00007ffc02000000 - 0x00007ffc02018000 	C:\Program Files\Java\jre1.8.0_261\bin\zip.dll
0x00007ffc38530000 - 0x00007ffc38c72000 	C:\WINDOWS\System32\SHELL32.dll
0x00007ffc35250000 - 0x00007ffc359e5000 	C:\WINDOWS\SYSTEM32\windows.storage.dll
0x00007ffc38ed0000 - 0x00007ffc39226000 	C:\WINDOWS\System32\combase.dll
0x00007ffc36610000 - 0x00007ffc3663c000 	C:\WINDOWS\SYSTEM32\Wldp.dll
0x00007ffc37e00000 - 0x00007ffc37eae000 	C:\WINDOWS\System32\SHCORE.dll
0x00007ffc38060000 - 0x00007ffc380b5000 	C:\WINDOWS\System32\shlwapi.dll
0x00007ffc36ad0000 - 0x00007ffc36af6000 	C:\WINDOWS\SYSTEM32\profapi.dll
0x00007ffc36560000 - 0x00007ffc36578000 	C:\WINDOWS\SYSTEM32\CRYPTSP.dll
0x00007ffc35cb0000 - 0x00007ffc35ce4000 	C:\WINDOWS\system32\rsaenh.dll
0x00007ffc37350000 - 0x00007ffc37377000 	C:\WINDOWS\System32\bcrypt.dll
0x00007ffc36a90000 - 0x00007ffc36abe000 	C:\WINDOWS\SYSTEM32\USERENV.dll
0x00007ffc36ba0000 - 0x00007ffc36c20000 	C:\WINDOWS\System32\bcryptprimitives.dll
0x00007ffc36580000 - 0x00007ffc3658c000 	C:\WINDOWS\SYSTEM32\CRYPTBASE.dll
0x00007ffc00850000 - 0x00007ffc0086c000 	C:\Program Files\Java\jre1.8.0_261\bin\net.dll
0x00007ffc36390000 - 0x00007ffc363fa000 	C:\WINDOWS\system32\mswsock.dll
0x00007ffc36030000 - 0x00007ffc3606b000 	C:\WINDOWS\SYSTEM32\IPHLPAPI.DLL
0x00007ffc39230000 - 0x00007ffc39238000 	C:\WINDOWS\System32\NSI.dll
0x00007ffc2f1e0000 - 0x00007ffc2f1f7000 	C:\WINDOWS\SYSTEM32\dhcpcsvc6.DLL
0x00007ffc2f150000 - 0x00007ffc2f16d000 	C:\WINDOWS\SYSTEM32\dhcpcsvc.DLL
0x00007ffc36070000 - 0x00007ffc3613b000 	C:\WINDOWS\SYSTEM32\DNSAPI.dll
0x00007ffbffdb0000 - 0x00007ffbffdc3000 	C:\Program Files\Java\jre1.8.0_261\bin\nio.dll
0x00007ffc1e2c0000 - 0x00007ffc1e2d7000 	C:\WINDOWS\system32\napinsp.dll
0x00007ffc1e280000 - 0x00007ffc1e29b000 	C:\WINDOWS\system32\pnrpnsp.dll
0x00007ffc30fa0000 - 0x00007ffc30fb5000 	C:\WINDOWS\system32\wshbth.dll
0x00007ffc32130000 - 0x00007ffc3214d000 	C:\WINDOWS\system32\NLAapi.dll
0x00007ffc1ba40000 - 0x00007ffc1ba52000 	C:\WINDOWS\System32\winrnr.dll
0x00007ffc2e4d0000 - 0x00007ffc2e4da000 	C:\Windows\System32\rasadhlp.dll
0x00007ffc2c590000 - 0x00007ffc2c60f000 	C:\WINDOWS\System32\fwpuclnt.dll

VM Arguments:
jvm_args: -Djava.rmi.server.codebase=file:D:\Universidad\SistemasDeComercio\SimpleRMIAutonomo\SimpleRMIAutonomo\tstMensajeriaExpress.jar 
java_command: D:\Universidad\SistemasDeComercio\SimpleRMIAutonomo\SimpleRMIAutonomo\tstMensajeriaExpress.jar tstmensajeriaexpress.Cliente localhost 200
java_class_path (initial): D:\Universidad\SistemasDeComercio\SimpleRMIAutonomo\SimpleRMIAutonomo\tstMensajeriaExpress.jar
Launcher Type: SUN_STANDARD

Environment Variables:
JAVA_HOME=C:\Program Files\Java\jdk1.8.0_111
CLASSPATH=.;C:\Program Files\Java\jre1.8.0_261;
PATH=C:\Program Files\Java\jre1.8.0_261\bin;C:\Program Files (x86)\Common Files\Oracle\Java\javapath;C:\Program Files\Java\jdk-13.0.2\bin;C:\Windows\system32;C:\Windows;C:\Windows\System32\Wbem;C:\Windows\System32\WindowsPowerShell\v1.0\;C:\Windows\System32\OpenSSH\;C:\Program Files (x86)\NVIDIA Corporation\PhysX\Common;C:\Program Files\MATLAB\R2018a\runtime\win64;C:\Program Files\MATLAB\R2018a\bin;C:\Program Files\NVIDIA Corporation\NVIDIA NvDLISR;C:\Program Files\dotnet\;C:\Program Files\Microsoft SQL Server\130\Tools\Binn\;C:\Program Files\Intel\WiFi\bin\;C:\Program Files\Common Files\Intel\WirelessCommon\;C:\WINDOWS\system32;C:\WINDOWS;C:\WINDOWS\System32\Wbem;C:\WINDOWS\System32\WindowsPowerShell\v1.0\;C:\WINDOWS\System32\OpenSSH\;D:\Perforce;D:\Matlab\runtime\win64;D:\Matlab\bin;D:\PuTTY\;C:\ProgramData\chocolatey\bin;D:\Git\cmd;;D:\AOMEI Backupper;C:\Program Files (x86)\Intel\Intel(R) Management Engine Components\DAL;C:\Program Files\Intel\Intel(R) Management Engine Components\DAL;C:\Program Files\Java\jdk1.8.0_111\bin;C:\Users\Polupero\AppData\Local\Microsoft\WindowsApps;C:\Users\Polupero\AppData\Local\GitHubDesktop\bin
USERNAME=Polupero
OS=Windows_NT
PROCESSOR_IDENTIFIER=Intel64 Family 6 Model 158 Stepping 10, GenuineIntel



---------------  S Y S T E M  ---------------

OS: Windows 10.0 , 64 bit Build 19041 (10.0.19041.662)

CPU:total 12 (initial active 12) (6 cores per cpu, 2 threads per core) family 6 model 158 stepping 10, cmov, cx8, fxsr, mmx, sse, sse2, sse3, ssse3, sse4.1, sse4.2, popcnt, avx, avx2, aes, clmul, erms, 3dnowpref, lzcnt, ht, tsc, tscinvbit, bmi1, bmi2, adx

Memory: 4k page, physical 16566556k(2669364k free), swap 30173336k(60k free)

vm_info: Java HotSpot(TM) 64-Bit Server VM (25.261-b12) for windows-amd64 JRE (1.8.0_261-b12), built on Jun 18 2020 06:56:32 by "" with unknown MS VC++:1916

time: Sun Dec 13 19:05:49 2020
timezone: 
elapsed time: 12 seconds (0d 0h 0m 12s)

