#
# There is insufficient memory for the Java Runtime Environment to continue.
# Native memory allocation (malloc) failed to allocate 360656 bytes for Chunk::new
# Possible reasons:
#   The system is out of physical RAM or swap space
#   The process is running with CompressedOops enabled, and the Java Heap may be blocking the growth of the native heap
# Possible solutions:
#   Reduce memory load on the system
#   Increase physical memory or swap space
#   Check if swap backing store is full
#   Decrease Java heap size (-Xmx/-Xms)
#   Decrease number of Java threads
#   Decrease Java thread stack sizes (-Xss)
#   Set larger code cache with -XX:ReservedCodeCacheSize=
#   JVM is running with Zero Based Compressed Oops mode in which the Java heap is
#     placed in the first 32GB address space. The Java Heap base address is the
#     maximum limit for the native heap growth. Please use -XX:HeapBaseMinAddress
#     to set the Java Heap base and to place the Java Heap above 32GB virtual address.
# This output file may be truncated or incomplete.
#
#  Out of Memory Error (allocation.cpp:389), pid=15348, tid=0x0000000000005ac8
#
# JRE version: Java(TM) SE Runtime Environment (8.0_261-b12) (build 1.8.0_261-b12)
# Java VM: Java HotSpot(TM) 64-Bit Server VM (25.261-b12 mixed mode windows-amd64 compressed oops)
# Failed to write core dump. Minidumps are not enabled by default on client versions of Windows
#

---------------  T H R E A D  ---------------

Current thread (0x0000011fe50a7000):  JavaThread "C2 CompilerThread2" daemon [_thread_in_native, id=23240, stack(0x0000001574700000,0x0000001574800000)]

Stack: [0x0000001574700000,0x0000001574800000]
Native frames: (J=compiled Java code, j=interpreted, Vv=VM code, C=native code)
V  [jvm.dll+0x33e5f9]
V  [jvm.dll+0x2850e2]
V  [jvm.dll+0x285d8d]
V  [jvm.dll+0x27c895]
V  [jvm.dll+0xe4d6c]
V  [jvm.dll+0xe556c]
V  [jvm.dll+0x461812]
V  [jvm.dll+0x49cc3d]
V  [jvm.dll+0x4518c1]
V  [jvm.dll+0x44eb84]
V  [jvm.dll+0x439bc7]
V  [jvm.dll+0xbbbcb]
V  [jvm.dll+0xba22b]
V  [jvm.dll+0x24d962]
V  [jvm.dll+0x2a1cfc]
C  [ucrtbase.dll+0x214c2]
C  [KERNEL32.DLL+0x17034]
C  [ntdll.dll+0x4d0d1]


Current CompileTask:
C2:  23656 2668       4       java.io.WinNTFileSystem::normalize (231 bytes)


---------------  P R O C E S S  ---------------

Java Threads: ( => current thread )
  0x0000011fe5a71000 JavaThread "Keep-Alive-Timer" daemon [_thread_blocked, id=7856, stack(0x0000001574e00000,0x0000001574f00000)]
  0x0000011fe5819800 JavaThread "GC Daemon" daemon [_thread_blocked, id=22744, stack(0x0000001574d00000,0x0000001574e00000)]
  0x0000011fe5818000 JavaThread "RMI RenewClean-[192.168.56.1:59084]" daemon [_thread_blocked, id=19728, stack(0x0000001574c00000,0x0000001574d00000)]
  0x0000011fe5817000 JavaThread "RMI Scheduler(0)" daemon [_thread_blocked, id=24228, stack(0x0000001574b00000,0x0000001574c00000)]
  0x0000011fe50ac800 JavaThread "Service Thread" daemon [_thread_blocked, id=23192, stack(0x0000001574900000,0x0000001574a00000)]
  0x0000011fe50a9800 JavaThread "C1 CompilerThread3" daemon [_thread_in_native, id=22648, stack(0x0000001574800000,0x0000001574900000)]
=>0x0000011fe50a7000 JavaThread "C2 CompilerThread2" daemon [_thread_in_native, id=23240, stack(0x0000001574700000,0x0000001574800000)]
  0x0000011fe38c9800 JavaThread "C2 CompilerThread1" daemon [_thread_in_native, id=2688, stack(0x0000001574600000,0x0000001574700000)]
  0x0000011fe38c4800 JavaThread "C2 CompilerThread0" daemon [_thread_in_native, id=22336, stack(0x0000001574500000,0x0000001574600000)]
  0x0000011fe38c1800 JavaThread "Attach Listener" daemon [_thread_blocked, id=20148, stack(0x0000001574400000,0x0000001574500000)]
  0x0000011fe38c0800 JavaThread "Signal Dispatcher" daemon [_thread_blocked, id=5524, stack(0x0000001574300000,0x0000001574400000)]
  0x0000011fe38a4000 JavaThread "Finalizer" daemon [_thread_blocked, id=16120, stack(0x0000001574200000,0x0000001574300000)]
  0x0000011fe387b800 JavaThread "Reference Handler" daemon [_thread_blocked, id=7672, stack(0x0000001574100000,0x0000001574200000)]
  0x0000011fc7ff0800 JavaThread "main" [_thread_in_Java, id=25492, stack(0x0000001573500000,0x0000001573600000)]

Other Threads:
  0x0000011fe3871800 VMThread [stack: 0x0000001574000000,0x0000001574100000] [id=16544]
  0x0000011fe50b1000 WatcherThread [stack: 0x0000001574a00000,0x0000001574b00000] [id=15864]

VM state:not at safepoint (normal execution)

VM Mutex/Monitor currently owned by a thread: None

heap address: 0x00000006c3200000, size: 4046 MB, Compressed Oops mode: Zero based, Oop shift amount: 3
Narrow klass base: 0x0000000000000000, Narrow klass shift: 3
Compressed class space size: 1073741824 Address: 0x00000007c0000000

Heap:
 PSYoungGen      total 75776K, used 15841K [0x000000076bb80000, 0x0000000774f80000, 0x00000007c0000000)
  eden space 65024K, 14% used [0x000000076bb80000,0x000000076c4b8660,0x000000076fb00000)
  from space 10752K, 59% used [0x0000000770580000,0x0000000770bc0020,0x0000000771000000)
  to   space 10752K, 0% used [0x000000076fb00000,0x000000076fb00000,0x0000000770580000)
 ParOldGen       total 173568K, used 1820K [0x00000006c3200000, 0x00000006cdb80000, 0x000000076bb80000)
  object space 173568K, 1% used [0x00000006c3200000,0x00000006c33c7278,0x00000006cdb80000)
 Metaspace       used 14152K, capacity 14504K, committed 14720K, reserved 1062912K
  class space    used 1701K, capacity 1802K, committed 1920K, reserved 1048576K

Card table byte_map: [0x0000011fd8db0000,0x0000011fd95a0000] byte_map_base: 0x0000011fd5797000

Marking Bits: (ParMarkBitMap*) 0x000000005c6b4fb0
 Begin Bits: [0x0000011fd9af0000, 0x0000011fdda28000)
 End Bits:   [0x0000011fdda28000, 0x0000011fe1960000)

Polling page: 0x0000011fc8100000

CodeCache: size=245760Kb used=9042Kb max_used=9045Kb free=236717Kb
 bounds [0x0000011fc99f0000, 0x0000011fca2d0000, 0x0000011fd89f0000]
 total_blobs=3024 nmethods=2679 adapters=257
 compilation: enabled

Compilation events (10 events):
Event: 23.512 Thread 0x0000011fe50a9800 nmethod 2664 0x0000011fca2aa9d0 code [0x0000011fca2aaba0, 0x0000011fca2ab6e0]
Event: 23.560 Thread 0x0000011fe50a9800 2666       3       java.util.zip.ZipCoder::toString (190 bytes)
Event: 23.562 Thread 0x0000011fe50a9800 nmethod 2666 0x0000011fca2b7050 code [0x0000011fca2b73e0, 0x0000011fca2b9380]
Event: 23.562 Thread 0x0000011fe50a9800 2667       3       java.util.zip.ZipEntry::setExtra0 (360 bytes)
Event: 23.563 Thread 0x0000011fe50a7000 2668       4       java.io.WinNTFileSystem::normalize (231 bytes)
Event: 23.568 Thread 0x0000011fe50a9800 nmethod 2667 0x0000011fca2ba410 code [0x0000011fca2baa40, 0x0000011fca2bebb0]
Event: 23.569 Thread 0x0000011fe50a9800 2665       3       java.util.zip.ZipEntry::<init> (43 bytes)
Event: 23.569 Thread 0x0000011fe50a9800 nmethod 2665 0x0000011fca2b4410 code [0x0000011fca2b4560, 0x0000011fca2b4778]
Event: 23.569 Thread 0x0000011fe50a9800 2669   !   3       sun.reflect.GeneratedMethodAccessor12::invoke (57 bytes)
Event: 23.569 Thread 0x0000011fe50a9800 nmethod 2669 0x0000011fca2b37d0 code [0x0000011fca2b39a0, 0x0000011fca2b4050]

GC Heap History (6 events):
Event: 7.870 GC heap before
{Heap before GC invocations=1 (full 0):
 PSYoungGen      total 75776K, used 14305K [0x000000076bb80000, 0x0000000771000000, 0x00000007c0000000)
  eden space 65024K, 22% used [0x000000076bb80000,0x000000076c978740,0x000000076fb00000)
  from space 10752K, 0% used [0x0000000770580000,0x0000000770580000,0x0000000771000000)
  to   space 10752K, 0% used [0x000000076fb00000,0x000000076fb00000,0x0000000770580000)
 ParOldGen       total 173568K, used 0K [0x00000006c3200000, 0x00000006cdb80000, 0x000000076bb80000)
  object space 173568K, 0% used [0x00000006c3200000,0x00000006c3200000,0x00000006cdb80000)
 Metaspace       used 10981K, capacity 11136K, committed 11264K, reserved 1058816K
  class space    used 1432K, capacity 1496K, committed 1536K, reserved 1048576K
Event: 8.208 GC heap after
Heap after GC invocations=1 (full 0):
 PSYoungGen      total 75776K, used 1856K [0x000000076bb80000, 0x0000000771000000, 0x00000007c0000000)
  eden space 65024K, 0% used [0x000000076bb80000,0x000000076bb80000,0x000000076fb00000)
  from space 10752K, 17% used [0x000000076fb00000,0x000000076fcd0020,0x0000000770580000)
  to   space 10752K, 0% used [0x0000000770580000,0x0000000770580000,0x0000000771000000)
 ParOldGen       total 173568K, used 80K [0x00000006c3200000, 0x00000006cdb80000, 0x000000076bb80000)
  object space 173568K, 0% used [0x00000006c3200000,0x00000006c3214010,0x00000006cdb80000)
 Metaspace       used 10981K, capacity 11136K, committed 11264K, reserved 1058816K
  class space    used 1432K, capacity 1496K, committed 1536K, reserved 1048576K
}
Event: 8.208 GC heap before
{Heap before GC invocations=2 (full 1):
 PSYoungGen      total 75776K, used 1856K [0x000000076bb80000, 0x0000000771000000, 0x00000007c0000000)
  eden space 65024K, 0% used [0x000000076bb80000,0x000000076bb80000,0x000000076fb00000)
  from space 10752K, 17% used [0x000000076fb00000,0x000000076fcd0020,0x0000000770580000)
  to   space 10752K, 0% used [0x0000000770580000,0x0000000770580000,0x0000000771000000)
 ParOldGen       total 173568K, used 80K [0x00000006c3200000, 0x00000006cdb80000, 0x000000076bb80000)
  object space 173568K, 0% used [0x00000006c3200000,0x00000006c3214010,0x00000006cdb80000)
 Metaspace       used 10981K, capacity 11136K, committed 11264K, reserved 1058816K
  class space    used 1432K, capacity 1496K, committed 1536K, reserved 1048576K
Event: 8.692 GC heap after
Heap after GC invocations=2 (full 1):
 PSYoungGen      total 75776K, used 0K [0x000000076bb80000, 0x0000000771000000, 0x00000007c0000000)
  eden space 65024K, 0% used [0x000000076bb80000,0x000000076bb80000,0x000000076fb00000)
  from space 10752K, 0% used [0x000000076fb00000,0x000000076fb00000,0x0000000770580000)
  to   space 10752K, 0% used [0x0000000770580000,0x0000000770580000,0x0000000771000000)
 ParOldGen       total 173568K, used 1812K [0x00000006c3200000, 0x00000006cdb80000, 0x000000076bb80000)
  object space 173568K, 1% used [0x00000006c3200000,0x00000006c33c5278,0x00000006cdb80000)
 Metaspace       used 10981K, capacity 11136K, committed 11264K, reserved 1058816K
  class space    used 1432K, capacity 1496K, committed 1536K, reserved 1048576K
}
Event: 22.193 GC heap before
{Heap before GC invocations=3 (full 1):
 PSYoungGen      total 75776K, used 65024K [0x000000076bb80000, 0x0000000771000000, 0x00000007c0000000)
  eden space 65024K, 100% used [0x000000076bb80000,0x000000076fb00000,0x000000076fb00000)
  from space 10752K, 0% used [0x000000076fb00000,0x000000076fb00000,0x0000000770580000)
  to   space 10752K, 0% used [0x0000000770580000,0x0000000770580000,0x0000000771000000)
 ParOldGen       total 173568K, used 1812K [0x00000006c3200000, 0x00000006cdb80000, 0x000000076bb80000)
  object space 173568K, 1% used [0x00000006c3200000,0x00000006c33c5278,0x00000006cdb80000)
 Metaspace       used 14056K, capacity 14440K, committed 14720K, reserved 1062912K
  class space    used 1701K, capacity 1802K, committed 1920K, reserved 1048576K
Event: 22.434 GC heap after
Heap after GC invocations=3 (full 1):
 PSYoungGen      total 75776K, used 6400K [0x000000076bb80000, 0x0000000774f80000, 0x00000007c0000000)
  eden space 65024K, 0% used [0x000000076bb80000,0x000000076bb80000,0x000000076fb00000)
  from space 10752K, 59% used [0x0000000770580000,0x0000000770bc0020,0x0000000771000000)
  to   space 10752K, 0% used [0x000000076fb00000,0x000000076fb00000,0x0000000770580000)
 ParOldGen       total 173568K, used 1820K [0x00000006c3200000, 0x00000006cdb80000, 0x000000076bb80000)
  object space 173568K, 1% used [0x00000006c3200000,0x00000006c33c7278,0x00000006cdb80000)
 Metaspace       used 14056K, capacity 14440K, committed 14720K, reserved 1062912K
  class space    used 1701K, capacity 1802K, committed 1920K, reserved 1048576K
}

Deoptimization events (3 events):
Event: 5.024 Thread 0x0000011fc7ff0800 Uncommon trap: reason=range_check action=make_not_entrant pc=0x0000011fc9c18728 method=sun.reflect.generics.parser.SignatureParser.current()C @ 34
Event: 8.739 Thread 0x0000011fc7ff0800 Uncommon trap: reason=unstable_if action=reinterpret pc=0x0000011fc9c3a6fc method=java.lang.CharacterDataLatin1.isWhitespace(I)Z @ 14
Event: 15.590 Thread 0x0000011fc7ff0800 Uncommon trap: reason=unstable_if action=reinterpret pc=0x0000011fc9f4ac7c method=com.sun.org.apache.xerces.internal.impl.XMLEntityScanner.peekChar()I @ 14

Classes redefined (0 events):
No events

Internal exceptions (10 events):
Event: 23.259 Thread 0x0000011fc7ff0800 Exception <a 'java/lang/ClassNotFoundException': com/sun/org/glassfish/hk2/osgiresourcelocator/ServiceLoader> (0x000000076c0ea498) thrown at [C:\jenkins\workspace\8-2-build-windows-amd64-cygwin\jdk8u261\295\hotspot\src\share\vm\classfile\systemDictionary.
Event: 23.265 Thread 0x0000011fc7ff0800 Exception <a 'java/lang/ClassNotFoundException': javax/servlet/ServletContext> (0x000000076c13fed0) thrown at [C:\jenkins\workspace\8-2-build-windows-amd64-cygwin\jdk8u261\295\hotspot\src\share\vm\classfile\systemDictionary.cpp, line 210]
Event: 23.316 Thread 0x0000011fc7ff0800 Exception <a 'java/lang/ClassNotFoundException': com/sun/org/glassfish/hk2/osgiresourcelocator/ServiceLoader> (0x000000076c162878) thrown at [C:\jenkins\workspace\8-2-build-windows-amd64-cygwin\jdk8u261\295\hotspot\src\share\vm\classfile\systemDictionary.
Event: 23.321 Thread 0x0000011fc7ff0800 Exception <a 'java/lang/ClassNotFoundException': javax/servlet/ServletContext> (0x000000076c1b8298) thrown at [C:\jenkins\workspace\8-2-build-windows-amd64-cygwin\jdk8u261\295\hotspot\src\share\vm\classfile\systemDictionary.cpp, line 210]
Event: 23.435 Thread 0x0000011fc7ff0800 Exception <a 'java/lang/ClassNotFoundException': com/sun/org/glassfish/hk2/osgiresourcelocator/ServiceLoader> (0x000000076c1daf00) thrown at [C:\jenkins\workspace\8-2-build-windows-amd64-cygwin\jdk8u261\295\hotspot\src\share\vm\classfile\systemDictionary.
Event: 23.470 Thread 0x0000011fc7ff0800 Exception <a 'java/lang/ClassNotFoundException': javax/servlet/ServletContext> (0x000000076c230920) thrown at [C:\jenkins\workspace\8-2-build-windows-amd64-cygwin\jdk8u261\295\hotspot\src\share\vm\classfile\systemDictionary.cpp, line 210]
Event: 23.503 Thread 0x0000011fc7ff0800 Exception <a 'java/lang/ClassNotFoundException': com/sun/org/glassfish/hk2/osgiresourcelocator/ServiceLoader> (0x000000076c253210) thrown at [C:\jenkins\workspace\8-2-build-windows-amd64-cygwin\jdk8u261\295\hotspot\src\share\vm\classfile\systemDictionary.
Event: 23.509 Thread 0x0000011fc7ff0800 Exception <a 'java/lang/ClassNotFoundException': javax/servlet/ServletContext> (0x000000076c2a8c30) thrown at [C:\jenkins\workspace\8-2-build-windows-amd64-cygwin\jdk8u261\295\hotspot\src\share\vm\classfile\systemDictionary.cpp, line 210]
Event: 23.560 Thread 0x0000011fc7ff0800 Exception <a 'java/lang/ClassNotFoundException': com/sun/org/glassfish/hk2/osgiresourcelocator/ServiceLoader> (0x000000076c2cb770) thrown at [C:\jenkins\workspace\8-2-build-windows-amd64-cygwin\jdk8u261\295\hotspot\src\share\vm\classfile\systemDictionary.
Event: 23.564 Thread 0x0000011fc7ff0800 Exception <a 'java/lang/ClassNotFoundException': javax/servlet/ServletContext> (0x000000076c321190) thrown at [C:\jenkins\workspace\8-2-build-windows-amd64-cygwin\jdk8u261\295\hotspot\src\share\vm\classfile\systemDictionary.cpp, line 210]

Events (10 events):
Event: 23.469 loading class javax/servlet/ServletContext
Event: 23.469 loading class javax/servlet/ServletContext done
Event: 23.503 loading class com/sun/org/glassfish/hk2/osgiresourcelocator/ServiceLoader
Event: 23.503 loading class com/sun/org/glassfish/hk2/osgiresourcelocator/ServiceLoader done
Event: 23.509 loading class javax/servlet/ServletContext
Event: 23.509 loading class javax/servlet/ServletContext done
Event: 23.560 loading class com/sun/org/glassfish/hk2/osgiresourcelocator/ServiceLoader
Event: 23.560 loading class com/sun/org/glassfish/hk2/osgiresourcelocator/ServiceLoader done
Event: 23.564 loading class javax/servlet/ServletContext
Event: 23.564 loading class javax/servlet/ServletContext done


Dynamic libraries:
0x00007ff79bf70000 - 0x00007ff79bfb7000 	C:\Program Files\Java\jre1.8.0_261\bin\java.exe
0x00007ffc39490000 - 0x00007ffc39686000 	C:\WINDOWS\SYSTEM32\ntdll.dll
0x00007ffc37bb0000 - 0x00007ffc37c6d000 	C:\WINDOWS\System32\KERNEL32.DLL
0x00007ffc36f20000 - 0x00007ffc371e9000 	C:\WINDOWS\System32\KERNELBASE.dll
0x00007ffc39370000 - 0x00007ffc3941c000 	C:\WINDOWS\System32\ADVAPI32.dll
0x00007ffc37a30000 - 0x00007ffc37ace000 	C:\WINDOWS\System32\msvcrt.dll
0x00007ffc37d30000 - 0x00007ffc37dcc000 	C:\WINDOWS\System32\sechost.dll
0x00007ffc39240000 - 0x00007ffc3936b000 	C:\WINDOWS\System32\RPCRT4.dll
0x00007ffc37890000 - 0x00007ffc37a30000 	C:\WINDOWS\System32\USER32.dll
0x00007ffc37380000 - 0x00007ffc373a2000 	C:\WINDOWS\System32\win32u.dll
0x00007ffc38cf0000 - 0x00007ffc38d1a000 	C:\WINDOWS\System32\GDI32.dll
0x00007ffc36c20000 - 0x00007ffc36d29000 	C:\WINDOWS\System32\gdi32full.dll
0x00007ffc36e80000 - 0x00007ffc36f1d000 	C:\WINDOWS\System32\msvcp_win.dll
0x00007ffc36d30000 - 0x00007ffc36e30000 	C:\WINDOWS\System32\ucrtbase.dll
0x00007ffc1bde0000 - 0x00007ffc1c07b000 	C:\WINDOWS\WinSxS\amd64_microsoft.windows.common-controls_6595b64144ccf1df_6.0.19041.488_none_ca04af081b815d21\COMCTL32.dll
0x00007ffc37dd0000 - 0x00007ffc37e00000 	C:\WINDOWS\System32\IMM32.DLL
0x00007ffc031b0000 - 0x00007ffc031c5000 	C:\Program Files\Java\jre1.8.0_261\bin\vcruntime140.dll
0x00007ffbfc2a0000 - 0x00007ffbfc33b000 	C:\Program Files\Java\jre1.8.0_261\bin\msvcp140.dll
0x000000005bec0000 - 0x000000005c72c000 	C:\Program Files\Java\jre1.8.0_261\bin\server\jvm.dll
0x00007ffc37530000 - 0x00007ffc37538000 	C:\WINDOWS\System32\PSAPI.DLL
0x00007ffc1e2e0000 - 0x00007ffc1e2e9000 	C:\WINDOWS\SYSTEM32\WSOCK32.dll
0x00007ffc38c80000 - 0x00007ffc38ceb000 	C:\WINDOWS\System32\WS2_32.dll
0x00007ffc1eae0000 - 0x00007ffc1eb07000 	C:\WINDOWS\SYSTEM32\WINMM.dll
0x00007ffc35a30000 - 0x00007ffc35a3a000 	C:\WINDOWS\SYSTEM32\VERSION.dll
0x00007ffc359f0000 - 0x00007ffc35a02000 	C:\WINDOWS\SYSTEM32\kernel.appcore.dll
0x00007ffc32ec0000 - 0x00007ffc32ed0000 	C:\Program Files\Java\jre1.8.0_261\bin\verify.dll
0x00007ffbff830000 - 0x00007ffbff85b000 	C:\Program Files\Java\jre1.8.0_261\bin\java.dll
0x00007ffc02000000 - 0x00007ffc02018000 	C:\Program Files\Java\jre1.8.0_261\bin\zip.dll
0x00007ffc38530000 - 0x00007ffc38c72000 	C:\WINDOWS\System32\SHELL32.dll
0x00007ffc35250000 - 0x00007ffc359e5000 	C:\WINDOWS\SYSTEM32\windows.storage.dll
0x00007ffc38ed0000 - 0x00007ffc39226000 	C:\WINDOWS\System32\combase.dll
0x00007ffc36610000 - 0x00007ffc3663c000 	C:\WINDOWS\SYSTEM32\Wldp.dll
0x00007ffc37e00000 - 0x00007ffc37eae000 	C:\WINDOWS\System32\SHCORE.dll
0x00007ffc38060000 - 0x00007ffc380b5000 	C:\WINDOWS\System32\shlwapi.dll
0x00007ffc36ad0000 - 0x00007ffc36af6000 	C:\WINDOWS\SYSTEM32\profapi.dll
0x00007ffc36560000 - 0x00007ffc36578000 	C:\WINDOWS\SYSTEM32\CRYPTSP.dll
0x00007ffc35cb0000 - 0x00007ffc35ce4000 	C:\WINDOWS\system32\rsaenh.dll
0x00007ffc37350000 - 0x00007ffc37377000 	C:\WINDOWS\System32\bcrypt.dll
0x00007ffc36a90000 - 0x00007ffc36abe000 	C:\WINDOWS\SYSTEM32\USERENV.dll
0x00007ffc36ba0000 - 0x00007ffc36c20000 	C:\WINDOWS\System32\bcryptprimitives.dll
0x00007ffc36580000 - 0x00007ffc3658c000 	C:\WINDOWS\SYSTEM32\CRYPTBASE.dll
0x00007ffc00850000 - 0x00007ffc0086c000 	C:\Program Files\Java\jre1.8.0_261\bin\net.dll
0x00007ffc36390000 - 0x00007ffc363fa000 	C:\WINDOWS\system32\mswsock.dll
0x00007ffc36030000 - 0x00007ffc3606b000 	C:\WINDOWS\SYSTEM32\IPHLPAPI.DLL
0x00007ffc39230000 - 0x00007ffc39238000 	C:\WINDOWS\System32\NSI.dll
0x00007ffc2f1e0000 - 0x00007ffc2f1f7000 	C:\WINDOWS\SYSTEM32\dhcpcsvc6.DLL
0x00007ffc2f150000 - 0x00007ffc2f16d000 	C:\WINDOWS\SYSTEM32\dhcpcsvc.DLL
0x00007ffc36070000 - 0x00007ffc3613b000 	C:\WINDOWS\SYSTEM32\DNSAPI.dll
0x00007ffbffdb0000 - 0x00007ffbffdc3000 	C:\Program Files\Java\jre1.8.0_261\bin\nio.dll
0x00007ffc1e2c0000 - 0x00007ffc1e2d7000 	C:\WINDOWS\system32\napinsp.dll
0x00007ffc1e280000 - 0x00007ffc1e29b000 	C:\WINDOWS\system32\pnrpnsp.dll
0x00007ffc30fa0000 - 0x00007ffc30fb5000 	C:\WINDOWS\system32\wshbth.dll
0x00007ffc32130000 - 0x00007ffc3214d000 	C:\WINDOWS\system32\NLAapi.dll
0x00007ffc1ba40000 - 0x00007ffc1ba52000 	C:\WINDOWS\System32\winrnr.dll
0x00007ffc2e4d0000 - 0x00007ffc2e4da000 	C:\Windows\System32\rasadhlp.dll
0x00007ffc2c590000 - 0x00007ffc2c60f000 	C:\WINDOWS\System32\fwpuclnt.dll
0x00007ffc34850000 - 0x00007ffc34a34000 	C:\WINDOWS\SYSTEM32\dbghelp.dll

VM Arguments:
jvm_args: -Djava.rmi.server.codebase=file:D:\Universidad\SistemasDeComercio\SimpleRMIAutonomo\SimpleRMIAutonomo\tstTiendaElectronica.jar 
java_command: D:\Universidad\SistemasDeComercio\SimpleRMIAutonomo\SimpleRMIAutonomo\tstTiendaElectronica.jar tsttiendaelectronica.Cliente localhost 200
java_class_path (initial): D:\Universidad\SistemasDeComercio\SimpleRMIAutonomo\SimpleRMIAutonomo\tstTiendaElectronica.jar
Launcher Type: SUN_STANDARD

Environment Variables:
JAVA_HOME=C:\Program Files\Java\jdk1.8.0_111
CLASSPATH=.;C:\Program Files\Java\jre1.8.0_261;
PATH=C:\Program Files\Java\jre1.8.0_261\bin;C:\Program Files (x86)\Common Files\Oracle\Java\javapath;C:\Program Files\Java\jdk-13.0.2\bin;C:\Windows\system32;C:\Windows;C:\Windows\System32\Wbem;C:\Windows\System32\WindowsPowerShell\v1.0\;C:\Windows\System32\OpenSSH\;C:\Program Files (x86)\NVIDIA Corporation\PhysX\Common;C:\Program Files\MATLAB\R2018a\runtime\win64;C:\Program Files\MATLAB\R2018a\bin;C:\Program Files\NVIDIA Corporation\NVIDIA NvDLISR;C:\Program Files\dotnet\;C:\Program Files\Microsoft SQL Server\130\Tools\Binn\;C:\Program Files\Intel\WiFi\bin\;C:\Program Files\Common Files\Intel\WirelessCommon\;C:\WINDOWS\system32;C:\WINDOWS;C:\WINDOWS\System32\Wbem;C:\WINDOWS\System32\WindowsPowerShell\v1.0\;C:\WINDOWS\System32\OpenSSH\;D:\Perforce;D:\Matlab\runtime\win64;D:\Matlab\bin;D:\PuTTY\;C:\ProgramData\chocolatey\bin;D:\Git\cmd;;D:\AOMEI Backupper;C:\Program Files (x86)\Intel\Intel(R) Management Engine Components\DAL;C:\Program Files\Intel\Intel(R) Management Engine Components\DAL;C:\Program Files\Java\jdk1.8.0_111\bin;C:\Users\Polupero\AppData\Local\Microsoft\WindowsApps;C:\Users\Polupero\AppData\Local\GitHubDesktop\bin
USERNAME=Polupero
OS=Windows_NT
PROCESSOR_IDENTIFIER=Intel64 Family 6 Model 158 Stepping 10, GenuineIntel



---------------  S Y S T E M  ---------------

OS: Windows 10.0 , 64 bit Build 19041 (10.0.19041.662)

CPU:total 12 (initial active 12) (6 cores per cpu, 2 threads per core) family 6 model 158 stepping 10, cmov, cx8, fxsr, mmx, sse, sse2, sse3, ssse3, sse4.1, sse4.2, popcnt, avx, avx2, aes, clmul, erms, 3dnowpref, lzcnt, ht, tsc, tscinvbit, bmi1, bmi2, adx

Memory: 4k page, physical 16566556k(1772088k free), swap 30173336k(5344k free)

vm_info: Java HotSpot(TM) 64-Bit Server VM (25.261-b12) for windows-amd64 JRE (1.8.0_261-b12), built on Jun 18 2020 06:56:32 by "" with unknown MS VC++:1916

time: Sun Dec 13 18:47:41 2020
timezone: Hora estándar central (México)
elapsed time: 23 seconds (0d 0h 0m 23s)

