#
# There is insufficient memory for the Java Runtime Environment to continue.
# Native memory allocation (malloc) failed to allocate 32784 bytes for Chunk::new
# Possible reasons:
#   The system is out of physical RAM or swap space
#   The process is running with CompressedOops enabled, and the Java Heap may be blocking the growth of the native heap
# Possible solutions:
#   Reduce memory load on the system
#   Increase physical memory or swap space
#   Check if swap backing store is full
#   Decrease Java heap size (-Xmx/-Xms)
#   Decrease number of Java threads
#   Decrease Java thread stack sizes (-Xss)
#   Set larger code cache with -XX:ReservedCodeCacheSize=
#   JVM is running with Zero Based Compressed Oops mode in which the Java heap is
#     placed in the first 32GB address space. The Java Heap base address is the
#     maximum limit for the native heap growth. Please use -XX:HeapBaseMinAddress
#     to set the Java Heap base and to place the Java Heap above 32GB virtual address.
# This output file may be truncated or incomplete.
#
#  Out of Memory Error (allocation.cpp:389), pid=1632, tid=0x000000000000533c
#
# JRE version: Java(TM) SE Runtime Environment (8.0_261-b12) (build 1.8.0_261-b12)
# Java VM: Java HotSpot(TM) 64-Bit Server VM (25.261-b12 mixed mode windows-amd64 compressed oops)
# Failed to write core dump. Minidumps are not enabled by default on client versions of Windows
#

---------------  T H R E A D  ---------------

Current thread (0x00000233b737d800):  JavaThread "C2 CompilerThread2" daemon [_thread_in_native, id=21308, stack(0x000000edadf00000,0x000000edae000000)]

Stack: [0x000000edadf00000,0x000000edae000000]
Native frames: (J=compiled Java code, j=interpreted, Vv=VM code, C=native code)
V  [jvm.dll+0x33e5f9]


Current CompileTask:
C2:  12009 1863       4       sun.reflect.generics.parser.SignatureParser::parsePackageNameAndSimpleClassTypeSignature (139 bytes)


---------------  P R O C E S S  ---------------

Java Threads: ( => current thread )
  0x00000233b93d1800 JavaThread "Keep-Alive-Timer" daemon [_thread_blocked, id=3784, stack(0x000000edae600000,0x000000edae700000)]
  0x00000233b929a800 JavaThread "GC Daemon" daemon [_thread_blocked, id=19360, stack(0x000000edae500000,0x000000edae600000)]
  0x00000233b9297800 JavaThread "RMI RenewClean-[192.168.56.1:50681]" daemon [_thread_blocked, id=25456, stack(0x000000edae400000,0x000000edae500000)]
  0x00000233b9294800 JavaThread "RMI Scheduler(0)" daemon [_thread_blocked, id=22376, stack(0x000000edae300000,0x000000edae400000)]
  0x00000233b8b32800 JavaThread "Service Thread" daemon [_thread_blocked, id=18868, stack(0x000000edae100000,0x000000edae200000)]
  0x00000233b737e800 JavaThread "C1 CompilerThread3" daemon [_thread_blocked, id=16628, stack(0x000000edae000000,0x000000edae100000)]
=>0x00000233b737d800 JavaThread "C2 CompilerThread2" daemon [_thread_in_native, id=21308, stack(0x000000edadf00000,0x000000edae000000)]
  0x00000233b737d000 JavaThread "C2 CompilerThread1" daemon [_thread_blocked, id=8832, stack(0x000000edade00000,0x000000edadf00000)]
  0x00000233b7336000 JavaThread "C2 CompilerThread0" daemon [_thread_blocked, id=5416, stack(0x000000edadd00000,0x000000edade00000)]
  0x00000233b7331800 JavaThread "Attach Listener" daemon [_thread_blocked, id=9016, stack(0x000000edadc00000,0x000000edadd00000)]
  0x00000233b7330800 JavaThread "Signal Dispatcher" daemon [_thread_blocked, id=11864, stack(0x000000edadb00000,0x000000edadc00000)]
  0x00000233b7313000 JavaThread "Finalizer" daemon [_thread_blocked, id=24056, stack(0x000000edada00000,0x000000edadb00000)]
  0x00000233b72eb800 JavaThread "Reference Handler" daemon [_thread_blocked, id=25576, stack(0x000000edad900000,0x000000edada00000)]
  0x000002339ba62800 JavaThread "main" [_thread_in_vm, id=25096, stack(0x000000edacd00000,0x000000edace00000)]

Other Threads:
  0x00000233b72e5000 VMThread [stack: 0x000000edad800000,0x000000edad900000] [id=4488]
  0x00000233b8b4b000 WatcherThread [stack: 0x000000edae200000,0x000000edae300000] [id=15508]

VM state:not at safepoint (normal execution)

VM Mutex/Monitor currently owned by a thread: None

heap address: 0x00000006c3200000, size: 4046 MB, Compressed Oops mode: Zero based, Oop shift amount: 3
Narrow klass base: 0x0000000000000000, Narrow klass shift: 3
Compressed class space size: 1073741824 Address: 0x00000007c0000000

Heap:
 PSYoungGen      total 75776K, used 32948K [0x000000076bb80000, 0x0000000771000000, 0x00000007c0000000)
  eden space 65024K, 50% used [0x000000076bb80000,0x000000076dbad350,0x000000076fb00000)
  from space 10752K, 0% used [0x000000076fb00000,0x000000076fb00000,0x0000000770580000)
  to   space 10752K, 0% used [0x0000000770580000,0x0000000770580000,0x0000000771000000)
 ParOldGen       total 173568K, used 1327K [0x00000006c3200000, 0x00000006cdb80000, 0x000000076bb80000)
  object space 173568K, 0% used [0x00000006c3200000,0x00000006c334bf30,0x00000006cdb80000)
 Metaspace       used 13618K, capacity 13972K, committed 14080K, reserved 1060864K
  class space    used 1673K, capacity 1788K, committed 1792K, reserved 1048576K

Card table byte_map: [0x00000233ac820000,0x00000233ad010000] byte_map_base: 0x00000233a9207000

Marking Bits: (ParMarkBitMap*) 0x000000005c6b4fb0
 Begin Bits: [0x00000233ad560000, 0x00000233b1498000)
 End Bits:   [0x00000233b1498000, 0x00000233b53d0000)

Polling page: 0x000002339bbd0000

CodeCache: size=245760Kb used=6427Kb max_used=6427Kb free=239332Kb
 bounds [0x000002339d460000, 0x000002339dab0000, 0x00000233ac460000]
 total_blobs=2214 nmethods=1870 adapters=256
 compilation: enabled

Compilation events (10 events):
Event: 11.689 Thread 0x00000233b737e800 nmethod 1858 0x000002339da98190 code [0x000002339da98320, 0x000002339da98670]
Event: 11.689 Thread 0x00000233b737e800 1859       3       java.util.concurrent.ConcurrentLinkedQueue$Node::<init> (16 bytes)
Event: 11.690 Thread 0x00000233b737e800 nmethod 1859 0x000002339da74850 code [0x000002339da749a0, 0x000002339da74b78]
Event: 11.903 Thread 0x00000233b737e800 1860       3       java.util.IdentityHashMap$IdentityHashMapIterator::<init> (6 bytes)
Event: 11.903 Thread 0x00000233b737e800 nmethod 1860 0x000002339da97e10 code [0x000002339da97f80, 0x000002339da98110]
Event: 11.903 Thread 0x00000233b737e800 1861       3       java.util.IdentityHashMap$IdentityHashMapIterator::<init> (63 bytes)
Event: 11.904 Thread 0x00000233b737e800 nmethod 1861 0x000002339da978d0 code [0x000002339da97a40, 0x000002339da97cd8]
Event: 11.924 Thread 0x00000233b737e800 1862       3       com.sun.xml.internal.bind.api.impl.NameUtil::escape (56 bytes)
Event: 11.924 Thread 0x00000233b737d800 1863       4       sun.reflect.generics.parser.SignatureParser::parsePackageNameAndSimpleClassTypeSignature (139 bytes)
Event: 11.926 Thread 0x00000233b737e800 nmethod 1862 0x000002339da96190 code [0x000002339da963e0, 0x000002339da97190]

GC Heap History (4 events):
Event: 3.176 GC heap before
{Heap before GC invocations=1 (full 0):
 PSYoungGen      total 75776K, used 9103K [0x000000076bb80000, 0x0000000771000000, 0x00000007c0000000)
  eden space 65024K, 14% used [0x000000076bb80000,0x000000076c463f60,0x000000076fb00000)
  from space 10752K, 0% used [0x0000000770580000,0x0000000770580000,0x0000000771000000)
  to   space 10752K, 0% used [0x000000076fb00000,0x000000076fb00000,0x0000000770580000)
 ParOldGen       total 173568K, used 0K [0x00000006c3200000, 0x00000006cdb80000, 0x000000076bb80000)
  object space 173568K, 0% used [0x00000006c3200000,0x00000006c3200000,0x00000006cdb80000)
 Metaspace       used 8364K, capacity 8584K, committed 8832K, reserved 1056768K
  class space    used 1014K, capacity 1062K, committed 1152K, reserved 1048576K
Event: 3.215 GC heap after
Heap after GC invocations=1 (full 0):
 PSYoungGen      total 75776K, used 1376K [0x000000076bb80000, 0x0000000771000000, 0x00000007c0000000)
  eden space 65024K, 0% used [0x000000076bb80000,0x000000076bb80000,0x000000076fb00000)
  from space 10752K, 12% used [0x000000076fb00000,0x000000076fc58020,0x0000000770580000)
  to   space 10752K, 0% used [0x0000000770580000,0x0000000770580000,0x0000000771000000)
 ParOldGen       total 173568K, used 72K [0x00000006c3200000, 0x00000006cdb80000, 0x000000076bb80000)
  object space 173568K, 0% used [0x00000006c3200000,0x00000006c3212010,0x00000006cdb80000)
 Metaspace       used 8364K, capacity 8584K, committed 8832K, reserved 1056768K
  class space    used 1014K, capacity 1062K, committed 1152K, reserved 1048576K
}
Event: 3.215 GC heap before
{Heap before GC invocations=2 (full 1):
 PSYoungGen      total 75776K, used 1376K [0x000000076bb80000, 0x0000000771000000, 0x00000007c0000000)
  eden space 65024K, 0% used [0x000000076bb80000,0x000000076bb80000,0x000000076fb00000)
  from space 10752K, 12% used [0x000000076fb00000,0x000000076fc58020,0x0000000770580000)
  to   space 10752K, 0% used [0x0000000770580000,0x0000000770580000,0x0000000771000000)
 ParOldGen       total 173568K, used 72K [0x00000006c3200000, 0x00000006cdb80000, 0x000000076bb80000)
  object space 173568K, 0% used [0x00000006c3200000,0x00000006c3212010,0x00000006cdb80000)
 Metaspace       used 8364K, capacity 8584K, committed 8832K, reserved 1056768K
  class space    used 1014K, capacity 1062K, committed 1152K, reserved 1048576K
Event: 3.235 GC heap after
Heap after GC invocations=2 (full 1):
 PSYoungGen      total 75776K, used 0K [0x000000076bb80000, 0x0000000771000000, 0x00000007c0000000)
  eden space 65024K, 0% used [0x000000076bb80000,0x000000076bb80000,0x000000076fb00000)
  from space 10752K, 0% used [0x000000076fb00000,0x000000076fb00000,0x0000000770580000)
  to   space 10752K, 0% used [0x0000000770580000,0x0000000770580000,0x0000000771000000)
 ParOldGen       total 173568K, used 1327K [0x00000006c3200000, 0x00000006cdb80000, 0x000000076bb80000)
  object space 173568K, 0% used [0x00000006c3200000,0x00000006c334bf30,0x00000006cdb80000)
 Metaspace       used 8364K, capacity 8584K, committed 8832K, reserved 1056768K
  class space    used 1014K, capacity 1062K, committed 1152K, reserved 1048576K
}

Deoptimization events (6 events):
Event: 3.416 Thread 0x000002339ba62800 Uncommon trap: reason=range_check action=make_not_entrant pc=0x000002339d67eba8 method=sun.reflect.generics.parser.SignatureParser.current()C @ 34
Event: 3.787 Thread 0x000002339ba62800 Uncommon trap: reason=bimorphic action=maybe_recompile pc=0x000002339d671314 method=java.util.HashMap.getNode(ILjava/lang/Object;)Ljava/util/HashMap$Node; @ 126
Event: 3.787 Thread 0x000002339ba62800 Uncommon trap: reason=bimorphic action=maybe_recompile pc=0x000002339d671314 method=java.util.HashMap.getNode(ILjava/lang/Object;)Ljava/util/HashMap$Node; @ 126
Event: 3.805 Thread 0x000002339ba62800 Uncommon trap: reason=bimorphic action=maybe_recompile pc=0x000002339d671314 method=java.util.HashMap.getNode(ILjava/lang/Object;)Ljava/util/HashMap$Node; @ 126
Event: 3.805 Thread 0x000002339ba62800 Uncommon trap: reason=bimorphic action=maybe_recompile pc=0x000002339d671314 method=java.util.HashMap.getNode(ILjava/lang/Object;)Ljava/util/HashMap$Node; @ 126
Event: 3.823 Thread 0x000002339ba62800 Uncommon trap: reason=bimorphic action=maybe_recompile pc=0x000002339d66d1ac method=java.util.HashMap.getNode(ILjava/lang/Object;)Ljava/util/HashMap$Node; @ 126

Classes redefined (0 events):
No events

Internal exceptions (10 events):
Event: 10.966 Thread 0x000002339ba62800 Exception <a 'java/lang/ClassNotFoundException': javax/servlet/ServletContext> (0x000000076d890f00) thrown at [C:\jenkins\workspace\8-2-build-windows-amd64-cygwin\jdk8u261\295\hotspot\src\share\vm\classfile\systemDictionary.cpp, line 210]
Event: 11.106 Thread 0x000002339ba62800 Exception <a 'java/lang/ClassNotFoundException': com/sun/org/glassfish/hk2/osgiresourcelocator/ServiceLoader> (0x000000076d8b3558) thrown at [C:\jenkins\workspace\8-2-build-windows-amd64-cygwin\jdk8u261\295\hotspot\src\share\vm\classfile\systemDictionary.
Event: 11.153 Thread 0x000002339ba62800 Exception <a 'java/lang/ClassNotFoundException': javax/servlet/ServletContext> (0x000000076d909f80) thrown at [C:\jenkins\workspace\8-2-build-windows-amd64-cygwin\jdk8u261\295\hotspot\src\share\vm\classfile\systemDictionary.cpp, line 210]
Event: 11.321 Thread 0x000002339ba62800 Exception <a 'java/lang/ClassNotFoundException': com/sun/org/glassfish/hk2/osgiresourcelocator/ServiceLoader> (0x000000076d92c648) thrown at [C:\jenkins\workspace\8-2-build-windows-amd64-cygwin\jdk8u261\295\hotspot\src\share\vm\classfile\systemDictionary.
Event: 11.333 Thread 0x000002339ba62800 Exception <a 'java/lang/ClassNotFoundException': javax/servlet/ServletContext> (0x000000076d983070) thrown at [C:\jenkins\workspace\8-2-build-windows-amd64-cygwin\jdk8u261\295\hotspot\src\share\vm\classfile\systemDictionary.cpp, line 210]
Event: 11.454 Thread 0x000002339ba62800 Exception <a 'java/lang/ClassNotFoundException': com/sun/org/glassfish/hk2/osgiresourcelocator/ServiceLoader> (0x000000076d9a5580) thrown at [C:\jenkins\workspace\8-2-build-windows-amd64-cygwin\jdk8u261\295\hotspot\src\share\vm\classfile\systemDictionary.
Event: 11.465 Thread 0x000002339ba62800 Exception <a 'java/lang/ClassNotFoundException': javax/servlet/ServletContext> (0x000000076d9fbfa8) thrown at [C:\jenkins\workspace\8-2-build-windows-amd64-cygwin\jdk8u261\295\hotspot\src\share\vm\classfile\systemDictionary.cpp, line 210]
Event: 11.572 Thread 0x000002339ba62800 Exception <a 'java/lang/ClassNotFoundException': com/sun/org/glassfish/hk2/osgiresourcelocator/ServiceLoader> (0x000000076da1e530) thrown at [C:\jenkins\workspace\8-2-build-windows-amd64-cygwin\jdk8u261\295\hotspot\src\share\vm\classfile\systemDictionary.
Event: 11.580 Thread 0x000002339ba62800 Exception <a 'java/lang/ClassNotFoundException': javax/servlet/ServletContext> (0x000000076da74f68) thrown at [C:\jenkins\workspace\8-2-build-windows-amd64-cygwin\jdk8u261\295\hotspot\src\share\vm\classfile\systemDictionary.cpp, line 210]
Event: 11.905 Thread 0x000002339ba62800 Exception <a 'java/lang/ClassNotFoundException': com/sun/org/glassfish/hk2/osgiresourcelocator/ServiceLoader> (0x000000076da974f0) thrown at [C:\jenkins\workspace\8-2-build-windows-amd64-cygwin\jdk8u261\295\hotspot\src\share\vm\classfile\systemDictionary.

Events (10 events):
Event: 11.454 loading class com/sun/org/glassfish/hk2/osgiresourcelocator/ServiceLoader
Event: 11.454 loading class com/sun/org/glassfish/hk2/osgiresourcelocator/ServiceLoader done
Event: 11.465 loading class javax/servlet/ServletContext
Event: 11.465 loading class javax/servlet/ServletContext done
Event: 11.571 loading class com/sun/org/glassfish/hk2/osgiresourcelocator/ServiceLoader
Event: 11.572 loading class com/sun/org/glassfish/hk2/osgiresourcelocator/ServiceLoader done
Event: 11.580 loading class javax/servlet/ServletContext
Event: 11.580 loading class javax/servlet/ServletContext done
Event: 11.905 loading class com/sun/org/glassfish/hk2/osgiresourcelocator/ServiceLoader
Event: 11.905 loading class com/sun/org/glassfish/hk2/osgiresourcelocator/ServiceLoader done


Dynamic libraries:
0x00007ff79bf70000 - 0x00007ff79bfb7000 	C:\Program Files\Java\jre1.8.0_261\bin\java.exe
0x00007ffc39490000 - 0x00007ffc39686000 	C:\WINDOWS\SYSTEM32\ntdll.dll
0x00007ffc37bb0000 - 0x00007ffc37c6d000 	C:\WINDOWS\System32\KERNEL32.DLL
0x00007ffc36f20000 - 0x00007ffc371e9000 	C:\WINDOWS\System32\KERNELBASE.dll
0x00007ffc39370000 - 0x00007ffc3941c000 	C:\WINDOWS\System32\ADVAPI32.dll
0x00007ffc37a30000 - 0x00007ffc37ace000 	C:\WINDOWS\System32\msvcrt.dll
0x00007ffc37d30000 - 0x00007ffc37dcc000 	C:\WINDOWS\System32\sechost.dll
0x00007ffc39240000 - 0x00007ffc3936b000 	C:\WINDOWS\System32\RPCRT4.dll
0x00007ffc37890000 - 0x00007ffc37a30000 	C:\WINDOWS\System32\USER32.dll
0x00007ffc37380000 - 0x00007ffc373a2000 	C:\WINDOWS\System32\win32u.dll
0x00007ffc38cf0000 - 0x00007ffc38d1a000 	C:\WINDOWS\System32\GDI32.dll
0x00007ffc36c20000 - 0x00007ffc36d29000 	C:\WINDOWS\System32\gdi32full.dll
0x00007ffc36e80000 - 0x00007ffc36f1d000 	C:\WINDOWS\System32\msvcp_win.dll
0x00007ffc36d30000 - 0x00007ffc36e30000 	C:\WINDOWS\System32\ucrtbase.dll
0x00007ffc1bde0000 - 0x00007ffc1c07b000 	C:\WINDOWS\WinSxS\amd64_microsoft.windows.common-controls_6595b64144ccf1df_6.0.19041.488_none_ca04af081b815d21\COMCTL32.dll
0x00007ffc37dd0000 - 0x00007ffc37e00000 	C:\WINDOWS\System32\IMM32.DLL
0x00007ffc031b0000 - 0x00007ffc031c5000 	C:\Program Files\Java\jre1.8.0_261\bin\vcruntime140.dll
0x00007ffbfc2a0000 - 0x00007ffbfc33b000 	C:\Program Files\Java\jre1.8.0_261\bin\msvcp140.dll
0x000000005bec0000 - 0x000000005c72c000 	C:\Program Files\Java\jre1.8.0_261\bin\server\jvm.dll
0x00007ffc37530000 - 0x00007ffc37538000 	C:\WINDOWS\System32\PSAPI.DLL
0x00007ffc1e2e0000 - 0x00007ffc1e2e9000 	C:\WINDOWS\SYSTEM32\WSOCK32.dll
0x00007ffc1eae0000 - 0x00007ffc1eb07000 	C:\WINDOWS\SYSTEM32\WINMM.dll
0x00007ffc35a30000 - 0x00007ffc35a3a000 	C:\WINDOWS\SYSTEM32\VERSION.dll
0x00007ffc38c80000 - 0x00007ffc38ceb000 	C:\WINDOWS\System32\WS2_32.dll
0x00007ffc359f0000 - 0x00007ffc35a02000 	C:\WINDOWS\SYSTEM32\kernel.appcore.dll
0x00007ffc32ec0000 - 0x00007ffc32ed0000 	C:\Program Files\Java\jre1.8.0_261\bin\verify.dll
0x00007ffbff830000 - 0x00007ffbff85b000 	C:\Program Files\Java\jre1.8.0_261\bin\java.dll
0x00007ffc02000000 - 0x00007ffc02018000 	C:\Program Files\Java\jre1.8.0_261\bin\zip.dll
0x00007ffc38530000 - 0x00007ffc38c72000 	C:\WINDOWS\System32\SHELL32.dll
0x00007ffc35250000 - 0x00007ffc359e5000 	C:\WINDOWS\SYSTEM32\windows.storage.dll
0x00007ffc38ed0000 - 0x00007ffc39226000 	C:\WINDOWS\System32\combase.dll
0x00007ffc36610000 - 0x00007ffc3663c000 	C:\WINDOWS\SYSTEM32\Wldp.dll
0x00007ffc37e00000 - 0x00007ffc37eae000 	C:\WINDOWS\System32\SHCORE.dll
0x00007ffc38060000 - 0x00007ffc380b5000 	C:\WINDOWS\System32\shlwapi.dll
0x00007ffc36ad0000 - 0x00007ffc36af6000 	C:\WINDOWS\SYSTEM32\profapi.dll
0x00007ffc36560000 - 0x00007ffc36578000 	C:\WINDOWS\SYSTEM32\CRYPTSP.dll
0x00007ffc35cb0000 - 0x00007ffc35ce4000 	C:\WINDOWS\system32\rsaenh.dll
0x00007ffc37350000 - 0x00007ffc37377000 	C:\WINDOWS\System32\bcrypt.dll
0x00007ffc36a90000 - 0x00007ffc36abe000 	C:\WINDOWS\SYSTEM32\USERENV.dll
0x00007ffc36ba0000 - 0x00007ffc36c20000 	C:\WINDOWS\System32\bcryptprimitives.dll
0x00007ffc36580000 - 0x00007ffc3658c000 	C:\WINDOWS\SYSTEM32\CRYPTBASE.dll
0x00007ffc00850000 - 0x00007ffc0086c000 	C:\Program Files\Java\jre1.8.0_261\bin\net.dll
0x00007ffc36390000 - 0x00007ffc363fa000 	C:\WINDOWS\system32\mswsock.dll
0x00007ffc36030000 - 0x00007ffc3606b000 	C:\WINDOWS\SYSTEM32\IPHLPAPI.DLL
0x00007ffc39230000 - 0x00007ffc39238000 	C:\WINDOWS\System32\NSI.dll
0x00007ffc2f1e0000 - 0x00007ffc2f1f7000 	C:\WINDOWS\SYSTEM32\dhcpcsvc6.DLL
0x00007ffc2f150000 - 0x00007ffc2f16d000 	C:\WINDOWS\SYSTEM32\dhcpcsvc.DLL
0x00007ffc36070000 - 0x00007ffc3613b000 	C:\WINDOWS\SYSTEM32\DNSAPI.dll
0x00007ffbffdb0000 - 0x00007ffbffdc3000 	C:\Program Files\Java\jre1.8.0_261\bin\nio.dll
0x00007ffc1e2c0000 - 0x00007ffc1e2d7000 	C:\WINDOWS\system32\napinsp.dll
0x00007ffc1e280000 - 0x00007ffc1e29b000 	C:\WINDOWS\system32\pnrpnsp.dll
0x00007ffc30fa0000 - 0x00007ffc30fb5000 	C:\WINDOWS\system32\wshbth.dll
0x00007ffc32130000 - 0x00007ffc3214d000 	C:\WINDOWS\system32\NLAapi.dll
0x00007ffc1ba40000 - 0x00007ffc1ba52000 	C:\WINDOWS\System32\winrnr.dll
0x00007ffc2e4d0000 - 0x00007ffc2e4da000 	C:\Windows\System32\rasadhlp.dll
0x00007ffc2c590000 - 0x00007ffc2c60f000 	C:\WINDOWS\System32\fwpuclnt.dll

VM Arguments:
jvm_args: -Djava.rmi.server.codebase=file:D:\Universidad\SistemasDeComercio\SimpleRMIAutonomo\SimpleRMIAutonomo\tstMensajeriaExpress.jar 
java_command: D:\Universidad\SistemasDeComercio\SimpleRMIAutonomo\SimpleRMIAutonomo\tstMensajeriaExpress.jar tstmensajeriaexpress.Cliente localhost 200
java_class_path (initial): D:\Universidad\SistemasDeComercio\SimpleRMIAutonomo\SimpleRMIAutonomo\tstMensajeriaExpress.jar
Launcher Type: SUN_STANDARD

Environment Variables:
JAVA_HOME=C:\Program Files\Java\jdk1.8.0_111
CLASSPATH=.;C:\Program Files\Java\jre1.8.0_261;
PATH=C:\Program Files\Java\jre1.8.0_261\bin;C:\Program Files (x86)\Common Files\Oracle\Java\javapath;C:\Program Files\Java\jdk-13.0.2\bin;C:\Windows\system32;C:\Windows;C:\Windows\System32\Wbem;C:\Windows\System32\WindowsPowerShell\v1.0\;C:\Windows\System32\OpenSSH\;C:\Program Files (x86)\NVIDIA Corporation\PhysX\Common;C:\Program Files\MATLAB\R2018a\runtime\win64;C:\Program Files\MATLAB\R2018a\bin;C:\Program Files\NVIDIA Corporation\NVIDIA NvDLISR;C:\Program Files\dotnet\;C:\Program Files\Microsoft SQL Server\130\Tools\Binn\;C:\Program Files\Intel\WiFi\bin\;C:\Program Files\Common Files\Intel\WirelessCommon\;C:\WINDOWS\system32;C:\WINDOWS;C:\WINDOWS\System32\Wbem;C:\WINDOWS\System32\WindowsPowerShell\v1.0\;C:\WINDOWS\System32\OpenSSH\;D:\Perforce;D:\Matlab\runtime\win64;D:\Matlab\bin;D:\PuTTY\;C:\ProgramData\chocolatey\bin;D:\Git\cmd;;D:\AOMEI Backupper;C:\Program Files (x86)\Intel\Intel(R) Management Engine Components\DAL;C:\Program Files\Intel\Intel(R) Management Engine Components\DAL;C:\Program Files\Java\jdk1.8.0_111\bin;C:\Users\Polupero\AppData\Local\Microsoft\WindowsApps;C:\Users\Polupero\AppData\Local\GitHubDesktop\bin
USERNAME=Polupero
OS=Windows_NT
PROCESSOR_IDENTIFIER=Intel64 Family 6 Model 158 Stepping 10, GenuineIntel



---------------  S Y S T E M  ---------------

OS: Windows 10.0 , 64 bit Build 19041 (10.0.19041.662)

CPU:total 12 (initial active 12) (6 cores per cpu, 2 threads per core) family 6 model 158 stepping 10, cmov, cx8, fxsr, mmx, sse, sse2, sse3, ssse3, sse4.1, sse4.2, popcnt, avx, avx2, aes, clmul, erms, 3dnowpref, lzcnt, ht, tsc, tscinvbit, bmi1, bmi2, adx

Memory: 4k page, physical 16566556k(2671992k free), swap 30173336k(0k free)

vm_info: Java HotSpot(TM) 64-Bit Server VM (25.261-b12) for windows-amd64 JRE (1.8.0_261-b12), built on Jun 18 2020 06:56:32 by "" with unknown MS VC++:1916

time: Sun Dec 13 19:05:49 2020
timezone: Hora estándar central (México)
elapsed time: 12 seconds (0d 0h 0m 12s)

