#
# There is insufficient memory for the Java Runtime Environment to continue.
# Native memory allocation (malloc) failed to allocate 32744 bytes for ChunkPool::allocate
# Possible reasons:
#   The system is out of physical RAM or swap space
#   The process is running with CompressedOops enabled, and the Java Heap may be blocking the growth of the native heap
# Possible solutions:
#   Reduce memory load on the system
#   Increase physical memory or swap space
#   Check if swap backing store is full
#   Decrease Java heap size (-Xmx/-Xms)
#   Decrease number of Java threads
#   Decrease Java thread stack sizes (-Xss)
#   Set larger code cache with -XX:ReservedCodeCacheSize=
#   JVM is running with Zero Based Compressed Oops mode in which the Java heap is
#     placed in the first 32GB address space. The Java Heap base address is the
#     maximum limit for the native heap growth. Please use -XX:HeapBaseMinAddress
#     to set the Java Heap base and to place the Java Heap above 32GB virtual address.
# This output file may be truncated or incomplete.
#
#  Out of Memory Error (allocation.cpp:272), pid=20152, tid=0x0000000000005154
#
# JRE version: Java(TM) SE Runtime Environment (8.0_261-b12) (build 1.8.0_261-b12)
# Java VM: Java HotSpot(TM) 64-Bit Server VM (25.261-b12 mixed mode windows-amd64 compressed oops)
# Failed to write core dump. Minidumps are not enabled by default on client versions of Windows
#

---------------  T H R E A D  ---------------

Current thread (0x0000021e0953e000):  JavaThread "C2 CompilerThread2" daemon [_thread_in_native, id=20820, stack(0x0000008915500000,0x0000008915600000)]

Stack: [0x0000008915500000,0x0000008915600000]
Native frames: (J=compiled Java code, j=interpreted, Vv=VM code, C=native code)
V  [jvm.dll+0x33e5f9]


Current CompileTask:
C2:  11962 1696   !   4       java.lang.Package::getSystemPackage (63 bytes)


---------------  P R O C E S S  ---------------

Java Threads: ( => current thread )
  0x0000021e0b59f000 JavaThread "Keep-Alive-Timer" daemon [_thread_blocked, id=15516, stack(0x0000008915c00000,0x0000008915d00000)]
  0x0000021e0b42a800 JavaThread "GC Daemon" daemon [_thread_blocked, id=8200, stack(0x0000008915b00000,0x0000008915c00000)]
  0x0000021e0b445800 JavaThread "RMI RenewClean-[192.168.56.1:50681]" daemon [_thread_blocked, id=19844, stack(0x0000008915a00000,0x0000008915b00000)]
  0x0000021e0b444800 JavaThread "RMI Scheduler(0)" daemon [_thread_blocked, id=16516, stack(0x0000008915900000,0x0000008915a00000)]
  0x0000021e0acfc000 JavaThread "Service Thread" daemon [_thread_blocked, id=22428, stack(0x0000008915700000,0x0000008915800000)]
  0x0000021e0acf9000 JavaThread "C1 CompilerThread3" daemon [_thread_blocked, id=8776, stack(0x0000008915600000,0x0000008915700000)]
=>0x0000021e0953e000 JavaThread "C2 CompilerThread2" daemon [_thread_in_native, id=20820, stack(0x0000008915500000,0x0000008915600000)]
  0x0000021e0953b000 JavaThread "C2 CompilerThread1" daemon [_thread_in_native, id=17052, stack(0x0000008915400000,0x0000008915500000)]
  0x0000021e094ef800 JavaThread "C2 CompilerThread0" daemon [_thread_in_native, id=21848, stack(0x0000008915300000,0x0000008915400000)]
  0x0000021e094ee000 JavaThread "Attach Listener" daemon [_thread_blocked, id=13768, stack(0x0000008915200000,0x0000008915300000)]
  0x0000021e094eb000 JavaThread "Signal Dispatcher" daemon [_thread_blocked, id=9592, stack(0x0000008915100000,0x0000008915200000)]
  0x0000021e094d2000 JavaThread "Finalizer" daemon [_thread_blocked, id=21320, stack(0x0000008915000000,0x0000008915100000)]
  0x0000021e094a9000 JavaThread "Reference Handler" daemon [_thread_blocked, id=16312, stack(0x0000008914f00000,0x0000008915000000)]
  0x0000021e6dbe1000 JavaThread "main" [_thread_in_native, id=23852, stack(0x0000008914300000,0x0000008914400000)]

Other Threads:
  0x0000021e7ff6e000 VMThread [stack: 0x0000008914e00000,0x0000008914f00000] [id=7676]
  0x0000021e0ad0c000 WatcherThread [stack: 0x0000008915800000,0x0000008915900000] [id=14856]

VM state:not at safepoint (normal execution)

VM Mutex/Monitor currently owned by a thread: None

heap address: 0x00000006c3200000, size: 4046 MB, Compressed Oops mode: Zero based, Oop shift amount: 3
Narrow klass base: 0x0000000000000000, Narrow klass shift: 3
Compressed class space size: 1073741824 Address: 0x00000007c0000000

Heap:
 PSYoungGen      total 75776K, used 23859K [0x000000076bb80000, 0x0000000771000000, 0x00000007c0000000)
  eden space 65024K, 36% used [0x000000076bb80000,0x000000076d2cced0,0x000000076fb00000)
  from space 10752K, 0% used [0x000000076fb00000,0x000000076fb00000,0x0000000770580000)
  to   space 10752K, 0% used [0x0000000770580000,0x0000000770580000,0x0000000771000000)
 ParOldGen       total 173568K, used 1662K [0x00000006c3200000, 0x00000006cdb80000, 0x000000076bb80000)
  object space 173568K, 0% used [0x00000006c3200000,0x00000006c339fbc0,0x00000006cdb80000)
 Metaspace       used 13502K, capacity 13844K, committed 14080K, reserved 1060864K
  class space    used 1673K, capacity 1788K, committed 1792K, reserved 1048576K

Card table byte_map: [0x0000021e7e940000,0x0000021e7f130000] byte_map_base: 0x0000021e7b327000

Marking Bits: (ParMarkBitMap*) 0x000000005c6b4fb0
 Begin Bits: [0x0000021e00000000, 0x0000021e03f38000)
 End Bits:   [0x0000021e03f38000, 0x0000021e07e70000)

Polling page: 0x0000021e6dd30000

CodeCache: size=245760Kb used=5816Kb max_used=5816Kb free=239943Kb
 bounds [0x0000021e6f580000, 0x0000021e6fb40000, 0x0000021e7e580000]
 total_blobs=2045 nmethods=1701 adapters=256
 compilation: enabled

Compilation events (10 events):
Event: 11.747 Thread 0x0000021e0acf9000 1692       3       com.sun.org.apache.xerces.internal.impl.XMLEntityManager::getEntityScanner (54 bytes)
Event: 11.747 Thread 0x0000021e0acf9000 nmethod 1692 0x0000021e6fb26f90 code [0x0000021e6fb27100, 0x0000021e6fb274a0]
Event: 11.917 Thread 0x0000021e0acf9000 1693       3       com.sun.xml.internal.bind.v2.model.nav.ReflectionNavigator::getPrimitive (6 bytes)
Event: 11.918 Thread 0x0000021e0acf9000 nmethod 1693 0x0000021e6fb25090 code [0x0000021e6fb25200, 0x0000021e6fb25438]
Event: 11.918 Thread 0x0000021e0acf9000 1694       3       com.sun.xml.internal.bind.v2.model.nav.ReflectionNavigator::getPrimitive (23 bytes)
Event: 11.918 Thread 0x0000021e0acf9000 nmethod 1694 0x0000021e6fb26c50 code [0x0000021e6fb26da0, 0x0000021e6fb26f18]
Event: 11.918 Thread 0x0000021e094ef800 1695       4       java.lang.Package::getPackage (46 bytes)
Event: 11.918 Thread 0x0000021e0953e000 1696   !   4       java.lang.Package::getSystemPackage (63 bytes)
Event: 11.919 Thread 0x0000021e0acf9000 1697       3       java.util.TreeMap::fixAfterDeletion (351 bytes)
Event: 11.921 Thread 0x0000021e0953b000 1698       4       com.sun.xml.internal.bind.v2.model.annotation.RuntimeInlineAnnotationReader::getPackageAnnotation (11 bytes)

GC Heap History (4 events):
Event: 4.628 GC heap before
{Heap before GC invocations=1 (full 0):
 PSYoungGen      total 75776K, used 13005K [0x000000076bb80000, 0x0000000771000000, 0x00000007c0000000)
  eden space 65024K, 20% used [0x000000076bb80000,0x000000076c833440,0x000000076fb00000)
  from space 10752K, 0% used [0x0000000770580000,0x0000000770580000,0x0000000771000000)
  to   space 10752K, 0% used [0x000000076fb00000,0x000000076fb00000,0x0000000770580000)
 ParOldGen       total 173568K, used 0K [0x00000006c3200000, 0x00000006cdb80000, 0x000000076bb80000)
  object space 173568K, 0% used [0x00000006c3200000,0x00000006c3200000,0x00000006cdb80000)
 Metaspace       used 11055K, capacity 11314K, committed 11648K, reserved 1058816K
  class space    used 1450K, capacity 1547K, committed 1664K, reserved 1048576K
Event: 4.695 GC heap after
Heap after GC invocations=1 (full 0):
 PSYoungGen      total 75776K, used 1648K [0x000000076bb80000, 0x0000000771000000, 0x00000007c0000000)
  eden space 65024K, 0% used [0x000000076bb80000,0x000000076bb80000,0x000000076fb00000)
  from space 10752K, 15% used [0x000000076fb00000,0x000000076fc9c010,0x0000000770580000)
  to   space 10752K, 0% used [0x0000000770580000,0x0000000770580000,0x0000000771000000)
 ParOldGen       total 173568K, used 72K [0x00000006c3200000, 0x00000006cdb80000, 0x000000076bb80000)
  object space 173568K, 0% used [0x00000006c3200000,0x00000006c3212010,0x00000006cdb80000)
 Metaspace       used 11055K, capacity 11314K, committed 11648K, reserved 1058816K
  class space    used 1450K, capacity 1547K, committed 1664K, reserved 1048576K
}
Event: 4.696 GC heap before
{Heap before GC invocations=2 (full 1):
 PSYoungGen      total 75776K, used 1648K [0x000000076bb80000, 0x0000000771000000, 0x00000007c0000000)
  eden space 65024K, 0% used [0x000000076bb80000,0x000000076bb80000,0x000000076fb00000)
  from space 10752K, 15% used [0x000000076fb00000,0x000000076fc9c010,0x0000000770580000)
  to   space 10752K, 0% used [0x0000000770580000,0x0000000770580000,0x0000000771000000)
 ParOldGen       total 173568K, used 72K [0x00000006c3200000, 0x00000006cdb80000, 0x000000076bb80000)
  object space 173568K, 0% used [0x00000006c3200000,0x00000006c3212010,0x00000006cdb80000)
 Metaspace       used 11055K, capacity 11314K, committed 11648K, reserved 1058816K
  class space    used 1450K, capacity 1547K, committed 1664K, reserved 1048576K
Event: 4.784 GC heap after
Heap after GC invocations=2 (full 1):
 PSYoungGen      total 75776K, used 0K [0x000000076bb80000, 0x0000000771000000, 0x00000007c0000000)
  eden space 65024K, 0% used [0x000000076bb80000,0x000000076bb80000,0x000000076fb00000)
  from space 10752K, 0% used [0x000000076fb00000,0x000000076fb00000,0x0000000770580000)
  to   space 10752K, 0% used [0x0000000770580000,0x0000000770580000,0x0000000771000000)
 ParOldGen       total 173568K, used 1662K [0x00000006c3200000, 0x00000006cdb80000, 0x000000076bb80000)
  object space 173568K, 0% used [0x00000006c3200000,0x00000006c339fbc0,0x00000006cdb80000)
 Metaspace       used 11055K, capacity 11314K, committed 11648K, reserved 1058816K
  class space    used 1450K, capacity 1547K, committed 1664K, reserved 1048576K
}

Deoptimization events (6 events):
Event: 3.917 Thread 0x0000021e6dbe1000 Uncommon trap: reason=range_check action=make_not_entrant pc=0x0000021e6f7972a8 method=sun.reflect.generics.parser.SignatureParser.current()C @ 34
Event: 4.612 Thread 0x0000021e6dbe1000 Uncommon trap: reason=bimorphic action=maybe_recompile pc=0x0000021e6f77ff60 method=java.util.HashMap.getNode(ILjava/lang/Object;)Ljava/util/HashMap$Node; @ 126
Event: 4.612 Thread 0x0000021e6dbe1000 Uncommon trap: reason=bimorphic action=maybe_recompile pc=0x0000021e6f77ff60 method=java.util.HashMap.getNode(ILjava/lang/Object;)Ljava/util/HashMap$Node; @ 126
Event: 4.615 Thread 0x0000021e6dbe1000 Uncommon trap: reason=bimorphic action=maybe_recompile pc=0x0000021e6f77ff60 method=java.util.HashMap.getNode(ILjava/lang/Object;)Ljava/util/HashMap$Node; @ 126
Event: 4.615 Thread 0x0000021e6dbe1000 Uncommon trap: reason=bimorphic action=maybe_recompile pc=0x0000021e6f77ff60 method=java.util.HashMap.getNode(ILjava/lang/Object;)Ljava/util/HashMap$Node; @ 126
Event: 4.911 Thread 0x0000021e6dbe1000 Uncommon trap: reason=bimorphic action=maybe_recompile pc=0x0000021e6f782c3c method=java.util.HashMap.getNode(ILjava/lang/Object;)Ljava/util/HashMap$Node; @ 126

Classes redefined (0 events):
No events

Internal exceptions (10 events):
Event: 10.870 Thread 0x0000021e6dbe1000 Exception <a 'java/lang/ClassNotFoundException': javax/servlet/ServletContext> (0x000000076cfd4088) thrown at [C:\jenkins\workspace\8-2-build-windows-amd64-cygwin\jdk8u261\295\hotspot\src\share\vm\classfile\systemDictionary.cpp, line 210]
Event: 11.041 Thread 0x0000021e6dbe1000 Exception <a 'java/lang/ClassNotFoundException': com/sun/org/glassfish/hk2/osgiresourcelocator/ServiceLoader> (0x000000076cff6610) thrown at [C:\jenkins\workspace\8-2-build-windows-amd64-cygwin\jdk8u261\295\hotspot\src\share\vm\classfile\systemDictionary.
Event: 11.107 Thread 0x0000021e6dbe1000 Exception <a 'java/lang/ClassNotFoundException': javax/servlet/ServletContext> (0x000000076d04d190) thrown at [C:\jenkins\workspace\8-2-build-windows-amd64-cygwin\jdk8u261\295\hotspot\src\share\vm\classfile\systemDictionary.cpp, line 210]
Event: 11.372 Thread 0x0000021e6dbe1000 Exception <a 'java/lang/ClassNotFoundException': com/sun/org/glassfish/hk2/osgiresourcelocator/ServiceLoader> (0x000000076d06f718) thrown at [C:\jenkins\workspace\8-2-build-windows-amd64-cygwin\jdk8u261\295\hotspot\src\share\vm\classfile\systemDictionary.
Event: 11.390 Thread 0x0000021e6dbe1000 Exception <a 'java/lang/ClassNotFoundException': javax/servlet/ServletContext> (0x000000076d0c6140) thrown at [C:\jenkins\workspace\8-2-build-windows-amd64-cygwin\jdk8u261\295\hotspot\src\share\vm\classfile\systemDictionary.cpp, line 210]
Event: 11.463 Thread 0x0000021e6dbe1000 Exception <a 'java/lang/ClassNotFoundException': com/sun/org/glassfish/hk2/osgiresourcelocator/ServiceLoader> (0x000000076d0e86c8) thrown at [C:\jenkins\workspace\8-2-build-windows-amd64-cygwin\jdk8u261\295\hotspot\src\share\vm\classfile\systemDictionary.
Event: 11.474 Thread 0x0000021e6dbe1000 Exception <a 'java/lang/ClassNotFoundException': javax/servlet/ServletContext> (0x000000076d13f130) thrown at [C:\jenkins\workspace\8-2-build-windows-amd64-cygwin\jdk8u261\295\hotspot\src\share\vm\classfile\systemDictionary.cpp, line 210]
Event: 11.629 Thread 0x0000021e6dbe1000 Exception <a 'java/lang/ClassNotFoundException': com/sun/org/glassfish/hk2/osgiresourcelocator/ServiceLoader> (0x000000076d1616b8) thrown at [C:\jenkins\workspace\8-2-build-windows-amd64-cygwin\jdk8u261\295\hotspot\src\share\vm\classfile\systemDictionary.
Event: 11.702 Thread 0x0000021e6dbe1000 Exception <a 'java/lang/ClassNotFoundException': javax/servlet/ServletContext> (0x000000076d1b8100) thrown at [C:\jenkins\workspace\8-2-build-windows-amd64-cygwin\jdk8u261\295\hotspot\src\share\vm\classfile\systemDictionary.cpp, line 210]
Event: 11.916 Thread 0x0000021e6dbe1000 Exception <a 'java/lang/ClassNotFoundException': com/sun/org/glassfish/hk2/osgiresourcelocator/ServiceLoader> (0x000000076d1da6a0) thrown at [C:\jenkins\workspace\8-2-build-windows-amd64-cygwin\jdk8u261\295\hotspot\src\share\vm\classfile\systemDictionary.

Events (10 events):
Event: 11.463 loading class com/sun/org/glassfish/hk2/osgiresourcelocator/ServiceLoader
Event: 11.463 loading class com/sun/org/glassfish/hk2/osgiresourcelocator/ServiceLoader done
Event: 11.474 loading class javax/servlet/ServletContext
Event: 11.474 loading class javax/servlet/ServletContext done
Event: 11.629 loading class com/sun/org/glassfish/hk2/osgiresourcelocator/ServiceLoader
Event: 11.629 loading class com/sun/org/glassfish/hk2/osgiresourcelocator/ServiceLoader done
Event: 11.702 loading class javax/servlet/ServletContext
Event: 11.702 loading class javax/servlet/ServletContext done
Event: 11.916 loading class com/sun/org/glassfish/hk2/osgiresourcelocator/ServiceLoader
Event: 11.916 loading class com/sun/org/glassfish/hk2/osgiresourcelocator/ServiceLoader done


Dynamic libraries:
0x00007ff79bf70000 - 0x00007ff79bfb7000 	C:\Program Files\Java\jre1.8.0_261\bin\java.exe
0x00007ffc39490000 - 0x00007ffc39686000 	C:\WINDOWS\SYSTEM32\ntdll.dll
0x00007ffc37bb0000 - 0x00007ffc37c6d000 	C:\WINDOWS\System32\KERNEL32.DLL
0x00007ffc36f20000 - 0x00007ffc371e9000 	C:\WINDOWS\System32\KERNELBASE.dll
0x00007ffc39370000 - 0x00007ffc3941c000 	C:\WINDOWS\System32\ADVAPI32.dll
0x00007ffc37a30000 - 0x00007ffc37ace000 	C:\WINDOWS\System32\msvcrt.dll
0x00007ffc37d30000 - 0x00007ffc37dcc000 	C:\WINDOWS\System32\sechost.dll
0x00007ffc39240000 - 0x00007ffc3936b000 	C:\WINDOWS\System32\RPCRT4.dll
0x00007ffc37890000 - 0x00007ffc37a30000 	C:\WINDOWS\System32\USER32.dll
0x00007ffc37380000 - 0x00007ffc373a2000 	C:\WINDOWS\System32\win32u.dll
0x00007ffc38cf0000 - 0x00007ffc38d1a000 	C:\WINDOWS\System32\GDI32.dll
0x00007ffc36c20000 - 0x00007ffc36d29000 	C:\WINDOWS\System32\gdi32full.dll
0x00007ffc36e80000 - 0x00007ffc36f1d000 	C:\WINDOWS\System32\msvcp_win.dll
0x00007ffc36d30000 - 0x00007ffc36e30000 	C:\WINDOWS\System32\ucrtbase.dll
0x00007ffc1bde0000 - 0x00007ffc1c07b000 	C:\WINDOWS\WinSxS\amd64_microsoft.windows.common-controls_6595b64144ccf1df_6.0.19041.488_none_ca04af081b815d21\COMCTL32.dll
0x00007ffc37dd0000 - 0x00007ffc37e00000 	C:\WINDOWS\System32\IMM32.DLL
0x00007ffc031b0000 - 0x00007ffc031c5000 	C:\Program Files\Java\jre1.8.0_261\bin\vcruntime140.dll
0x00007ffbfc2a0000 - 0x00007ffbfc33b000 	C:\Program Files\Java\jre1.8.0_261\bin\msvcp140.dll
0x000000005bec0000 - 0x000000005c72c000 	C:\Program Files\Java\jre1.8.0_261\bin\server\jvm.dll
0x00007ffc37530000 - 0x00007ffc37538000 	C:\WINDOWS\System32\PSAPI.DLL
0x00007ffc1e2e0000 - 0x00007ffc1e2e9000 	C:\WINDOWS\SYSTEM32\WSOCK32.dll
0x00007ffc35a30000 - 0x00007ffc35a3a000 	C:\WINDOWS\SYSTEM32\VERSION.dll
0x00007ffc1eae0000 - 0x00007ffc1eb07000 	C:\WINDOWS\SYSTEM32\WINMM.dll
0x00007ffc38c80000 - 0x00007ffc38ceb000 	C:\WINDOWS\System32\WS2_32.dll
0x00007ffc359f0000 - 0x00007ffc35a02000 	C:\WINDOWS\SYSTEM32\kernel.appcore.dll
0x00007ffc32ec0000 - 0x00007ffc32ed0000 	C:\Program Files\Java\jre1.8.0_261\bin\verify.dll
0x00007ffbff830000 - 0x00007ffbff85b000 	C:\Program Files\Java\jre1.8.0_261\bin\java.dll
0x00007ffc02000000 - 0x00007ffc02018000 	C:\Program Files\Java\jre1.8.0_261\bin\zip.dll
0x00007ffc38530000 - 0x00007ffc38c72000 	C:\WINDOWS\System32\SHELL32.dll
0x00007ffc35250000 - 0x00007ffc359e5000 	C:\WINDOWS\SYSTEM32\windows.storage.dll
0x00007ffc38ed0000 - 0x00007ffc39226000 	C:\WINDOWS\System32\combase.dll
0x00007ffc36610000 - 0x00007ffc3663c000 	C:\WINDOWS\SYSTEM32\Wldp.dll
0x00007ffc37e00000 - 0x00007ffc37eae000 	C:\WINDOWS\System32\SHCORE.dll
0x00007ffc38060000 - 0x00007ffc380b5000 	C:\WINDOWS\System32\shlwapi.dll
0x00007ffc36ad0000 - 0x00007ffc36af6000 	C:\WINDOWS\SYSTEM32\profapi.dll
0x00007ffc36560000 - 0x00007ffc36578000 	C:\WINDOWS\SYSTEM32\CRYPTSP.dll
0x00007ffc35cb0000 - 0x00007ffc35ce4000 	C:\WINDOWS\system32\rsaenh.dll
0x00007ffc37350000 - 0x00007ffc37377000 	C:\WINDOWS\System32\bcrypt.dll
0x00007ffc36a90000 - 0x00007ffc36abe000 	C:\WINDOWS\SYSTEM32\USERENV.dll
0x00007ffc36ba0000 - 0x00007ffc36c20000 	C:\WINDOWS\System32\bcryptprimitives.dll
0x00007ffc36580000 - 0x00007ffc3658c000 	C:\WINDOWS\SYSTEM32\CRYPTBASE.dll
0x00007ffc00850000 - 0x00007ffc0086c000 	C:\Program Files\Java\jre1.8.0_261\bin\net.dll
0x00007ffc36390000 - 0x00007ffc363fa000 	C:\WINDOWS\system32\mswsock.dll
0x00007ffc36030000 - 0x00007ffc3606b000 	C:\WINDOWS\SYSTEM32\IPHLPAPI.DLL
0x00007ffc39230000 - 0x00007ffc39238000 	C:\WINDOWS\System32\NSI.dll
0x00007ffc2f1e0000 - 0x00007ffc2f1f7000 	C:\WINDOWS\SYSTEM32\dhcpcsvc6.DLL
0x00007ffc2f150000 - 0x00007ffc2f16d000 	C:\WINDOWS\SYSTEM32\dhcpcsvc.DLL
0x00007ffc36070000 - 0x00007ffc3613b000 	C:\WINDOWS\SYSTEM32\DNSAPI.dll
0x00007ffbffdb0000 - 0x00007ffbffdc3000 	C:\Program Files\Java\jre1.8.0_261\bin\nio.dll
0x00007ffc1e2c0000 - 0x00007ffc1e2d7000 	C:\WINDOWS\system32\napinsp.dll
0x00007ffc1e280000 - 0x00007ffc1e29b000 	C:\WINDOWS\system32\pnrpnsp.dll
0x00007ffc30fa0000 - 0x00007ffc30fb5000 	C:\WINDOWS\system32\wshbth.dll
0x00007ffc32130000 - 0x00007ffc3214d000 	C:\WINDOWS\system32\NLAapi.dll
0x00007ffc1ba40000 - 0x00007ffc1ba52000 	C:\WINDOWS\System32\winrnr.dll
0x00007ffc2e4d0000 - 0x00007ffc2e4da000 	C:\Windows\System32\rasadhlp.dll
0x00007ffc2c590000 - 0x00007ffc2c60f000 	C:\WINDOWS\System32\fwpuclnt.dll

VM Arguments:
jvm_args: -Djava.rmi.server.codebase=file:D:\Universidad\SistemasDeComercio\SimpleRMIAutonomo\SimpleRMIAutonomo\tstMensajeriaExpress.jar 
java_command: D:\Universidad\SistemasDeComercio\SimpleRMIAutonomo\SimpleRMIAutonomo\tstMensajeriaExpress.jar tstmensajeriaexpress.Cliente localhost 200
java_class_path (initial): D:\Universidad\SistemasDeComercio\SimpleRMIAutonomo\SimpleRMIAutonomo\tstMensajeriaExpress.jar
Launcher Type: SUN_STANDARD

Environment Variables:
JAVA_HOME=C:\Program Files\Java\jdk1.8.0_111
CLASSPATH=.;C:\Program Files\Java\jre1.8.0_261;
PATH=C:\Program Files\Java\jre1.8.0_261\bin;C:\Program Files (x86)\Common Files\Oracle\Java\javapath;C:\Program Files\Java\jdk-13.0.2\bin;C:\Windows\system32;C:\Windows;C:\Windows\System32\Wbem;C:\Windows\System32\WindowsPowerShell\v1.0\;C:\Windows\System32\OpenSSH\;C:\Program Files (x86)\NVIDIA Corporation\PhysX\Common;C:\Program Files\MATLAB\R2018a\runtime\win64;C:\Program Files\MATLAB\R2018a\bin;C:\Program Files\NVIDIA Corporation\NVIDIA NvDLISR;C:\Program Files\dotnet\;C:\Program Files\Microsoft SQL Server\130\Tools\Binn\;C:\Program Files\Intel\WiFi\bin\;C:\Program Files\Common Files\Intel\WirelessCommon\;C:\WINDOWS\system32;C:\WINDOWS;C:\WINDOWS\System32\Wbem;C:\WINDOWS\System32\WindowsPowerShell\v1.0\;C:\WINDOWS\System32\OpenSSH\;D:\Perforce;D:\Matlab\runtime\win64;D:\Matlab\bin;D:\PuTTY\;C:\ProgramData\chocolatey\bin;D:\Git\cmd;;D:\AOMEI Backupper;C:\Program Files (x86)\Intel\Intel(R) Management Engine Components\DAL;C:\Program Files\Intel\Intel(R) Management Engine Components\DAL;C:\Program Files\Java\jdk1.8.0_111\bin;C:\Users\Polupero\AppData\Local\Microsoft\WindowsApps;C:\Users\Polupero\AppData\Local\GitHubDesktop\bin
USERNAME=Polupero
OS=Windows_NT
PROCESSOR_IDENTIFIER=Intel64 Family 6 Model 158 Stepping 10, GenuineIntel



---------------  S Y S T E M  ---------------

OS: Windows 10.0 , 64 bit Build 19041 (10.0.19041.662)

CPU:total 12 (initial active 12) (6 cores per cpu, 2 threads per core) family 6 model 158 stepping 10, cmov, cx8, fxsr, mmx, sse, sse2, sse3, ssse3, sse4.1, sse4.2, popcnt, avx, avx2, aes, clmul, erms, 3dnowpref, lzcnt, ht, tsc, tscinvbit, bmi1, bmi2, adx

Memory: 4k page, physical 16566556k(2672196k free), swap 30173336k(0k free)

vm_info: Java HotSpot(TM) 64-Bit Server VM (25.261-b12) for windows-amd64 JRE (1.8.0_261-b12), built on Jun 18 2020 06:56:32 by "" with unknown MS VC++:1916

time: Sun Dec 13 19:05:49 2020
timezone: Hora estándar central (México)
elapsed time: 11 seconds (0d 0h 0m 11s)

