#
# There is insufficient memory for the Java Runtime Environment to continue.
# Native memory allocation (malloc) failed to allocate 366896 bytes for Chunk::new
# Possible reasons:
#   The system is out of physical RAM or swap space
#   The process is running with CompressedOops enabled, and the Java Heap may be blocking the growth of the native heap
# Possible solutions:
#   Reduce memory load on the system
#   Increase physical memory or swap space
#   Check if swap backing store is full
#   Decrease Java heap size (-Xmx/-Xms)
#   Decrease number of Java threads
#   Decrease Java thread stack sizes (-Xss)
#   Set larger code cache with -XX:ReservedCodeCacheSize=
#   JVM is running with Zero Based Compressed Oops mode in which the Java heap is
#     placed in the first 32GB address space. The Java Heap base address is the
#     maximum limit for the native heap growth. Please use -XX:HeapBaseMinAddress
#     to set the Java Heap base and to place the Java Heap above 32GB virtual address.
# This output file may be truncated or incomplete.
#
#  Out of Memory Error (allocation.cpp:389), pid=2120, tid=0x0000000000005f64
#
# JRE version: Java(TM) SE Runtime Environment (8.0_261-b12) (build 1.8.0_261-b12)
# Java VM: Java HotSpot(TM) 64-Bit Server VM (25.261-b12 mixed mode windows-amd64 compressed oops)
# Failed to write core dump. Minidumps are not enabled by default on client versions of Windows
#

---------------  T H R E A D  ---------------

Current thread (0x000001f1dd16e000):  JavaThread "C2 CompilerThread2" daemon [_thread_in_native, id=24420, stack(0x0000008d91e00000,0x0000008d91f00000)]

Stack: [0x0000008d91e00000,0x0000008d91f00000]
Native frames: (J=compiled Java code, j=interpreted, Vv=VM code, C=native code)
V  [jvm.dll+0x33e5f9]


Current CompileTask:
C2:  23827 2639   !   4       sun.net.www.ParseUtil::decode (316 bytes)


---------------  P R O C E S S  ---------------

Java Threads: ( => current thread )
  0x000001f1df389800 JavaThread "Keep-Alive-Timer" daemon [_thread_blocked, id=15624, stack(0x0000008d92500000,0x0000008d92600000)]
  0x000001f1df10d000 JavaThread "GC Daemon" daemon [_thread_blocked, id=10612, stack(0x0000008d92400000,0x0000008d92500000)]
  0x000001f1df10c800 JavaThread "RMI RenewClean-[192.168.56.1:59084]" daemon [_thread_blocked, id=24144, stack(0x0000008d92300000,0x0000008d92400000)]
  0x000001f1df10b800 JavaThread "RMI Scheduler(0)" daemon [_thread_blocked, id=19852, stack(0x0000008d92200000,0x0000008d92300000)]
  0x000001f1de92d000 JavaThread "Service Thread" daemon [_thread_blocked, id=15984, stack(0x0000008d92000000,0x0000008d92100000)]
  0x000001f1de929000 JavaThread "C1 CompilerThread3" daemon [_thread_blocked, id=5788, stack(0x0000008d91f00000,0x0000008d92000000)]
=>0x000001f1dd16e000 JavaThread "C2 CompilerThread2" daemon [_thread_in_native, id=24420, stack(0x0000008d91e00000,0x0000008d91f00000)]
  0x000001f1dd16a000 JavaThread "C2 CompilerThread1" daemon [_thread_blocked, id=2348, stack(0x0000008d91d00000,0x0000008d91e00000)]
  0x000001f1dd11f000 JavaThread "C2 CompilerThread0" daemon [_thread_blocked, id=21404, stack(0x0000008d91c00000,0x0000008d91d00000)]
  0x000001f1dd11e000 JavaThread "Attach Listener" daemon [_thread_blocked, id=16048, stack(0x0000008d91b00000,0x0000008d91c00000)]
  0x000001f1dd11b000 JavaThread "Signal Dispatcher" daemon [_thread_blocked, id=10420, stack(0x0000008d91a00000,0x0000008d91b00000)]
  0x000001f1dd102800 JavaThread "Finalizer" daemon [_thread_blocked, id=15552, stack(0x0000008d91900000,0x0000008d91a00000)]
  0x000001f1dd0db000 JavaThread "Reference Handler" daemon [_thread_blocked, id=9252, stack(0x0000008d91800000,0x0000008d91900000)]
  0x000001f1c1861000 JavaThread "main" [_thread_in_native, id=23476, stack(0x0000008d90c00000,0x0000008d90d00000)]

Other Threads:
  0x000001f1dd0d5800 VMThread [stack: 0x0000008d91700000,0x0000008d91800000] [id=1872]
  0x000001f1de93a000 WatcherThread [stack: 0x0000008d92100000,0x0000008d92200000] [id=21756]

VM state:not at safepoint (normal execution)

VM Mutex/Monitor currently owned by a thread: None

heap address: 0x00000006c3200000, size: 4046 MB, Compressed Oops mode: Zero based, Oop shift amount: 3
Narrow klass base: 0x0000000000000000, Narrow klass shift: 3
Compressed class space size: 1073741824 Address: 0x00000007c0000000

Heap:
 PSYoungGen      total 75776K, used 17059K [0x000000076bb80000, 0x0000000774f80000, 0x00000007c0000000)
  eden space 65024K, 16% used [0x000000076bb80000,0x000000076c5ecdf0,0x000000076fb00000)
  from space 10752K, 59% used [0x0000000770580000,0x0000000770bbc010,0x0000000771000000)
  to   space 10752K, 0% used [0x000000076fb00000,0x000000076fb00000,0x0000000770580000)
 ParOldGen       total 173568K, used 1729K [0x00000006c3200000, 0x00000006cdb80000, 0x000000076bb80000)
  object space 173568K, 0% used [0x00000006c3200000,0x00000006c33b0410,0x00000006cdb80000)
 Metaspace       used 14140K, capacity 14504K, committed 14720K, reserved 1062912K
  class space    used 1701K, capacity 1802K, committed 1920K, reserved 1048576K

Card table byte_map: [0x000001f1d25a0000,0x000001f1d2d90000] byte_map_base: 0x000001f1cef87000

Marking Bits: (ParMarkBitMap*) 0x000000005c6b4fb0
 Begin Bits: [0x000001f1d32e0000, 0x000001f1d7218000)
 End Bits:   [0x000001f1d7218000, 0x000001f1db150000)

Polling page: 0x000001f1c31b0000

CodeCache: size=245760Kb used=9021Kb max_used=9036Kb free=236738Kb
 bounds [0x000001f1c31e0000, 0x000001f1c3ac0000, 0x000001f1d21e0000]
 total_blobs=2985 nmethods=2640 adapters=257
 compilation: enabled

Compilation events (10 events):
Event: 23.713 Thread 0x000001f1dd11f000 nmethod 2635 0x000001f1c3a0bb50 code [0x000001f1c3a0bc80, 0x000001f1c3a0bd38]
Event: 23.713 Thread 0x000001f1dd11f000 2637       4       java.lang.reflect.Constructor::copy (72 bytes)
Event: 23.715 Thread 0x000001f1dd11f000 nmethod 2637 0x000001f1c3a98990 code [0x000001f1c3a98ae0, 0x000001f1c3a98c58]
Event: 23.715 Thread 0x000001f1dd16e000 2639   !   4       sun.net.www.ParseUtil::decode (316 bytes)
Event: 23.715 Thread 0x000001f1de929000 2638   !   3       com.sun.xml.internal.bind.v2.runtime.reflect.opt.OptimizedTransducedAccessorFactory::get (543 bytes)
Event: 23.723 Thread 0x000001f1de929000 nmethod 2638 0x000001f1c3aab110 code [0x000001f1c3aab9c0, 0x000001f1c3ab2d10]
Event: 23.726 Thread 0x000001f1dd16a000 nmethod 2636 0x000001f1c3ab62d0 code [0x000001f1c3ab6460, 0x000001f1c3ab6b48]
Event: 23.780 Thread 0x000001f1dd11f000 2640       4       com.sun.xml.internal.bind.v2.runtime.unmarshaller.StAXStreamConnector::processText (76 bytes)
Event: 23.780 Thread 0x000001f1dd16a000 2641       4       java.lang.AbstractStringBuilder::setLength (45 bytes)
Event: 23.785 Thread 0x000001f1dd16a000 nmethod 2641 0x000001f1c3aa5b90 code [0x000001f1c3aa5ce0, 0x000001f1c3aa6038]

GC Heap History (6 events):
Event: 7.716 GC heap before
{Heap before GC invocations=1 (full 0):
 PSYoungGen      total 75776K, used 13005K [0x000000076bb80000, 0x0000000771000000, 0x00000007c0000000)
  eden space 65024K, 20% used [0x000000076bb80000,0x000000076c833458,0x000000076fb00000)
  from space 10752K, 0% used [0x0000000770580000,0x0000000770580000,0x0000000771000000)
  to   space 10752K, 0% used [0x000000076fb00000,0x000000076fb00000,0x0000000770580000)
 ParOldGen       total 173568K, used 0K [0x00000006c3200000, 0x00000006cdb80000, 0x000000076bb80000)
  object space 173568K, 0% used [0x00000006c3200000,0x00000006c3200000,0x00000006cdb80000)
 Metaspace       used 10390K, capacity 10556K, committed 10624K, reserved 1058816K
  class space    used 1330K, capacity 1394K, committed 1408K, reserved 1048576K
Event: 7.801 GC heap after
Heap after GC invocations=1 (full 0):
 PSYoungGen      total 75776K, used 1856K [0x000000076bb80000, 0x0000000771000000, 0x00000007c0000000)
  eden space 65024K, 0% used [0x000000076bb80000,0x000000076bb80000,0x000000076fb00000)
  from space 10752K, 17% used [0x000000076fb00000,0x000000076fcd0000,0x0000000770580000)
  to   space 10752K, 0% used [0x0000000770580000,0x0000000770580000,0x0000000771000000)
 ParOldGen       total 173568K, used 80K [0x00000006c3200000, 0x00000006cdb80000, 0x000000076bb80000)
  object space 173568K, 0% used [0x00000006c3200000,0x00000006c3214010,0x00000006cdb80000)
 Metaspace       used 10390K, capacity 10556K, committed 10624K, reserved 1058816K
  class space    used 1330K, capacity 1394K, committed 1408K, reserved 1048576K
}
Event: 7.801 GC heap before
{Heap before GC invocations=2 (full 1):
 PSYoungGen      total 75776K, used 1856K [0x000000076bb80000, 0x0000000771000000, 0x00000007c0000000)
  eden space 65024K, 0% used [0x000000076bb80000,0x000000076bb80000,0x000000076fb00000)
  from space 10752K, 17% used [0x000000076fb00000,0x000000076fcd0000,0x0000000770580000)
  to   space 10752K, 0% used [0x0000000770580000,0x0000000770580000,0x0000000771000000)
 ParOldGen       total 173568K, used 80K [0x00000006c3200000, 0x00000006cdb80000, 0x000000076bb80000)
  object space 173568K, 0% used [0x00000006c3200000,0x00000006c3214010,0x00000006cdb80000)
 Metaspace       used 10390K, capacity 10556K, committed 10624K, reserved 1058816K
  class space    used 1330K, capacity 1394K, committed 1408K, reserved 1048576K
Event: 8.291 GC heap after
Heap after GC invocations=2 (full 1):
 PSYoungGen      total 75776K, used 0K [0x000000076bb80000, 0x0000000771000000, 0x00000007c0000000)
  eden space 65024K, 0% used [0x000000076bb80000,0x000000076bb80000,0x000000076fb00000)
  from space 10752K, 0% used [0x000000076fb00000,0x000000076fb00000,0x0000000770580000)
  to   space 10752K, 0% used [0x0000000770580000,0x0000000770580000,0x0000000771000000)
 ParOldGen       total 173568K, used 1721K [0x00000006c3200000, 0x00000006cdb80000, 0x000000076bb80000)
  object space 173568K, 0% used [0x00000006c3200000,0x00000006c33ae410,0x00000006cdb80000)
 Metaspace       used 10390K, capacity 10556K, committed 10624K, reserved 1058816K
  class space    used 1330K, capacity 1394K, committed 1408K, reserved 1048576K
}
Event: 22.052 GC heap before
{Heap before GC invocations=3 (full 1):
 PSYoungGen      total 75776K, used 65024K [0x000000076bb80000, 0x0000000771000000, 0x00000007c0000000)
  eden space 65024K, 100% used [0x000000076bb80000,0x000000076fb00000,0x000000076fb00000)
  from space 10752K, 0% used [0x000000076fb00000,0x000000076fb00000,0x0000000770580000)
  to   space 10752K, 0% used [0x0000000770580000,0x0000000770580000,0x0000000771000000)
 ParOldGen       total 173568K, used 1721K [0x00000006c3200000, 0x00000006cdb80000, 0x000000076bb80000)
  object space 173568K, 0% used [0x00000006c3200000,0x00000006c33ae410,0x00000006cdb80000)
 Metaspace       used 14032K, capacity 14376K, committed 14720K, reserved 1062912K
  class space    used 1701K, capacity 1802K, committed 1920K, reserved 1048576K
Event: 22.229 GC heap after
Heap after GC invocations=3 (full 1):
 PSYoungGen      total 75776K, used 6384K [0x000000076bb80000, 0x0000000774f80000, 0x00000007c0000000)
  eden space 65024K, 0% used [0x000000076bb80000,0x000000076bb80000,0x000000076fb00000)
  from space 10752K, 59% used [0x0000000770580000,0x0000000770bbc010,0x0000000771000000)
  to   space 10752K, 0% used [0x000000076fb00000,0x000000076fb00000,0x0000000770580000)
 ParOldGen       total 173568K, used 1729K [0x00000006c3200000, 0x00000006cdb80000, 0x000000076bb80000)
  object space 173568K, 0% used [0x00000006c3200000,0x00000006c33b0410,0x00000006cdb80000)
 Metaspace       used 14032K, capacity 14376K, committed 14720K, reserved 1062912K
  class space    used 1701K, capacity 1802K, committed 1920K, reserved 1048576K
}

Deoptimization events (2 events):
Event: 7.369 Thread 0x000001f1c1861000 Uncommon trap: reason=range_check action=make_not_entrant pc=0x000001f1c33f4f68 method=sun.reflect.generics.parser.SignatureParser.current()C @ 34
Event: 9.959 Thread 0x000001f1c1861000 Uncommon trap: reason=unstable_if action=reinterpret pc=0x000001f1c3430afc method=java.lang.CharacterDataLatin1.isWhitespace(I)Z @ 14

Classes redefined (0 events):
No events

Internal exceptions (10 events):
Event: 23.413 Thread 0x000001f1c1861000 Exception <a 'java/lang/ClassNotFoundException': com/sun/org/glassfish/hk2/osgiresourcelocator/ServiceLoader> (0x000000076c30d6a0) thrown at [C:\jenkins\workspace\8-2-build-windows-amd64-cygwin\jdk8u261\295\hotspot\src\share\vm\classfile\systemDictionary.
Event: 23.419 Thread 0x000001f1c1861000 Exception <a 'java/lang/ClassNotFoundException': javax/servlet/ServletContext> (0x000000076c3630c0) thrown at [C:\jenkins\workspace\8-2-build-windows-amd64-cygwin\jdk8u261\295\hotspot\src\share\vm\classfile\systemDictionary.cpp, line 210]
Event: 23.488 Thread 0x000001f1c1861000 Exception <a 'java/lang/ClassNotFoundException': com/sun/org/glassfish/hk2/osgiresourcelocator/ServiceLoader> (0x000000076c386718) thrown at [C:\jenkins\workspace\8-2-build-windows-amd64-cygwin\jdk8u261\295\hotspot\src\share\vm\classfile\systemDictionary.
Event: 23.494 Thread 0x000001f1c1861000 Exception <a 'java/lang/ClassNotFoundException': javax/servlet/ServletContext> (0x000000076c3dc138) thrown at [C:\jenkins\workspace\8-2-build-windows-amd64-cygwin\jdk8u261\295\hotspot\src\share\vm\classfile\systemDictionary.cpp, line 210]
Event: 23.538 Thread 0x000001f1c1861000 Exception <a 'java/lang/ClassNotFoundException': com/sun/org/glassfish/hk2/osgiresourcelocator/ServiceLoader> (0x000000076c3feac8) thrown at [C:\jenkins\workspace\8-2-build-windows-amd64-cygwin\jdk8u261\295\hotspot\src\share\vm\classfile\systemDictionary.
Event: 23.546 Thread 0x000001f1c1861000 Exception <a 'java/lang/ClassNotFoundException': javax/servlet/ServletContext> (0x000000076c4544e8) thrown at [C:\jenkins\workspace\8-2-build-windows-amd64-cygwin\jdk8u261\295\hotspot\src\share\vm\classfile\systemDictionary.cpp, line 210]
Event: 23.711 Thread 0x000001f1c1861000 Exception <a 'java/lang/ClassNotFoundException': com/sun/org/glassfish/hk2/osgiresourcelocator/ServiceLoader> (0x000000076c477150) thrown at [C:\jenkins\workspace\8-2-build-windows-amd64-cygwin\jdk8u261\295\hotspot\src\share\vm\classfile\systemDictionary.
Event: 23.717 Thread 0x000001f1c1861000 Exception <a 'java/lang/ClassNotFoundException': javax/servlet/ServletContext> (0x000000076c4cc820) thrown at [C:\jenkins\workspace\8-2-build-windows-amd64-cygwin\jdk8u261\295\hotspot\src\share\vm\classfile\systemDictionary.cpp, line 210]
Event: 23.775 Thread 0x000001f1c1861000 Exception <a 'java/lang/ClassNotFoundException': com/sun/org/glassfish/hk2/osgiresourcelocator/ServiceLoader> (0x000000076c4ef100) thrown at [C:\jenkins\workspace\8-2-build-windows-amd64-cygwin\jdk8u261\295\hotspot\src\share\vm\classfile\systemDictionary.
Event: 23.780 Thread 0x000001f1c1861000 Exception <a 'java/lang/ClassNotFoundException': javax/servlet/ServletContext> (0x000000076c544830) thrown at [C:\jenkins\workspace\8-2-build-windows-amd64-cygwin\jdk8u261\295\hotspot\src\share\vm\classfile\systemDictionary.cpp, line 210]

Events (10 events):
Event: 23.546 loading class javax/servlet/ServletContext
Event: 23.546 loading class javax/servlet/ServletContext done
Event: 23.710 loading class com/sun/org/glassfish/hk2/osgiresourcelocator/ServiceLoader
Event: 23.710 loading class com/sun/org/glassfish/hk2/osgiresourcelocator/ServiceLoader done
Event: 23.717 loading class javax/servlet/ServletContext
Event: 23.717 loading class javax/servlet/ServletContext done
Event: 23.775 loading class com/sun/org/glassfish/hk2/osgiresourcelocator/ServiceLoader
Event: 23.775 loading class com/sun/org/glassfish/hk2/osgiresourcelocator/ServiceLoader done
Event: 23.780 loading class javax/servlet/ServletContext
Event: 23.780 loading class javax/servlet/ServletContext done


Dynamic libraries:
0x00007ff79bf70000 - 0x00007ff79bfb7000 	C:\Program Files\Java\jre1.8.0_261\bin\java.exe
0x00007ffc39490000 - 0x00007ffc39686000 	C:\WINDOWS\SYSTEM32\ntdll.dll
0x00007ffc37bb0000 - 0x00007ffc37c6d000 	C:\WINDOWS\System32\KERNEL32.DLL
0x00007ffc36f20000 - 0x00007ffc371e9000 	C:\WINDOWS\System32\KERNELBASE.dll
0x00007ffc39370000 - 0x00007ffc3941c000 	C:\WINDOWS\System32\ADVAPI32.dll
0x00007ffc37a30000 - 0x00007ffc37ace000 	C:\WINDOWS\System32\msvcrt.dll
0x00007ffc37d30000 - 0x00007ffc37dcc000 	C:\WINDOWS\System32\sechost.dll
0x00007ffc39240000 - 0x00007ffc3936b000 	C:\WINDOWS\System32\RPCRT4.dll
0x00007ffc37890000 - 0x00007ffc37a30000 	C:\WINDOWS\System32\USER32.dll
0x00007ffc37380000 - 0x00007ffc373a2000 	C:\WINDOWS\System32\win32u.dll
0x00007ffc38cf0000 - 0x00007ffc38d1a000 	C:\WINDOWS\System32\GDI32.dll
0x00007ffc36c20000 - 0x00007ffc36d29000 	C:\WINDOWS\System32\gdi32full.dll
0x00007ffc36e80000 - 0x00007ffc36f1d000 	C:\WINDOWS\System32\msvcp_win.dll
0x00007ffc36d30000 - 0x00007ffc36e30000 	C:\WINDOWS\System32\ucrtbase.dll
0x00007ffc1bde0000 - 0x00007ffc1c07b000 	C:\WINDOWS\WinSxS\amd64_microsoft.windows.common-controls_6595b64144ccf1df_6.0.19041.488_none_ca04af081b815d21\COMCTL32.dll
0x00007ffc37dd0000 - 0x00007ffc37e00000 	C:\WINDOWS\System32\IMM32.DLL
0x00007ffc031b0000 - 0x00007ffc031c5000 	C:\Program Files\Java\jre1.8.0_261\bin\vcruntime140.dll
0x00007ffbfc2a0000 - 0x00007ffbfc33b000 	C:\Program Files\Java\jre1.8.0_261\bin\msvcp140.dll
0x000000005bec0000 - 0x000000005c72c000 	C:\Program Files\Java\jre1.8.0_261\bin\server\jvm.dll
0x00007ffc37530000 - 0x00007ffc37538000 	C:\WINDOWS\System32\PSAPI.DLL
0x00007ffc1e2e0000 - 0x00007ffc1e2e9000 	C:\WINDOWS\SYSTEM32\WSOCK32.dll
0x00007ffc35a30000 - 0x00007ffc35a3a000 	C:\WINDOWS\SYSTEM32\VERSION.dll
0x00007ffc1eae0000 - 0x00007ffc1eb07000 	C:\WINDOWS\SYSTEM32\WINMM.dll
0x00007ffc38c80000 - 0x00007ffc38ceb000 	C:\WINDOWS\System32\WS2_32.dll
0x00007ffc359f0000 - 0x00007ffc35a02000 	C:\WINDOWS\SYSTEM32\kernel.appcore.dll
0x00007ffc32ec0000 - 0x00007ffc32ed0000 	C:\Program Files\Java\jre1.8.0_261\bin\verify.dll
0x00007ffbff830000 - 0x00007ffbff85b000 	C:\Program Files\Java\jre1.8.0_261\bin\java.dll
0x00007ffc02000000 - 0x00007ffc02018000 	C:\Program Files\Java\jre1.8.0_261\bin\zip.dll
0x00007ffc38530000 - 0x00007ffc38c72000 	C:\WINDOWS\System32\SHELL32.dll
0x00007ffc35250000 - 0x00007ffc359e5000 	C:\WINDOWS\SYSTEM32\windows.storage.dll
0x00007ffc38ed0000 - 0x00007ffc39226000 	C:\WINDOWS\System32\combase.dll
0x00007ffc36610000 - 0x00007ffc3663c000 	C:\WINDOWS\SYSTEM32\Wldp.dll
0x00007ffc37e00000 - 0x00007ffc37eae000 	C:\WINDOWS\System32\SHCORE.dll
0x00007ffc38060000 - 0x00007ffc380b5000 	C:\WINDOWS\System32\shlwapi.dll
0x00007ffc36ad0000 - 0x00007ffc36af6000 	C:\WINDOWS\SYSTEM32\profapi.dll
0x00007ffc36560000 - 0x00007ffc36578000 	C:\WINDOWS\SYSTEM32\CRYPTSP.dll
0x00007ffc35cb0000 - 0x00007ffc35ce4000 	C:\WINDOWS\system32\rsaenh.dll
0x00007ffc37350000 - 0x00007ffc37377000 	C:\WINDOWS\System32\bcrypt.dll
0x00007ffc36a90000 - 0x00007ffc36abe000 	C:\WINDOWS\SYSTEM32\USERENV.dll
0x00007ffc36ba0000 - 0x00007ffc36c20000 	C:\WINDOWS\System32\bcryptprimitives.dll
0x00007ffc36580000 - 0x00007ffc3658c000 	C:\WINDOWS\SYSTEM32\CRYPTBASE.dll
0x00007ffc00850000 - 0x00007ffc0086c000 	C:\Program Files\Java\jre1.8.0_261\bin\net.dll
0x00007ffc36390000 - 0x00007ffc363fa000 	C:\WINDOWS\system32\mswsock.dll
0x00007ffc36030000 - 0x00007ffc3606b000 	C:\WINDOWS\SYSTEM32\IPHLPAPI.DLL
0x00007ffc39230000 - 0x00007ffc39238000 	C:\WINDOWS\System32\NSI.dll
0x00007ffc2f1e0000 - 0x00007ffc2f1f7000 	C:\WINDOWS\SYSTEM32\dhcpcsvc6.DLL
0x00007ffc2f150000 - 0x00007ffc2f16d000 	C:\WINDOWS\SYSTEM32\dhcpcsvc.DLL
0x00007ffc36070000 - 0x00007ffc3613b000 	C:\WINDOWS\SYSTEM32\DNSAPI.dll
0x00007ffbffdb0000 - 0x00007ffbffdc3000 	C:\Program Files\Java\jre1.8.0_261\bin\nio.dll
0x00007ffc1e2c0000 - 0x00007ffc1e2d7000 	C:\WINDOWS\system32\napinsp.dll
0x00007ffc1e280000 - 0x00007ffc1e29b000 	C:\WINDOWS\system32\pnrpnsp.dll
0x00007ffc30fa0000 - 0x00007ffc30fb5000 	C:\WINDOWS\system32\wshbth.dll
0x00007ffc32130000 - 0x00007ffc3214d000 	C:\WINDOWS\system32\NLAapi.dll
0x00007ffc1ba40000 - 0x00007ffc1ba52000 	C:\WINDOWS\System32\winrnr.dll
0x00007ffc2e4d0000 - 0x00007ffc2e4da000 	C:\Windows\System32\rasadhlp.dll
0x00007ffc2c590000 - 0x00007ffc2c60f000 	C:\WINDOWS\System32\fwpuclnt.dll

VM Arguments:
jvm_args: -Djava.rmi.server.codebase=file:D:\Universidad\SistemasDeComercio\SimpleRMIAutonomo\SimpleRMIAutonomo\tstTiendaElectronica.jar 
java_command: D:\Universidad\SistemasDeComercio\SimpleRMIAutonomo\SimpleRMIAutonomo\tstTiendaElectronica.jar tsttiendaelectronica.Cliente localhost 200
java_class_path (initial): D:\Universidad\SistemasDeComercio\SimpleRMIAutonomo\SimpleRMIAutonomo\tstTiendaElectronica.jar
Launcher Type: SUN_STANDARD

Environment Variables:
JAVA_HOME=C:\Program Files\Java\jdk1.8.0_111
CLASSPATH=.;C:\Program Files\Java\jre1.8.0_261;
PATH=C:\Program Files\Java\jre1.8.0_261\bin;C:\Program Files (x86)\Common Files\Oracle\Java\javapath;C:\Program Files\Java\jdk-13.0.2\bin;C:\Windows\system32;C:\Windows;C:\Windows\System32\Wbem;C:\Windows\System32\WindowsPowerShell\v1.0\;C:\Windows\System32\OpenSSH\;C:\Program Files (x86)\NVIDIA Corporation\PhysX\Common;C:\Program Files\MATLAB\R2018a\runtime\win64;C:\Program Files\MATLAB\R2018a\bin;C:\Program Files\NVIDIA Corporation\NVIDIA NvDLISR;C:\Program Files\dotnet\;C:\Program Files\Microsoft SQL Server\130\Tools\Binn\;C:\Program Files\Intel\WiFi\bin\;C:\Program Files\Common Files\Intel\WirelessCommon\;C:\WINDOWS\system32;C:\WINDOWS;C:\WINDOWS\System32\Wbem;C:\WINDOWS\System32\WindowsPowerShell\v1.0\;C:\WINDOWS\System32\OpenSSH\;D:\Perforce;D:\Matlab\runtime\win64;D:\Matlab\bin;D:\PuTTY\;C:\ProgramData\chocolatey\bin;D:\Git\cmd;;D:\AOMEI Backupper;C:\Program Files (x86)\Intel\Intel(R) Management Engine Components\DAL;C:\Program Files\Intel\Intel(R) Management Engine Components\DAL;C:\Program Files\Java\jdk1.8.0_111\bin;C:\Users\Polupero\AppData\Local\Microsoft\WindowsApps;C:\Users\Polupero\AppData\Local\GitHubDesktop\bin
USERNAME=Polupero
OS=Windows_NT
PROCESSOR_IDENTIFIER=Intel64 Family 6 Model 158 Stepping 10, GenuineIntel



---------------  S Y S T E M  ---------------

OS: Windows 10.0 , 64 bit Build 19041 (10.0.19041.662)

CPU:total 12 (initial active 12) (6 cores per cpu, 2 threads per core) family 6 model 158 stepping 10, cmov, cx8, fxsr, mmx, sse, sse2, sse3, ssse3, sse4.1, sse4.2, popcnt, avx, avx2, aes, clmul, erms, 3dnowpref, lzcnt, ht, tsc, tscinvbit, bmi1, bmi2, adx

Memory: 4k page, physical 16566556k(1772116k free), swap 30173336k(5408k free)

vm_info: Java HotSpot(TM) 64-Bit Server VM (25.261-b12) for windows-amd64 JRE (1.8.0_261-b12), built on Jun 18 2020 06:56:32 by "" with unknown MS VC++:1916

time: Sun Dec 13 18:47:41 2020
timezone: Hora estándar central (México)
elapsed time: 23 seconds (0d 0h 0m 23s)

