#
# There is insufficient memory for the Java Runtime Environment to continue.
# Native memory allocation (malloc) failed to allocate 192576 bytes for Chunk::new
# Possible reasons:
#   The system is out of physical RAM or swap space
#   The process is running with CompressedOops enabled, and the Java Heap may be blocking the growth of the native heap
# Possible solutions:
#   Reduce memory load on the system
#   Increase physical memory or swap space
#   Check if swap backing store is full
#   Decrease Java heap size (-Xmx/-Xms)
#   Decrease number of Java threads
#   Decrease Java thread stack sizes (-Xss)
#   Set larger code cache with -XX:ReservedCodeCacheSize=
#   JVM is running with Zero Based Compressed Oops mode in which the Java heap is
#     placed in the first 32GB address space. The Java Heap base address is the
#     maximum limit for the native heap growth. Please use -XX:HeapBaseMinAddress
#     to set the Java Heap base and to place the Java Heap above 32GB virtual address.
# This output file may be truncated or incomplete.
#
#  Out of Memory Error (allocation.cpp:389), pid=19312, tid=0x0000000000003bcc
#
# JRE version: Java(TM) SE Runtime Environment (8.0_261-b12) (build 1.8.0_261-b12)
# Java VM: Java HotSpot(TM) 64-Bit Server VM (25.261-b12 mixed mode windows-amd64 compressed oops)
# Failed to write core dump. Minidumps are not enabled by default on client versions of Windows
#

---------------  T H R E A D  ---------------

Current thread (0x00000192334ea000):  JavaThread "C2 CompilerThread2" daemon [_thread_in_native, id=15308, stack(0x0000001ee9500000,0x0000001ee9600000)]

Stack: [0x0000001ee9500000,0x0000001ee9600000]
Native frames: (J=compiled Java code, j=interpreted, Vv=VM code, C=native code)
V  [jvm.dll+0x33e5f9]
V  [jvm.dll+0x2850e2]
V  [jvm.dll+0x285d8d]
V  [jvm.dll+0x27c895]
V  [jvm.dll+0xe4d6c]
V  [jvm.dll+0xe556c]
V  [jvm.dll+0x461812]
V  [jvm.dll+0x49cc3d]
V  [jvm.dll+0x450e26]
V  [jvm.dll+0x44eb84]
V  [jvm.dll+0x439bc7]
V  [jvm.dll+0xbbbcb]
V  [jvm.dll+0xba22b]
V  [jvm.dll+0x24d962]
V  [jvm.dll+0x2a1cfc]
C  [ucrtbase.dll+0x214c2]
C  [KERNEL32.DLL+0x17034]
C  [ntdll.dll+0x4d0d1]


Current CompileTask:
C2:  43253 3346       4       com.sun.xml.internal.bind.v2.model.nav.ReflectionNavigator::isSubClassOf (13 bytes)


---------------  P R O C E S S  ---------------

Java Threads: ( => current thread )
  0x0000019233f50800 JavaThread "Keep-Alive-Timer" daemon [_thread_blocked, id=25348, stack(0x0000001ee9c00000,0x0000001ee9d00000)]
  0x0000019233c87000 JavaThread "GC Daemon" daemon [_thread_blocked, id=23784, stack(0x0000001ee9b00000,0x0000001ee9c00000)]
  0x0000019233c85800 JavaThread "RMI RenewClean-[192.168.56.1:59987]" daemon [_thread_blocked, id=8196, stack(0x0000001ee9a00000,0x0000001ee9b00000)]
  0x0000019233c7c000 JavaThread "RMI Scheduler(0)" daemon [_thread_blocked, id=25144, stack(0x0000001ee9900000,0x0000001ee9a00000)]
  0x00000192334ed800 JavaThread "Service Thread" daemon [_thread_blocked, id=4980, stack(0x0000001ee9700000,0x0000001ee9800000)]
  0x00000192334eb000 JavaThread "C1 CompilerThread3" daemon [_thread_blocked, id=10248, stack(0x0000001ee9600000,0x0000001ee9700000)]
=>0x00000192334ea000 JavaThread "C2 CompilerThread2" daemon [_thread_in_native, id=15308, stack(0x0000001ee9500000,0x0000001ee9600000)]
  0x0000019231d3e000 JavaThread "C2 CompilerThread1" daemon [_thread_blocked, id=22408, stack(0x0000001ee9400000,0x0000001ee9500000)]
  0x0000019231cf6000 JavaThread "C2 CompilerThread0" daemon [_thread_blocked, id=14960, stack(0x0000001ee9300000,0x0000001ee9400000)]
  0x0000019231cf5000 JavaThread "Attach Listener" daemon [_thread_blocked, id=23836, stack(0x0000001ee9200000,0x0000001ee9300000)]
  0x0000019231cf2000 JavaThread "Signal Dispatcher" daemon [_thread_blocked, id=16272, stack(0x0000001ee9100000,0x0000001ee9200000)]
  0x0000019231cdb800 JavaThread "Finalizer" daemon [_thread_blocked, id=20848, stack(0x0000001ee9000000,0x0000001ee9100000)]
  0x0000019231cb4000 JavaThread "Reference Handler" daemon [_thread_blocked, id=1016, stack(0x0000001ee8f00000,0x0000001ee9000000)]
  0x00000192163b1000 JavaThread "main" [_thread_in_native, id=15516, stack(0x0000001ee8300000,0x0000001ee8400000)]

Other Threads:
  0x0000019231ca4800 VMThread [stack: 0x0000001ee8e00000,0x0000001ee8f00000] [id=2296]
  0x00000192334fc800 WatcherThread [stack: 0x0000001ee9800000,0x0000001ee9900000] [id=1916]

VM state:not at safepoint (normal execution)

VM Mutex/Monitor currently owned by a thread: None

heap address: 0x00000006c3200000, size: 4046 MB, Compressed Oops mode: Zero based, Oop shift amount: 3
Narrow klass base: 0x0000000000000000, Narrow klass shift: 3
Compressed class space size: 1073741824 Address: 0x00000007c0000000

Heap:
 PSYoungGen      total 75776K, used 44198K [0x000000076bb80000, 0x0000000771000000, 0x00000007c0000000)
  eden space 65024K, 57% used [0x000000076bb80000,0x000000076e005970,0x000000076fb00000)
  from space 10752K, 63% used [0x000000076fb00000,0x00000007701a4010,0x0000000770580000)
  to   space 10752K, 0% used [0x0000000770580000,0x0000000770580000,0x0000000771000000)
 ParOldGen       total 173568K, used 2059K [0x00000006c3200000, 0x00000006cdb80000, 0x000000076bb80000)
  object space 173568K, 1% used [0x00000006c3200000,0x00000006c3402db0,0x00000006cdb80000)
 Metaspace       used 14462K, capacity 14816K, committed 14848K, reserved 1062912K
  class space    used 1679K, capacity 1790K, committed 1792K, reserved 1048576K

Card table byte_map: [0x00000192271e0000,0x00000192279d0000] byte_map_base: 0x0000019223bc7000

Marking Bits: (ParMarkBitMap*) 0x000000005c6b4fb0
 Begin Bits: [0x0000019227f20000, 0x000001922be58000)
 End Bits:   [0x000001922be58000, 0x000001922fd90000)

Polling page: 0x0000019216530000

CodeCache: size=245760Kb used=12114Kb max_used=12143Kb free=233646Kb
 bounds [0x0000019217e20000, 0x0000019218a10000, 0x0000019226e20000]
 total_blobs=3684 nmethods=3340 adapters=256
 compilation: enabled

Compilation events (10 events):
Event: 42.536 Thread 0x00000192334ea000 nmethod 3339 0x00000192189f7950 code [0x00000192189f7ec0, 0x00000192189fd978]
Event: 42.640 Thread 0x0000019231cf6000 3343       4       java.lang.reflect.Executable::getAnnotation (23 bytes)
Event: 42.641 Thread 0x0000019231d3e000 3344       4       com.sun.xml.internal.bind.v2.runtime.property.PropertyImpl::<init> (37 bytes)
Event: 42.642 Thread 0x0000019231d3e000 nmethod 3344 0x00000192189e9e50 code [0x00000192189e9fa0, 0x00000192189ea078]
Event: 42.646 Thread 0x0000019231cf6000 nmethod 3343 0x00000192189f7050 code [0x00000192189f71c0, 0x00000192189f7598]
Event: 42.940 Thread 0x00000192334eb000 3345       1       java.util.Collections::emptyMap (4 bytes)
Event: 42.940 Thread 0x00000192334eb000 nmethod 3345 0x00000192189e9b90 code [0x00000192189e9ce0, 0x00000192189e9dd8]
Event: 43.164 Thread 0x00000192334ea000 3346       4       com.sun.xml.internal.bind.v2.model.nav.ReflectionNavigator::isSubClassOf (13 bytes)
Event: 43.165 Thread 0x0000019231d3e000 3347       4       java.lang.ref.WeakReference::<init> (6 bytes)
Event: 43.165 Thread 0x0000019231d3e000 nmethod 3347 0x00000192189eab90 code [0x00000192189eacc0, 0x00000192189ead58]

GC Heap History (8 events):
Event: 3.668 GC heap before
{Heap before GC invocations=1 (full 0):
 PSYoungGen      total 75776K, used 14305K [0x000000076bb80000, 0x0000000771000000, 0x00000007c0000000)
  eden space 65024K, 22% used [0x000000076bb80000,0x000000076c978708,0x000000076fb00000)
  from space 10752K, 0% used [0x0000000770580000,0x0000000770580000,0x0000000771000000)
  to   space 10752K, 0% used [0x000000076fb00000,0x000000076fb00000,0x0000000770580000)
 ParOldGen       total 173568K, used 0K [0x00000006c3200000, 0x00000006cdb80000, 0x000000076bb80000)
  object space 173568K, 0% used [0x00000006c3200000,0x00000006c3200000,0x00000006cdb80000)
 Metaspace       used 12679K, capacity 12870K, committed 13056K, reserved 1060864K
  class space    used 1647K, capacity 1743K, committed 1792K, reserved 1048576K
Event: 3.692 GC heap after
Heap after GC invocations=1 (full 0):
 PSYoungGen      total 75776K, used 2096K [0x000000076bb80000, 0x0000000771000000, 0x00000007c0000000)
  eden space 65024K, 0% used [0x000000076bb80000,0x000000076bb80000,0x000000076fb00000)
  from space 10752K, 19% used [0x000000076fb00000,0x000000076fd0c010,0x0000000770580000)
  to   space 10752K, 0% used [0x0000000770580000,0x0000000770580000,0x0000000771000000)
 ParOldGen       total 173568K, used 80K [0x00000006c3200000, 0x00000006cdb80000, 0x000000076bb80000)
  object space 173568K, 0% used [0x00000006c3200000,0x00000006c3214010,0x00000006cdb80000)
 Metaspace       used 12679K, capacity 12870K, committed 13056K, reserved 1060864K
  class space    used 1647K, capacity 1743K, committed 1792K, reserved 1048576K
}
Event: 3.693 GC heap before
{Heap before GC invocations=2 (full 1):
 PSYoungGen      total 75776K, used 2096K [0x000000076bb80000, 0x0000000771000000, 0x00000007c0000000)
  eden space 65024K, 0% used [0x000000076bb80000,0x000000076bb80000,0x000000076fb00000)
  from space 10752K, 19% used [0x000000076fb00000,0x000000076fd0c010,0x0000000770580000)
  to   space 10752K, 0% used [0x0000000770580000,0x0000000770580000,0x0000000771000000)
 ParOldGen       total 173568K, used 80K [0x00000006c3200000, 0x00000006cdb80000, 0x000000076bb80000)
  object space 173568K, 0% used [0x00000006c3200000,0x00000006c3214010,0x00000006cdb80000)
 Metaspace       used 12679K, capacity 12870K, committed 13056K, reserved 1060864K
  class space    used 1647K, capacity 1743K, committed 1792K, reserved 1048576K
Event: 3.772 GC heap after
Heap after GC invocations=2 (full 1):
 PSYoungGen      total 75776K, used 0K [0x000000076bb80000, 0x0000000771000000, 0x00000007c0000000)
  eden space 65024K, 0% used [0x000000076bb80000,0x000000076bb80000,0x000000076fb00000)
  from space 10752K, 0% used [0x000000076fb00000,0x000000076fb00000,0x0000000770580000)
  to   space 10752K, 0% used [0x0000000770580000,0x0000000770580000,0x0000000771000000)
 ParOldGen       total 173568K, used 2043K [0x00000006c3200000, 0x00000006cdb80000, 0x000000076bb80000)
  object space 173568K, 1% used [0x00000006c3200000,0x00000006c33fedb0,0x00000006cdb80000)
 Metaspace       used 12679K, capacity 12870K, committed 13056K, reserved 1060864K
  class space    used 1647K, capacity 1743K, committed 1792K, reserved 1048576K
}
Event: 19.733 GC heap before
{Heap before GC invocations=3 (full 1):
 PSYoungGen      total 75776K, used 65024K [0x000000076bb80000, 0x0000000771000000, 0x00000007c0000000)
  eden space 65024K, 100% used [0x000000076bb80000,0x000000076fb00000,0x000000076fb00000)
  from space 10752K, 0% used [0x000000076fb00000,0x000000076fb00000,0x0000000770580000)
  to   space 10752K, 0% used [0x0000000770580000,0x0000000770580000,0x0000000771000000)
 ParOldGen       total 173568K, used 2043K [0x00000006c3200000, 0x00000006cdb80000, 0x000000076bb80000)
  object space 173568K, 1% used [0x00000006c3200000,0x00000006c33fedb0,0x00000006cdb80000)
 Metaspace       used 13924K, capacity 14240K, committed 14336K, reserved 1062912K
  class space    used 1678K, capacity 1790K, committed 1792K, reserved 1048576K
Event: 19.837 GC heap after
Heap after GC invocations=3 (full 1):
 PSYoungGen      total 75776K, used 6128K [0x000000076bb80000, 0x0000000771000000, 0x00000007c0000000)
  eden space 65024K, 0% used [0x000000076bb80000,0x000000076bb80000,0x000000076fb00000)
  from space 10752K, 56% used [0x0000000770580000,0x0000000770b7c010,0x0000000771000000)
  to   space 10752K, 0% used [0x000000076fb00000,0x000000076fb00000,0x0000000770580000)
 ParOldGen       total 173568K, used 2051K [0x00000006c3200000, 0x00000006cdb80000, 0x000000076bb80000)
  object space 173568K, 1% used [0x00000006c3200000,0x00000006c3400db0,0x00000006cdb80000)
 Metaspace       used 13924K, capacity 14240K, committed 14336K, reserved 1062912K
  class space    used 1678K, capacity 1790K, committed 1792K, reserved 1048576K
}
Event: 34.205 GC heap before
{Heap before GC invocations=4 (full 1):
 PSYoungGen      total 75776K, used 71152K [0x000000076bb80000, 0x0000000771000000, 0x00000007c0000000)
  eden space 65024K, 100% used [0x000000076bb80000,0x000000076fb00000,0x000000076fb00000)
  from space 10752K, 56% used [0x0000000770580000,0x0000000770b7c010,0x0000000771000000)
  to   space 10752K, 0% used [0x000000076fb00000,0x000000076fb00000,0x0000000770580000)
 ParOldGen       total 173568K, used 2051K [0x00000006c3200000, 0x00000006cdb80000, 0x000000076bb80000)
  object space 173568K, 1% used [0x00000006c3200000,0x00000006c3400db0,0x00000006cdb80000)
 Metaspace       used 14402K, capacity 14752K, committed 14848K, reserved 1062912K
  class space    used 1678K, capacity 1790K, committed 1792K, reserved 1048576K
Event: 34.273 GC heap after
Heap after GC invocations=4 (full 1):
 PSYoungGen      total 75776K, used 6800K [0x000000076bb80000, 0x0000000771000000, 0x00000007c0000000)
  eden space 65024K, 0% used [0x000000076bb80000,0x000000076bb80000,0x000000076fb00000)
  from space 10752K, 63% used [0x000000076fb00000,0x00000007701a4010,0x0000000770580000)
  to   space 10752K, 0% used [0x0000000770580000,0x0000000770580000,0x0000000771000000)
 ParOldGen       total 173568K, used 2059K [0x00000006c3200000, 0x00000006cdb80000, 0x000000076bb80000)
  object space 173568K, 1% used [0x00000006c3200000,0x00000006c3402db0,0x00000006cdb80000)
 Metaspace       used 14402K, capacity 14752K, committed 14848K, reserved 1062912K
  class space    used 1678K, capacity 1790K, committed 1792K, reserved 1048576K
}

Deoptimization events (10 events):
Event: 31.153 Thread 0x00000192163b1000 Uncommon trap: reason=bimorphic action=maybe_recompile pc=0x0000019218665090 method=java.util.HashMap.removeNode(ILjava/lang/Object;Ljava/lang/Object;ZZ)Ljava/util/HashMap$Node; @ 283
Event: 31.153 Thread 0x00000192163b1000 Uncommon trap: reason=bimorphic action=maybe_recompile pc=0x0000019218665090 method=java.util.HashMap.removeNode(ILjava/lang/Object;Ljava/lang/Object;ZZ)Ljava/util/HashMap$Node; @ 283
Event: 31.153 Thread 0x00000192163b1000 Uncommon trap: reason=bimorphic action=maybe_recompile pc=0x0000019218665090 method=java.util.HashMap.removeNode(ILjava/lang/Object;Ljava/lang/Object;ZZ)Ljava/util/HashMap$Node; @ 283
Event: 31.804 Thread 0x00000192163b1000 Uncommon trap: reason=class_check action=maybe_recompile pc=0x00000192182cbfc0 method=java.util.LinkedHashMap.afterNodeInsertion(Z)V @ 15
Event: 31.804 Thread 0x00000192163b1000 Uncommon trap: reason=class_check action=maybe_recompile pc=0x00000192182cbfc0 method=java.util.LinkedHashMap.afterNodeInsertion(Z)V @ 15
Event: 32.654 Thread 0x00000192163b1000 Uncommon trap: reason=array_check action=maybe_recompile pc=0x000001921887ccf8 method=java.util.AbstractCollection.toArray([Ljava/lang/Object;)[Ljava/lang/Object; @ 119
Event: 32.734 Thread 0x00000192163b1000 Uncommon trap: reason=array_check action=maybe_recompile pc=0x000001921887ccf8 method=java.util.AbstractCollection.toArray([Ljava/lang/Object;)[Ljava/lang/Object; @ 119
Event: 32.821 Thread 0x00000192163b1000 Uncommon trap: reason=array_check action=maybe_recompile pc=0x000001921887ccf8 method=java.util.AbstractCollection.toArray([Ljava/lang/Object;)[Ljava/lang/Object; @ 119
Event: 32.917 Thread 0x00000192163b1000 Uncommon trap: reason=array_check action=maybe_recompile pc=0x000001921887ccf8 method=java.util.AbstractCollection.toArray([Ljava/lang/Object;)[Ljava/lang/Object; @ 119
Event: 33.838 Thread 0x00000192163b1000 Uncommon trap: reason=unstable_if action=reinterpret pc=0x000001921872bb20 method=java.lang.CharacterDataLatin1.digit(II)I @ 82

Classes redefined (0 events):
No events

Internal exceptions (10 events):
Event: 42.633 Thread 0x00000192163b1000 Exception <a 'java/lang/ClassNotFoundException': com/sun/org/glassfish/hk2/osgiresourcelocator/ServiceLoader> (0x000000076dce6e20) thrown at [C:\jenkins\workspace\8-2-build-windows-amd64-cygwin\jdk8u261\295\hotspot\src\share\vm\classfile\systemDictionary.
Event: 42.642 Thread 0x00000192163b1000 Exception <a 'java/lang/ClassNotFoundException': javax/servlet/ServletContext> (0x000000076dd38e10) thrown at [C:\jenkins\workspace\8-2-build-windows-amd64-cygwin\jdk8u261\295\hotspot\src\share\vm\classfile\systemDictionary.cpp, line 210]
Event: 42.814 Thread 0x00000192163b1000 Exception <a 'java/lang/ClassNotFoundException': com/sun/org/glassfish/hk2/osgiresourcelocator/ServiceLoader> (0x000000076dd5afd8) thrown at [C:\jenkins\workspace\8-2-build-windows-amd64-cygwin\jdk8u261\295\hotspot\src\share\vm\classfile\systemDictionary.
Event: 42.817 Thread 0x00000192163b1000 Exception <a 'java/lang/ClassNotFoundException': javax/servlet/ServletContext> (0x000000076ddad068) thrown at [C:\jenkins\workspace\8-2-build-windows-amd64-cygwin\jdk8u261\295\hotspot\src\share\vm\classfile\systemDictionary.cpp, line 210]
Event: 42.940 Thread 0x00000192163b1000 Exception <a 'java/lang/ClassNotFoundException': com/sun/org/glassfish/hk2/osgiresourcelocator/ServiceLoader> (0x000000076ddcf518) thrown at [C:\jenkins\workspace\8-2-build-windows-amd64-cygwin\jdk8u261\295\hotspot\src\share\vm\classfile\systemDictionary.
Event: 42.942 Thread 0x00000192163b1000 Exception <a 'java/lang/ClassNotFoundException': javax/servlet/ServletContext> (0x000000076de21508) thrown at [C:\jenkins\workspace\8-2-build-windows-amd64-cygwin\jdk8u261\295\hotspot\src\share\vm\classfile\systemDictionary.cpp, line 210]
Event: 43.100 Thread 0x00000192163b1000 Exception <a 'java/lang/ClassNotFoundException': com/sun/org/glassfish/hk2/osgiresourcelocator/ServiceLoader> (0x000000076de436b8) thrown at [C:\jenkins\workspace\8-2-build-windows-amd64-cygwin\jdk8u261\295\hotspot\src\share\vm\classfile\systemDictionary.
Event: 43.105 Thread 0x00000192163b1000 Exception <a 'java/lang/ClassNotFoundException': javax/servlet/ServletContext> (0x000000076de956a8) thrown at [C:\jenkins\workspace\8-2-build-windows-amd64-cygwin\jdk8u261\295\hotspot\src\share\vm\classfile\systemDictionary.cpp, line 210]
Event: 43.163 Thread 0x00000192163b1000 Exception <a 'java/lang/ClassNotFoundException': com/sun/org/glassfish/hk2/osgiresourcelocator/ServiceLoader> (0x000000076deb7b58) thrown at [C:\jenkins\workspace\8-2-build-windows-amd64-cygwin\jdk8u261\295\hotspot\src\share\vm\classfile\systemDictionary.
Event: 43.167 Thread 0x00000192163b1000 Exception <a 'java/lang/ClassNotFoundException': javax/servlet/ServletContext> (0x000000076df09b70) thrown at [C:\jenkins\workspace\8-2-build-windows-amd64-cygwin\jdk8u261\295\hotspot\src\share\vm\classfile\systemDictionary.cpp, line 210]

Events (10 events):
Event: 42.942 loading class javax/servlet/ServletContext
Event: 42.942 loading class javax/servlet/ServletContext done
Event: 43.100 loading class com/sun/org/glassfish/hk2/osgiresourcelocator/ServiceLoader
Event: 43.100 loading class com/sun/org/glassfish/hk2/osgiresourcelocator/ServiceLoader done
Event: 43.105 loading class javax/servlet/ServletContext
Event: 43.105 loading class javax/servlet/ServletContext done
Event: 43.163 loading class com/sun/org/glassfish/hk2/osgiresourcelocator/ServiceLoader
Event: 43.163 loading class com/sun/org/glassfish/hk2/osgiresourcelocator/ServiceLoader done
Event: 43.167 loading class javax/servlet/ServletContext
Event: 43.167 loading class javax/servlet/ServletContext done


Dynamic libraries:
0x00007ff79bf70000 - 0x00007ff79bfb7000 	C:\Program Files\Java\jre1.8.0_261\bin\java.exe
0x00007ffc39490000 - 0x00007ffc39686000 	C:\WINDOWS\SYSTEM32\ntdll.dll
0x00007ffc37bb0000 - 0x00007ffc37c6d000 	C:\WINDOWS\System32\KERNEL32.DLL
0x00007ffc36f20000 - 0x00007ffc371e9000 	C:\WINDOWS\System32\KERNELBASE.dll
0x00007ffc39370000 - 0x00007ffc3941c000 	C:\WINDOWS\System32\ADVAPI32.dll
0x00007ffc37a30000 - 0x00007ffc37ace000 	C:\WINDOWS\System32\msvcrt.dll
0x00007ffc37d30000 - 0x00007ffc37dcc000 	C:\WINDOWS\System32\sechost.dll
0x00007ffc39240000 - 0x00007ffc3936b000 	C:\WINDOWS\System32\RPCRT4.dll
0x00007ffc37890000 - 0x00007ffc37a30000 	C:\WINDOWS\System32\USER32.dll
0x00007ffc37380000 - 0x00007ffc373a2000 	C:\WINDOWS\System32\win32u.dll
0x00007ffc38cf0000 - 0x00007ffc38d1a000 	C:\WINDOWS\System32\GDI32.dll
0x00007ffc36c20000 - 0x00007ffc36d29000 	C:\WINDOWS\System32\gdi32full.dll
0x00007ffc36e80000 - 0x00007ffc36f1d000 	C:\WINDOWS\System32\msvcp_win.dll
0x00007ffc36d30000 - 0x00007ffc36e30000 	C:\WINDOWS\System32\ucrtbase.dll
0x00007ffc1bde0000 - 0x00007ffc1c07b000 	C:\WINDOWS\WinSxS\amd64_microsoft.windows.common-controls_6595b64144ccf1df_6.0.19041.488_none_ca04af081b815d21\COMCTL32.dll
0x00007ffc37dd0000 - 0x00007ffc37e00000 	C:\WINDOWS\System32\IMM32.DLL
0x00007ffc031b0000 - 0x00007ffc031c5000 	C:\Program Files\Java\jre1.8.0_261\bin\vcruntime140.dll
0x00007ffbfc2a0000 - 0x00007ffbfc33b000 	C:\Program Files\Java\jre1.8.0_261\bin\msvcp140.dll
0x000000005bec0000 - 0x000000005c72c000 	C:\Program Files\Java\jre1.8.0_261\bin\server\jvm.dll
0x00007ffc37530000 - 0x00007ffc37538000 	C:\WINDOWS\System32\PSAPI.DLL
0x00007ffc1e2e0000 - 0x00007ffc1e2e9000 	C:\WINDOWS\SYSTEM32\WSOCK32.dll
0x00007ffc1eae0000 - 0x00007ffc1eb07000 	C:\WINDOWS\SYSTEM32\WINMM.dll
0x00007ffc38c80000 - 0x00007ffc38ceb000 	C:\WINDOWS\System32\WS2_32.dll
0x00007ffc35a30000 - 0x00007ffc35a3a000 	C:\WINDOWS\SYSTEM32\VERSION.dll
0x00007ffc359f0000 - 0x00007ffc35a02000 	C:\WINDOWS\SYSTEM32\kernel.appcore.dll
0x00007ffc32ec0000 - 0x00007ffc32ed0000 	C:\Program Files\Java\jre1.8.0_261\bin\verify.dll
0x00007ffbff830000 - 0x00007ffbff85b000 	C:\Program Files\Java\jre1.8.0_261\bin\java.dll
0x00007ffc02000000 - 0x00007ffc02018000 	C:\Program Files\Java\jre1.8.0_261\bin\zip.dll
0x00007ffc38530000 - 0x00007ffc38c72000 	C:\WINDOWS\System32\SHELL32.dll
0x00007ffc35250000 - 0x00007ffc359e5000 	C:\WINDOWS\SYSTEM32\windows.storage.dll
0x00007ffc38ed0000 - 0x00007ffc39226000 	C:\WINDOWS\System32\combase.dll
0x00007ffc36610000 - 0x00007ffc3663c000 	C:\WINDOWS\SYSTEM32\Wldp.dll
0x00007ffc37e00000 - 0x00007ffc37eae000 	C:\WINDOWS\System32\SHCORE.dll
0x00007ffc38060000 - 0x00007ffc380b5000 	C:\WINDOWS\System32\shlwapi.dll
0x00007ffc36ad0000 - 0x00007ffc36af6000 	C:\WINDOWS\SYSTEM32\profapi.dll
0x00007ffc36560000 - 0x00007ffc36578000 	C:\WINDOWS\SYSTEM32\CRYPTSP.dll
0x00007ffc35cb0000 - 0x00007ffc35ce4000 	C:\WINDOWS\system32\rsaenh.dll
0x00007ffc37350000 - 0x00007ffc37377000 	C:\WINDOWS\System32\bcrypt.dll
0x00007ffc36a90000 - 0x00007ffc36abe000 	C:\WINDOWS\SYSTEM32\USERENV.dll
0x00007ffc36ba0000 - 0x00007ffc36c20000 	C:\WINDOWS\System32\bcryptprimitives.dll
0x00007ffc36580000 - 0x00007ffc3658c000 	C:\WINDOWS\SYSTEM32\CRYPTBASE.dll
0x00007ffc00850000 - 0x00007ffc0086c000 	C:\Program Files\Java\jre1.8.0_261\bin\net.dll
0x00007ffc36390000 - 0x00007ffc363fa000 	C:\WINDOWS\system32\mswsock.dll
0x00007ffc36030000 - 0x00007ffc3606b000 	C:\WINDOWS\SYSTEM32\IPHLPAPI.DLL
0x00007ffc39230000 - 0x00007ffc39238000 	C:\WINDOWS\System32\NSI.dll
0x00007ffc2f1e0000 - 0x00007ffc2f1f7000 	C:\WINDOWS\SYSTEM32\dhcpcsvc6.DLL
0x00007ffc2f150000 - 0x00007ffc2f16d000 	C:\WINDOWS\SYSTEM32\dhcpcsvc.DLL
0x00007ffc36070000 - 0x00007ffc3613b000 	C:\WINDOWS\SYSTEM32\DNSAPI.dll
0x00007ffbffdb0000 - 0x00007ffbffdc3000 	C:\Program Files\Java\jre1.8.0_261\bin\nio.dll
0x00007ffc1e2c0000 - 0x00007ffc1e2d7000 	C:\WINDOWS\system32\napinsp.dll
0x00007ffc1e280000 - 0x00007ffc1e29b000 	C:\WINDOWS\system32\pnrpnsp.dll
0x00007ffc30fa0000 - 0x00007ffc30fb5000 	C:\WINDOWS\system32\wshbth.dll
0x00007ffc32130000 - 0x00007ffc3214d000 	C:\WINDOWS\system32\NLAapi.dll
0x00007ffc1ba40000 - 0x00007ffc1ba52000 	C:\WINDOWS\System32\winrnr.dll
0x00007ffc2e4d0000 - 0x00007ffc2e4da000 	C:\Windows\System32\rasadhlp.dll
0x00007ffc2c590000 - 0x00007ffc2c60f000 	C:\WINDOWS\System32\fwpuclnt.dll
0x00007ffc34850000 - 0x00007ffc34a34000 	C:\WINDOWS\SYSTEM32\dbghelp.dll

VM Arguments:
jvm_args: -Djava.rmi.server.codebase=file:D:\Universidad\SistemasDeComercio\SimpleRMIAutonomo\SimpleRMIAutonomo\tstPagoOnline.jar 
java_command: D:\Universidad\SistemasDeComercio\SimpleRMIAutonomo\SimpleRMIAutonomo\tstPagoOnline.jar tstpagoonline.Cliente localhost 200
java_class_path (initial): D:\Universidad\SistemasDeComercio\SimpleRMIAutonomo\SimpleRMIAutonomo\tstPagoOnline.jar
Launcher Type: SUN_STANDARD

Environment Variables:
JAVA_HOME=C:\Program Files\Java\jdk1.8.0_111
CLASSPATH=.;C:\Program Files\Java\jre1.8.0_261;
PATH=C:\Program Files\Java\jre1.8.0_261\bin;C:\Program Files (x86)\Common Files\Oracle\Java\javapath;C:\Program Files\Java\jdk-13.0.2\bin;C:\Windows\system32;C:\Windows;C:\Windows\System32\Wbem;C:\Windows\System32\WindowsPowerShell\v1.0\;C:\Windows\System32\OpenSSH\;C:\Program Files (x86)\NVIDIA Corporation\PhysX\Common;C:\Program Files\MATLAB\R2018a\runtime\win64;C:\Program Files\MATLAB\R2018a\bin;C:\Program Files\NVIDIA Corporation\NVIDIA NvDLISR;C:\Program Files\dotnet\;C:\Program Files\Microsoft SQL Server\130\Tools\Binn\;C:\Program Files\Intel\WiFi\bin\;C:\Program Files\Common Files\Intel\WirelessCommon\;C:\WINDOWS\system32;C:\WINDOWS;C:\WINDOWS\System32\Wbem;C:\WINDOWS\System32\WindowsPowerShell\v1.0\;C:\WINDOWS\System32\OpenSSH\;D:\Perforce;D:\Matlab\runtime\win64;D:\Matlab\bin;D:\PuTTY\;C:\ProgramData\chocolatey\bin;D:\Git\cmd;;D:\AOMEI Backupper;C:\Program Files (x86)\Intel\Intel(R) Management Engine Components\DAL;C:\Program Files\Intel\Intel(R) Management Engine Components\DAL;C:\Program Files\Java\jdk1.8.0_111\bin;C:\Users\Polupero\AppData\Local\Microsoft\WindowsApps;C:\Users\Polupero\AppData\Local\GitHubDesktop\bin
USERNAME=Polupero
OS=Windows_NT
PROCESSOR_IDENTIFIER=Intel64 Family 6 Model 158 Stepping 10, GenuineIntel



---------------  S Y S T E M  ---------------

OS: Windows 10.0 , 64 bit Build 19041 (10.0.19041.662)

CPU:total 12 (initial active 12) (6 cores per cpu, 2 threads per core) family 6 model 158 stepping 10, cmov, cx8, fxsr, mmx, sse, sse2, sse3, ssse3, sse4.1, sse4.2, popcnt, avx, avx2, aes, clmul, erms, 3dnowpref, lzcnt, ht, tsc, tscinvbit, bmi1, bmi2, adx

Memory: 4k page, physical 16566556k(2108736k free), swap 30173336k(1079548k free)

vm_info: Java HotSpot(TM) 64-Bit Server VM (25.261-b12) for windows-amd64 JRE (1.8.0_261-b12), built on Jun 18 2020 06:56:32 by "" with unknown MS VC++:1916

time: Sun Dec 13 18:59:46 2020
timezone: Hora estándar central (México)
elapsed time: 43 seconds (0d 0h 0m 43s)

