#
# There is insufficient memory for the Java Runtime Environment to continue.
# Native memory allocation (malloc) failed to allocate 32744 bytes for ChunkPool::allocate
# Possible reasons:
#   The system is out of physical RAM or swap space
#   The process is running with CompressedOops enabled, and the Java Heap may be blocking the growth of the native heap
# Possible solutions:
#   Reduce memory load on the system
#   Increase physical memory or swap space
#   Check if swap backing store is full
#   Decrease Java heap size (-Xmx/-Xms)
#   Decrease number of Java threads
#   Decrease Java thread stack sizes (-Xss)
#   Set larger code cache with -XX:ReservedCodeCacheSize=
#   JVM is running with Zero Based Compressed Oops mode in which the Java heap is
#     placed in the first 32GB address space. The Java Heap base address is the
#     maximum limit for the native heap growth. Please use -XX:HeapBaseMinAddress
#     to set the Java Heap base and to place the Java Heap above 32GB virtual address.
# This output file may be truncated or incomplete.
#
#  Out of Memory Error (allocation.cpp:272), pid=17328, tid=0x0000000000004760
#
# JRE version: Java(TM) SE Runtime Environment (8.0_261-b12) (build 1.8.0_261-b12)
# Java VM: Java HotSpot(TM) 64-Bit Server VM (25.261-b12 mixed mode windows-amd64 compressed oops)
# Failed to write core dump. Minidumps are not enabled by default on client versions of Windows
#

---------------  T H R E A D  ---------------

Current thread (0x000001f76b8ec000):  JavaThread "C2 CompilerThread0" daemon [_thread_in_native, id=18272, stack(0x0000009ee7700000,0x0000009ee7800000)]

Stack: [0x0000009ee7700000,0x0000009ee7800000]
Native frames: (J=compiled Java code, j=interpreted, Vv=VM code, C=native code)
V  [jvm.dll+0x33e5f9]


Current CompileTask:
C2:  11691 1857       4       com.sun.org.apache.xerces.internal.impl.XMLEntityScanner::skipSpaces (350 bytes)


---------------  P R O C E S S  ---------------

Java Threads: ( => current thread )
  0x000001f76e783000 JavaThread "Keep-Alive-Timer" daemon [_thread_blocked, id=15792, stack(0x0000009ee8000000,0x0000009ee8100000)]
  0x000001f76e137000 JavaThread "GC Daemon" daemon [_thread_blocked, id=7592, stack(0x0000009ee7f00000,0x0000009ee8000000)]
  0x000001f76e136800 JavaThread "RMI RenewClean-[192.168.56.1:50681]" daemon [_thread_blocked, id=21228, stack(0x0000009ee7e00000,0x0000009ee7f00000)]
  0x000001f76e135800 JavaThread "RMI Scheduler(0)" daemon [_thread_blocked, id=864, stack(0x0000009ee7d00000,0x0000009ee7e00000)]
  0x000001f76ddcc800 JavaThread "Service Thread" daemon [_thread_blocked, id=17876, stack(0x0000009ee7b00000,0x0000009ee7c00000)]
  0x000001f76ddca000 JavaThread "C1 CompilerThread3" daemon [_thread_blocked, id=23956, stack(0x0000009ee7a00000,0x0000009ee7b00000)]
  0x000001f76ddc1000 JavaThread "C2 CompilerThread2" daemon [_thread_blocked, id=9248, stack(0x0000009ee7900000,0x0000009ee7a00000)]
  0x000001f76b929000 JavaThread "C2 CompilerThread1" daemon [_thread_blocked, id=22048, stack(0x0000009ee7800000,0x0000009ee7900000)]
=>0x000001f76b8ec000 JavaThread "C2 CompilerThread0" daemon [_thread_in_native, id=18272, stack(0x0000009ee7700000,0x0000009ee7800000)]
  0x000001f76b8e9000 JavaThread "Attach Listener" daemon [_thread_blocked, id=15936, stack(0x0000009ee7600000,0x0000009ee7700000)]
  0x000001f76b8e8000 JavaThread "Signal Dispatcher" daemon [_thread_blocked, id=17188, stack(0x0000009ee7500000,0x0000009ee7600000)]
  0x000001f76b8cd000 JavaThread "Finalizer" daemon [_thread_blocked, id=22316, stack(0x0000009ee7400000,0x0000009ee7500000)]
  0x000001f76b8a4800 JavaThread "Reference Handler" daemon [_thread_blocked, id=9868, stack(0x0000009ee7300000,0x0000009ee7400000)]
  0x000001f750b42800 JavaThread "main" [_thread_in_native, id=2424, stack(0x0000009ee6700000,0x0000009ee6800000)]

Other Threads:
  0x000001f76b89b000 VMThread [stack: 0x0000009ee7200000,0x0000009ee7300000] [id=2844]
  0x000001f76ddd9000 WatcherThread [stack: 0x0000009ee7c00000,0x0000009ee7d00000] [id=17700]

VM state:not at safepoint (normal execution)

VM Mutex/Monitor currently owned by a thread: None

heap address: 0x00000006c3200000, size: 4046 MB, Compressed Oops mode: Zero based, Oop shift amount: 3
Narrow klass base: 0x0000000000000000, Narrow klass shift: 3
Compressed class space size: 1073741824 Address: 0x00000007c0000000

Heap:
 PSYoungGen      total 75776K, used 31664K [0x000000076bb80000, 0x0000000771000000, 0x00000007c0000000)
  eden space 65024K, 48% used [0x000000076bb80000,0x000000076da6c188,0x000000076fb00000)
  from space 10752K, 0% used [0x000000076fb00000,0x000000076fb00000,0x0000000770580000)
  to   space 10752K, 0% used [0x0000000770580000,0x0000000770580000,0x0000000771000000)
 ParOldGen       total 173568K, used 1133K [0x00000006c3200000, 0x00000006cdb80000, 0x000000076bb80000)
  object space 173568K, 0% used [0x00000006c3200000,0x00000006c331b7c8,0x00000006cdb80000)
 Metaspace       used 13596K, capacity 13972K, committed 14080K, reserved 1060864K
  class space    used 1673K, capacity 1788K, committed 1792K, reserved 1048576K

Card table byte_map: [0x000001f761a90000,0x000001f762280000] byte_map_base: 0x000001f75e477000

Marking Bits: (ParMarkBitMap*) 0x000000005c6b4fb0
 Begin Bits: [0x000001f7627d0000, 0x000001f766708000)
 End Bits:   [0x000001f766708000, 0x000001f76a640000)

Polling page: 0x000001f750dc0000

CodeCache: size=245760Kb used=6225Kb max_used=6225Kb free=239534Kb
 bounds [0x000001f7526d0000, 0x000001f752cf0000, 0x000001f7616d0000]
 total_blobs=2200 nmethods=1856 adapters=256
 compilation: enabled

Compilation events (10 events):
Event: 11.584 Thread 0x000001f76b929000 nmethod 1848 0x000001f752ccaf10 code [0x000001f752ccb080, 0x000001f752ccb6e8]
Event: 11.652 Thread 0x000001f76ddca000 1850  s!   3       sun.net.www.protocol.http.HttpURLConnection::getInputStream0 (2023 bytes)
Event: 11.657 Thread 0x000001f76b8ec000 1852       4       java.lang.String::compareTo (78 bytes)
Event: 11.658 Thread 0x000001f76ddc1000 1853       4       com.sun.xml.internal.bind.v2.model.annotation.RuntimeInlineAnnotationReader::hasFieldAnnotation (10 bytes)
Event: 11.660 Thread 0x000001f76b929000 1854       4       java.lang.Class::searchMethods (90 bytes)
Event: 11.660 Thread 0x000001f76b8ec000 nmethod 1852 0x000001f752cc7dd0 code [0x000001f752cc7f20, 0x000001f752cc8078]
Event: 11.665 Thread 0x000001f76b8ec000 1855       4       sun.reflect.generics.reflectiveObjects.ParameterizedTypeImpl::getRawType (5 bytes)
Event: 11.665 Thread 0x000001f76b8ec000 nmethod 1855 0x000001f752c74bd0 code [0x000001f752c74d00, 0x000001f752c74d78]
Event: 11.666 Thread 0x000001f76b8ec000 1857       4       com.sun.org.apache.xerces.internal.impl.XMLEntityScanner::skipSpaces (350 bytes)
Event: 11.672 Thread 0x000001f76b929000 nmethod 1854 0x000001f752cc8ed0 code [0x000001f752cc9040, 0x000001f752cc9588]

GC Heap History (4 events):
Event: 3.166 GC heap before
{Heap before GC invocations=1 (full 0):
 PSYoungGen      total 75776K, used 9103K [0x000000076bb80000, 0x0000000771000000, 0x00000007c0000000)
  eden space 65024K, 14% used [0x000000076bb80000,0x000000076c463e18,0x000000076fb00000)
  from space 10752K, 0% used [0x0000000770580000,0x0000000770580000,0x0000000771000000)
  to   space 10752K, 0% used [0x000000076fb00000,0x000000076fb00000,0x0000000770580000)
 ParOldGen       total 173568K, used 0K [0x00000006c3200000, 0x00000006cdb80000, 0x000000076bb80000)
  object space 173568K, 0% used [0x00000006c3200000,0x00000006c3200000,0x00000006cdb80000)
 Metaspace       used 7588K, capacity 7784K, committed 7936K, reserved 1056768K
  class space    used 916K, capacity 966K, committed 1024K, reserved 1048576K
Event: 3.268 GC heap after
Heap after GC invocations=1 (full 0):
 PSYoungGen      total 75776K, used 1200K [0x000000076bb80000, 0x0000000771000000, 0x00000007c0000000)
  eden space 65024K, 0% used [0x000000076bb80000,0x000000076bb80000,0x000000076fb00000)
  from space 10752K, 11% used [0x000000076fb00000,0x000000076fc2c010,0x0000000770580000)
  to   space 10752K, 0% used [0x0000000770580000,0x0000000770580000,0x0000000771000000)
 ParOldGen       total 173568K, used 72K [0x00000006c3200000, 0x00000006cdb80000, 0x000000076bb80000)
  object space 173568K, 0% used [0x00000006c3200000,0x00000006c3212010,0x00000006cdb80000)
 Metaspace       used 7588K, capacity 7784K, committed 7936K, reserved 1056768K
  class space    used 916K, capacity 966K, committed 1024K, reserved 1048576K
}
Event: 3.268 GC heap before
{Heap before GC invocations=2 (full 1):
 PSYoungGen      total 75776K, used 1200K [0x000000076bb80000, 0x0000000771000000, 0x00000007c0000000)
  eden space 65024K, 0% used [0x000000076bb80000,0x000000076bb80000,0x000000076fb00000)
  from space 10752K, 11% used [0x000000076fb00000,0x000000076fc2c010,0x0000000770580000)
  to   space 10752K, 0% used [0x0000000770580000,0x0000000770580000,0x0000000771000000)
 ParOldGen       total 173568K, used 72K [0x00000006c3200000, 0x00000006cdb80000, 0x000000076bb80000)
  object space 173568K, 0% used [0x00000006c3200000,0x00000006c3212010,0x00000006cdb80000)
 Metaspace       used 7588K, capacity 7784K, committed 7936K, reserved 1056768K
  class space    used 916K, capacity 966K, committed 1024K, reserved 1048576K
Event: 3.372 GC heap after
Heap after GC invocations=2 (full 1):
 PSYoungGen      total 75776K, used 0K [0x000000076bb80000, 0x0000000771000000, 0x00000007c0000000)
  eden space 65024K, 0% used [0x000000076bb80000,0x000000076bb80000,0x000000076fb00000)
  from space 10752K, 0% used [0x000000076fb00000,0x000000076fb00000,0x0000000770580000)
  to   space 10752K, 0% used [0x0000000770580000,0x0000000770580000,0x0000000771000000)
 ParOldGen       total 173568K, used 1133K [0x00000006c3200000, 0x00000006cdb80000, 0x000000076bb80000)
  object space 173568K, 0% used [0x00000006c3200000,0x00000006c331b7c8,0x00000006cdb80000)
 Metaspace       used 7588K, capacity 7784K, committed 7936K, reserved 1056768K
  class space    used 916K, capacity 966K, committed 1024K, reserved 1048576K
}

Deoptimization events (5 events):
Event: 4.382 Thread 0x000001f750b42800 Uncommon trap: reason=range_check action=make_not_entrant pc=0x000001f7528f1f68 method=sun.reflect.generics.parser.SignatureParser.current()C @ 34
Event: 4.491 Thread 0x000001f750b42800 Uncommon trap: reason=bimorphic action=maybe_recompile pc=0x000001f7528dafa0 method=java.util.HashMap.getNode(ILjava/lang/Object;)Ljava/util/HashMap$Node; @ 126
Event: 4.491 Thread 0x000001f750b42800 Uncommon trap: reason=bimorphic action=maybe_recompile pc=0x000001f7528dafa0 method=java.util.HashMap.getNode(ILjava/lang/Object;)Ljava/util/HashMap$Node; @ 126
Event: 4.495 Thread 0x000001f750b42800 Uncommon trap: reason=bimorphic action=maybe_recompile pc=0x000001f7528dafa0 method=java.util.HashMap.getNode(ILjava/lang/Object;)Ljava/util/HashMap$Node; @ 126
Event: 4.495 Thread 0x000001f750b42800 Uncommon trap: reason=bimorphic action=maybe_recompile pc=0x000001f7528dafa0 method=java.util.HashMap.getNode(ILjava/lang/Object;)Ljava/util/HashMap$Node; @ 126

Classes redefined (0 events):
No events

Internal exceptions (10 events):
Event: 11.282 Thread 0x000001f750b42800 Exception <a 'java/lang/ClassNotFoundException': com/sun/org/glassfish/hk2/osgiresourcelocator/ServiceLoader> (0x000000076d7ac8b0) thrown at [C:\jenkins\workspace\8-2-build-windows-amd64-cygwin\jdk8u261\295\hotspot\src\share\vm\classfile\systemDictionary.
Event: 11.292 Thread 0x000001f750b42800 Exception <a 'java/lang/ClassNotFoundException': javax/servlet/ServletContext> (0x000000076d8032f8) thrown at [C:\jenkins\workspace\8-2-build-windows-amd64-cygwin\jdk8u261\295\hotspot\src\share\vm\classfile\systemDictionary.cpp, line 210]
Event: 11.380 Thread 0x000001f750b42800 Exception <a 'java/lang/ClassNotFoundException': com/sun/org/glassfish/hk2/osgiresourcelocator/ServiceLoader> (0x000000076d825880) thrown at [C:\jenkins\workspace\8-2-build-windows-amd64-cygwin\jdk8u261\295\hotspot\src\share\vm\classfile\systemDictionary.
Event: 11.387 Thread 0x000001f750b42800 Exception <a 'java/lang/ClassNotFoundException': javax/servlet/ServletContext> (0x000000076d87c560) thrown at [C:\jenkins\workspace\8-2-build-windows-amd64-cygwin\jdk8u261\295\hotspot\src\share\vm\classfile\systemDictionary.cpp, line 210]
Event: 11.503 Thread 0x000001f750b42800 Exception <a 'java/lang/ClassNotFoundException': com/sun/org/glassfish/hk2/osgiresourcelocator/ServiceLoader> (0x000000076d89ea70) thrown at [C:\jenkins\workspace\8-2-build-windows-amd64-cygwin\jdk8u261\295\hotspot\src\share\vm\classfile\systemDictionary.
Event: 11.512 Thread 0x000001f750b42800 Exception <a 'java/lang/ClassNotFoundException': javax/servlet/ServletContext> (0x000000076d8f5498) thrown at [C:\jenkins\workspace\8-2-build-windows-amd64-cygwin\jdk8u261\295\hotspot\src\share\vm\classfile\systemDictionary.cpp, line 210]
Event: 11.572 Thread 0x000001f750b42800 Exception <a 'java/lang/ClassNotFoundException': com/sun/org/glassfish/hk2/osgiresourcelocator/ServiceLoader> (0x000000076d9179a8) thrown at [C:\jenkins\workspace\8-2-build-windows-amd64-cygwin\jdk8u261\295\hotspot\src\share\vm\classfile\systemDictionary.
Event: 11.577 Thread 0x000001f750b42800 Exception <a 'java/lang/ClassNotFoundException': javax/servlet/ServletContext> (0x000000076d96e490) thrown at [C:\jenkins\workspace\8-2-build-windows-amd64-cygwin\jdk8u261\295\hotspot\src\share\vm\classfile\systemDictionary.cpp, line 210]
Event: 11.654 Thread 0x000001f750b42800 Exception <a 'java/lang/ClassNotFoundException': com/sun/org/glassfish/hk2/osgiresourcelocator/ServiceLoader> (0x000000076d990ae8) thrown at [C:\jenkins\workspace\8-2-build-windows-amd64-cygwin\jdk8u261\295\hotspot\src\share\vm\classfile\systemDictionary.
Event: 11.667 Thread 0x000001f750b42800 Exception <a 'java/lang/ClassNotFoundException': javax/servlet/ServletContext> (0x000000076d9e7510) thrown at [C:\jenkins\workspace\8-2-build-windows-amd64-cygwin\jdk8u261\295\hotspot\src\share\vm\classfile\systemDictionary.cpp, line 210]

Events (10 events):
Event: 11.511 loading class javax/servlet/ServletContext
Event: 11.511 loading class javax/servlet/ServletContext done
Event: 11.572 loading class com/sun/org/glassfish/hk2/osgiresourcelocator/ServiceLoader
Event: 11.572 loading class com/sun/org/glassfish/hk2/osgiresourcelocator/ServiceLoader done
Event: 11.577 loading class javax/servlet/ServletContext
Event: 11.577 loading class javax/servlet/ServletContext done
Event: 11.654 loading class com/sun/org/glassfish/hk2/osgiresourcelocator/ServiceLoader
Event: 11.654 loading class com/sun/org/glassfish/hk2/osgiresourcelocator/ServiceLoader done
Event: 11.667 loading class javax/servlet/ServletContext
Event: 11.667 loading class javax/servlet/ServletContext done


Dynamic libraries:
0x00007ff79bf70000 - 0x00007ff79bfb7000 	C:\Program Files\Java\jre1.8.0_261\bin\java.exe
0x00007ffc39490000 - 0x00007ffc39686000 	C:\WINDOWS\SYSTEM32\ntdll.dll
0x00007ffc37bb0000 - 0x00007ffc37c6d000 	C:\WINDOWS\System32\KERNEL32.DLL
0x00007ffc36f20000 - 0x00007ffc371e9000 	C:\WINDOWS\System32\KERNELBASE.dll
0x00007ffc39370000 - 0x00007ffc3941c000 	C:\WINDOWS\System32\ADVAPI32.dll
0x00007ffc37a30000 - 0x00007ffc37ace000 	C:\WINDOWS\System32\msvcrt.dll
0x00007ffc37d30000 - 0x00007ffc37dcc000 	C:\WINDOWS\System32\sechost.dll
0x00007ffc39240000 - 0x00007ffc3936b000 	C:\WINDOWS\System32\RPCRT4.dll
0x00007ffc37890000 - 0x00007ffc37a30000 	C:\WINDOWS\System32\USER32.dll
0x00007ffc37380000 - 0x00007ffc373a2000 	C:\WINDOWS\System32\win32u.dll
0x00007ffc38cf0000 - 0x00007ffc38d1a000 	C:\WINDOWS\System32\GDI32.dll
0x00007ffc36c20000 - 0x00007ffc36d29000 	C:\WINDOWS\System32\gdi32full.dll
0x00007ffc36e80000 - 0x00007ffc36f1d000 	C:\WINDOWS\System32\msvcp_win.dll
0x00007ffc36d30000 - 0x00007ffc36e30000 	C:\WINDOWS\System32\ucrtbase.dll
0x00007ffc1bde0000 - 0x00007ffc1c07b000 	C:\WINDOWS\WinSxS\amd64_microsoft.windows.common-controls_6595b64144ccf1df_6.0.19041.488_none_ca04af081b815d21\COMCTL32.dll
0x00007ffc37dd0000 - 0x00007ffc37e00000 	C:\WINDOWS\System32\IMM32.DLL
0x00007ffc031b0000 - 0x00007ffc031c5000 	C:\Program Files\Java\jre1.8.0_261\bin\vcruntime140.dll
0x00007ffbfc2a0000 - 0x00007ffbfc33b000 	C:\Program Files\Java\jre1.8.0_261\bin\msvcp140.dll
0x000000005bec0000 - 0x000000005c72c000 	C:\Program Files\Java\jre1.8.0_261\bin\server\jvm.dll
0x00007ffc37530000 - 0x00007ffc37538000 	C:\WINDOWS\System32\PSAPI.DLL
0x00007ffc1e2e0000 - 0x00007ffc1e2e9000 	C:\WINDOWS\SYSTEM32\WSOCK32.dll
0x00007ffc1eae0000 - 0x00007ffc1eb07000 	C:\WINDOWS\SYSTEM32\WINMM.dll
0x00007ffc38c80000 - 0x00007ffc38ceb000 	C:\WINDOWS\System32\WS2_32.dll
0x00007ffc35a30000 - 0x00007ffc35a3a000 	C:\WINDOWS\SYSTEM32\VERSION.dll
0x00007ffc359f0000 - 0x00007ffc35a02000 	C:\WINDOWS\SYSTEM32\kernel.appcore.dll
0x00007ffc32ec0000 - 0x00007ffc32ed0000 	C:\Program Files\Java\jre1.8.0_261\bin\verify.dll
0x00007ffbff830000 - 0x00007ffbff85b000 	C:\Program Files\Java\jre1.8.0_261\bin\java.dll
0x00007ffc02000000 - 0x00007ffc02018000 	C:\Program Files\Java\jre1.8.0_261\bin\zip.dll
0x00007ffc38530000 - 0x00007ffc38c72000 	C:\WINDOWS\System32\SHELL32.dll
0x00007ffc35250000 - 0x00007ffc359e5000 	C:\WINDOWS\SYSTEM32\windows.storage.dll
0x00007ffc38ed0000 - 0x00007ffc39226000 	C:\WINDOWS\System32\combase.dll
0x00007ffc36610000 - 0x00007ffc3663c000 	C:\WINDOWS\SYSTEM32\Wldp.dll
0x00007ffc37e00000 - 0x00007ffc37eae000 	C:\WINDOWS\System32\SHCORE.dll
0x00007ffc38060000 - 0x00007ffc380b5000 	C:\WINDOWS\System32\shlwapi.dll
0x00007ffc36ad0000 - 0x00007ffc36af6000 	C:\WINDOWS\SYSTEM32\profapi.dll
0x00007ffc36560000 - 0x00007ffc36578000 	C:\WINDOWS\SYSTEM32\CRYPTSP.dll
0x00007ffc35cb0000 - 0x00007ffc35ce4000 	C:\WINDOWS\system32\rsaenh.dll
0x00007ffc37350000 - 0x00007ffc37377000 	C:\WINDOWS\System32\bcrypt.dll
0x00007ffc36a90000 - 0x00007ffc36abe000 	C:\WINDOWS\SYSTEM32\USERENV.dll
0x00007ffc36ba0000 - 0x00007ffc36c20000 	C:\WINDOWS\System32\bcryptprimitives.dll
0x00007ffc36580000 - 0x00007ffc3658c000 	C:\WINDOWS\SYSTEM32\CRYPTBASE.dll
0x00007ffc00850000 - 0x00007ffc0086c000 	C:\Program Files\Java\jre1.8.0_261\bin\net.dll
0x00007ffc36390000 - 0x00007ffc363fa000 	C:\WINDOWS\system32\mswsock.dll
0x00007ffc36030000 - 0x00007ffc3606b000 	C:\WINDOWS\SYSTEM32\IPHLPAPI.DLL
0x00007ffc39230000 - 0x00007ffc39238000 	C:\WINDOWS\System32\NSI.dll
0x00007ffc2f1e0000 - 0x00007ffc2f1f7000 	C:\WINDOWS\SYSTEM32\dhcpcsvc6.DLL
0x00007ffc2f150000 - 0x00007ffc2f16d000 	C:\WINDOWS\SYSTEM32\dhcpcsvc.DLL
0x00007ffc36070000 - 0x00007ffc3613b000 	C:\WINDOWS\SYSTEM32\DNSAPI.dll
0x00007ffbffdb0000 - 0x00007ffbffdc3000 	C:\Program Files\Java\jre1.8.0_261\bin\nio.dll
0x00007ffc1e2c0000 - 0x00007ffc1e2d7000 	C:\WINDOWS\system32\napinsp.dll
0x00007ffc1e280000 - 0x00007ffc1e29b000 	C:\WINDOWS\system32\pnrpnsp.dll
0x00007ffc30fa0000 - 0x00007ffc30fb5000 	C:\WINDOWS\system32\wshbth.dll
0x00007ffc32130000 - 0x00007ffc3214d000 	C:\WINDOWS\system32\NLAapi.dll
0x00007ffc1ba40000 - 0x00007ffc1ba52000 	C:\WINDOWS\System32\winrnr.dll
0x00007ffc2e4d0000 - 0x00007ffc2e4da000 	C:\Windows\System32\rasadhlp.dll
0x00007ffc2c590000 - 0x00007ffc2c60f000 	C:\WINDOWS\System32\fwpuclnt.dll

VM Arguments:
jvm_args: -Djava.rmi.server.codebase=file:D:\Universidad\SistemasDeComercio\SimpleRMIAutonomo\SimpleRMIAutonomo\tstMensajeriaExpress.jar 
java_command: D:\Universidad\SistemasDeComercio\SimpleRMIAutonomo\SimpleRMIAutonomo\tstMensajeriaExpress.jar tstmensajeriaexpress.Cliente localhost 200
java_class_path (initial): D:\Universidad\SistemasDeComercio\SimpleRMIAutonomo\SimpleRMIAutonomo\tstMensajeriaExpress.jar
Launcher Type: SUN_STANDARD

Environment Variables:
JAVA_HOME=C:\Program Files\Java\jdk1.8.0_111
CLASSPATH=.;C:\Program Files\Java\jre1.8.0_261;
PATH=C:\Program Files\Java\jre1.8.0_261\bin;C:\Program Files (x86)\Common Files\Oracle\Java\javapath;C:\Program Files\Java\jdk-13.0.2\bin;C:\Windows\system32;C:\Windows;C:\Windows\System32\Wbem;C:\Windows\System32\WindowsPowerShell\v1.0\;C:\Windows\System32\OpenSSH\;C:\Program Files (x86)\NVIDIA Corporation\PhysX\Common;C:\Program Files\MATLAB\R2018a\runtime\win64;C:\Program Files\MATLAB\R2018a\bin;C:\Program Files\NVIDIA Corporation\NVIDIA NvDLISR;C:\Program Files\dotnet\;C:\Program Files\Microsoft SQL Server\130\Tools\Binn\;C:\Program Files\Intel\WiFi\bin\;C:\Program Files\Common Files\Intel\WirelessCommon\;C:\WINDOWS\system32;C:\WINDOWS;C:\WINDOWS\System32\Wbem;C:\WINDOWS\System32\WindowsPowerShell\v1.0\;C:\WINDOWS\System32\OpenSSH\;D:\Perforce;D:\Matlab\runtime\win64;D:\Matlab\bin;D:\PuTTY\;C:\ProgramData\chocolatey\bin;D:\Git\cmd;;D:\AOMEI Backupper;C:\Program Files (x86)\Intel\Intel(R) Management Engine Components\DAL;C:\Program Files\Intel\Intel(R) Management Engine Components\DAL;C:\Program Files\Java\jdk1.8.0_111\bin;C:\Users\Polupero\AppData\Local\Microsoft\WindowsApps;C:\Users\Polupero\AppData\Local\GitHubDesktop\bin
USERNAME=Polupero
OS=Windows_NT
PROCESSOR_IDENTIFIER=Intel64 Family 6 Model 158 Stepping 10, GenuineIntel



---------------  S Y S T E M  ---------------

OS: Windows 10.0 , 64 bit Build 19041 (10.0.19041.662)

CPU:total 12 (initial active 12) (6 cores per cpu, 2 threads per core) family 6 model 158 stepping 10, cmov, cx8, fxsr, mmx, sse, sse2, sse3, ssse3, sse4.1, sse4.2, popcnt, avx, avx2, aes, clmul, erms, 3dnowpref, lzcnt, ht, tsc, tscinvbit, bmi1, bmi2, adx

Memory: 4k page, physical 16566556k(2685624k free), swap 30173336k(4472k free)

vm_info: Java HotSpot(TM) 64-Bit Server VM (25.261-b12) for windows-amd64 JRE (1.8.0_261-b12), built on Jun 18 2020 06:56:32 by "" with unknown MS VC++:1916

time: Sun Dec 13 19:05:49 2020
timezone: Hora estándar central (México)
elapsed time: 11 seconds (0d 0h 0m 11s)

