JvmtiExport can_access_local_variables 0
JvmtiExport can_hotswap_or_post_breakpoint 0
JvmtiExport can_post_on_exceptions 0
# 212 ciObject found
instanceKlass javax/activation/MimeType
instanceKlass java/util/AbstractList$1
instanceKlass javax/xml/bind/attachment/AttachmentUnmarshaller
instanceKlass sun/net/www/http/KeepAliveEntry
instanceKlass sun/net/www/http/KeepAliveCache$1
instanceKlass java/util/IdentityHashMap$EntryIterator$Entry
instanceKlass com/sun/xml/internal/ws/util/StreamUtils
instanceKlass sun/net/www/http/Hurryable
instanceKlass sun/net/www/protocol/http/AuthCacheImpl
instanceKlass sun/net/www/protocol/http/AuthCache
instanceKlass sun/net/www/protocol/http/AuthCacheValue
instanceKlass sun/net/DefaultProgressMeteringPolicy
instanceKlass sun/net/ProgressMeteringPolicy
instanceKlass sun/net/ProgressMonitor
instanceKlass com/sun/xml/internal/bind/DatatypeConverterImpl
instanceKlass javax/xml/bind/DatatypeConverterInterface
instanceKlass com/sun/xml/internal/bind/v2/runtime/output/XmlOutputAbstractImpl
instanceKlass com/sun/xml/internal/bind/v2/runtime/output/XmlOutput
instanceKlass com/sun/xml/internal/bind/v2/runtime/output/Encoded
instanceKlass com/sun/xml/internal/bind/v2/runtime/StAXPostInitAction
instanceKlass com/sun/xml/internal/bind/v2/runtime/output/NamespaceContextImpl$Element
instanceKlass com/sun/xml/internal/bind/marshaller/NamespacePrefixMapper
instanceKlass com/sun/xml/internal/bind/v2/runtime/output/NamespaceContextImpl
instanceKlass com/sun/xml/internal/bind/v2/runtime/NamespaceContext2
instanceKlass com/sun/xml/internal/bind/v2/runtime/output/Pcdata
instanceKlass javax/xml/bind/helpers/AbstractMarshallerImpl
instanceKlass com/sun/xml/internal/ws/streaming/XMLStreamWriterUtil
instanceKlass javax/xml/bind/attachment/AttachmentMarshaller
instanceKlass com/sun/xml/internal/ws/streaming/MtomStreamWriter
instanceKlass com/sun/xml/internal/ws/util/xml/XMLStreamWriterFilter
instanceKlass com/sun/xml/internal/ws/api/streaming/XMLStreamWriterFactory$RecycleAware
instanceKlass com/sun/xml/internal/ws/encoding/HasEncoding
instanceKlass com/sun/xml/internal/stream/writers/XMLStreamWriterImpl$NamespaceContextImpl
instanceKlass com/sun/xml/internal/stream/util/ReadOnlyIterator
instanceKlass com/sun/xml/internal/stream/writers/XMLStreamWriterImpl$ElementStack
instanceKlass javax/xml/stream/XMLStreamWriter
instanceKlass javax/xml/transform/stream/StreamResult
instanceKlass javax/xml/transform/Result
instanceKlass javax/xml/stream/XMLOutputFactory
instanceKlass com/sun/xml/internal/ws/api/streaming/XMLStreamWriterFactory
instanceKlass sun/net/www/http/HttpCapture$1
instanceKlass sun/net/www/http/HttpCapture
instanceKlass sun/net/www/http/KeepAliveKey
instanceKlass sun/net/NetworkClient$1
instanceKlass sun/net/NetworkClient
instanceKlass java/net/ResponseCache
instanceKlass sun/net/www/protocol/http/HttpURLConnection$3
instanceKlass sun/net/www/protocol/http/HttpURLConnection$2
instanceKlass sun/net/www/protocol/http/HttpURLConnection$$Lambda$8
instanceKlass java/lang/invoke/LambdaForm$DMH
instanceKlass com/sun/xml/internal/ws/encoding/ContentTypeImpl$Builder
instanceKlass com/sun/xml/internal/ws/transport/http/client/HttpClientTransport
instanceKlass com/sun/xml/internal/ws/transport/Headers$InsensitiveComparator
instanceKlass com/sun/xml/internal/ws/api/handler/MessageHandlerContext
instanceKlass javax/xml/ws/handler/soap/SOAPMessageContext
instanceKlass com/sun/xml/internal/ws/api/pipe/NextAction
instanceKlass com/sun/xml/internal/ws/handler/MessageContextImpl
instanceKlass com/sun/xml/internal/ws/handler/MessageUpdatableContext
instanceKlass javax/xml/ws/handler/LogicalMessageContext
instanceKlass javax/xml/ws/handler/MessageContext
instanceKlass com/sun/xml/internal/ws/handler/HandlerTube$HandlerTubeExchange
instanceKlass com/sun/xml/internal/ws/api/pipe/Fiber
instanceKlass com/sun/xml/internal/ws/api/Cancelable
instanceKlass com/sun/xml/internal/ws/message/stream/StreamMessage$2
instanceKlass com/sun/xml/internal/ws/message/stream/StreamMessage$1
instanceKlass com/sun/xml/internal/ws/message/stream/StreamMessage$StreamHeaderDecoder
instanceKlass com/sun/xml/internal/ws/api/message/MessageHeaders
instanceKlass javax/xml/soap/SOAPMessage
instanceKlass com/oracle/webservices/internal/api/message/BasePropertySet$FieldAccessor
instanceKlass com/sun/xml/internal/ws/api/server/WSEndpoint
instanceKlass com/sun/xml/internal/ws/api/server/TransportBackChannel
instanceKlass com/sun/xml/internal/ws/api/server/WebServiceContextDelegate
instanceKlass com/sun/xml/internal/ws/message/AttachmentSetImpl
instanceKlass com/sun/xml/internal/ws/api/message/AttachmentSet
instanceKlass com/sun/xml/internal/ws/encoding/TagInfoset
instanceKlass org/xml/sax/helpers/AttributesImpl
instanceKlass com/sun/xml/internal/ws/api/message/Message
instanceKlass com/sun/xml/internal/ws/api/message/StreamingSOAP
instanceKlass com/sun/xml/internal/ws/api/databinding/JavaCallInfo
instanceKlass com/oracle/webservices/internal/api/databinding/JavaCallInfo
instanceKlass java/lang/reflect/Proxy$KeyX
instanceKlass com/sun/xml/internal/ws/Closeable
instanceKlass com/sun/xml/internal/ws/client/WSServiceDelegate$3
instanceKlass com/sun/xml/internal/ws/client/sei/MethodHandler
instanceKlass java/util/concurrent/ConcurrentLinkedQueue$Node
instanceKlass com/sun/xml/internal/ws/api/ha/StickyFeature
instanceKlass com/sun/xml/internal/ws/api/pipe/TransportPipeFactory
instanceKlass com/sun/xml/internal/ws/api/pipe/TransportTubeFactory
instanceKlass java/net/InMemoryCookieStore
instanceKlass java/net/CookieHandler
instanceKlass java/net/CookieStore
instanceKlass java/net/CookiePolicy$3
instanceKlass java/net/CookiePolicy$2
instanceKlass java/net/CookiePolicy$1
instanceKlass java/net/CookiePolicy
instanceKlass com/sun/xml/internal/ws/api/pipe/helper/AbstractTubeImpl
instanceKlass com/sun/xml/internal/ws/api/pipe/Pipe
instanceKlass com/sun/xml/internal/ws/api/pipe/Tube
instanceKlass com/sun/xml/internal/ws/assembler/MetroTubelineAssembler$MessageDumpingInfo
instanceKlass com/sun/xml/internal/ws/assembler/dev/TubelineAssemblyDecorator
instanceKlass com/sun/xml/internal/ws/assembler/dev/TubelineAssemblyContextUpdater
instanceKlass com/sun/xml/internal/ws/assembler/jaxws/BasicTransportTubeFactory
instanceKlass com/sun/xml/internal/ws/dump/MessageDumpingTubeFactory
instanceKlass com/sun/xml/internal/ws/assembler/jaxws/AddressingTubeFactory
instanceKlass com/sun/xml/internal/ws/assembler/jaxws/MustUnderstandTubeFactory
instanceKlass com/sun/xml/internal/ws/assembler/jaxws/ValidationTubeFactory
instanceKlass com/sun/xml/internal/ws/assembler/jaxws/HandlerTubeFactory
instanceKlass com/sun/xml/internal/ws/assembler/dev/TubeFactory
instanceKlass com/sun/xml/internal/ws/assembler/TubeCreator
instanceKlass com/sun/xml/internal/bind/v2/runtime/unmarshaller/StAXConnector$1
instanceKlass com/sun/xml/internal/bind/v2/runtime/unmarshaller/StAXStreamConnector$1
instanceKlass com/sun/xml/internal/bind/v2/runtime/unmarshaller/TagName
instanceKlass com/sun/xml/internal/bind/v2/runtime/unmarshaller/InterningXmlVisitor$AttributesImpl
instanceKlass com/sun/xml/internal/bind/v2/runtime/unmarshaller/InterningXmlVisitor
instanceKlass com/sun/xml/internal/fastinfoset/Decoder
instanceKlass com/sun/xml/internal/org/jvnet/fastinfoset/FastInfosetParser
instanceKlass com/sun/xml/internal/fastinfoset/OctetBufferListener
instanceKlass com/sun/xml/internal/org/jvnet/fastinfoset/stax/FastInfosetStreamReader
instanceKlass com/sun/xml/internal/bind/v2/runtime/unmarshaller/StAXConnector
instanceKlass com/sun/xml/internal/bind/v2/runtime/unmarshaller/UnmarshallingContext$State
instanceKlass com/sun/xml/internal/bind/v2/runtime/unmarshaller/Scope
instanceKlass com/sun/xml/internal/bind/v2/runtime/unmarshaller/LocatorExWrapper
instanceKlass com/sun/xml/internal/bind/v2/runtime/unmarshaller/LocatorEx
instanceKlass org/xml/sax/helpers/LocatorImpl
instanceKlass com/sun/xml/internal/bind/v2/runtime/Coordinator
instanceKlass com/sun/xml/internal/bind/v2/runtime/unmarshaller/XmlVisitor$TextPredictor
instanceKlass com/sun/xml/internal/bind/v2/runtime/unmarshaller/XmlVisitor
instanceKlass com/sun/xml/internal/bind/IDResolver
instanceKlass javax/xml/bind/helpers/DefaultValidationEventHandler
instanceKlass javax/xml/bind/helpers/AbstractUnmarshallerImpl
instanceKlass javax/xml/bind/ValidationEventHandler
instanceKlass com/sun/xml/internal/bind/v2/util/QNameMap$HashIterator
instanceKlass com/sun/xml/internal/bind/v2/runtime/property/ArrayERProperty$ReceiverImpl
instanceKlass javax/xml/parsers/DocumentBuilder
instanceKlass com/sun/xml/internal/bind/v2/ClassFactory
instanceKlass com/sun/xml/internal/bind/v2/runtime/reflect/Lister$2
instanceKlass com/sun/xml/internal/bind/v2/runtime/reflect/ListIterator
instanceKlass com/sun/xml/internal/bind/v2/runtime/reflect/Lister
instanceKlass com/sun/xml/internal/bind/v2/runtime/property/Utils$1
instanceKlass com/sun/xml/internal/bind/v2/runtime/property/Utils
instanceKlass com/sun/xml/internal/bind/v2/runtime/FilterTransducer
instanceKlass com/sun/xml/internal/bind/v2/runtime/reflect/Utils$1
instanceKlass com/sun/xml/internal/bind/v2/runtime/reflect/Utils
instanceKlass com/sun/xml/internal/bind/v2/model/core/Adapter
instanceKlass javax/xml/bind/annotation/adapters/XmlAdapter
instanceKlass javax/xml/bind/annotation/adapters/XmlJavaTypeAdapter$DEFAULT
instanceKlass javax/xml/bind/annotation/XmlSchemaType$DEFAULT
instanceKlass com/sun/xml/internal/bind/v2/model/impl/AttributePropertyInfoImpl$1
instanceKlass com/sun/xml/internal/bind/api/impl/NameUtil
instanceKlass com/sun/xml/internal/bind/api/impl/NameConverter
instanceKlass com/sun/xml/internal/bind/v2/model/runtime/RuntimeAttributePropertyInfo
instanceKlass com/sun/xml/internal/bind/v2/model/core/AttributePropertyInfo
instanceKlass com/sun/xml/internal/bind/v2/model/nav/ParameterizedTypeImpl
instanceKlass java/lang/reflect/WildcardType
instanceKlass com/sun/xml/internal/bind/v2/model/nav/ReflectionNavigator$BinderArg
instanceKlass sun/reflect/generics/tree/TypeVariableSignature
instanceKlass com/sun/xml/internal/bind/v2/model/impl/DummyPropertyInfo
instanceKlass com/sun/xml/internal/ws/runtime/config/package-info
instanceKlass com/sun/xml/internal/ws/runtime/config/Tubelines
instanceKlass com/sun/xml/internal/ws/runtime/config/TubelineMapping
instanceKlass com/sun/xml/internal/ws/runtime/config/TubelineDefinition
instanceKlass com/sun/xml/internal/ws/runtime/config/TubeFactoryList
instanceKlass com/sun/xml/internal/ws/runtime/config/TubeFactoryConfig
instanceKlass com/sun/xml/internal/ws/runtime/config/ObjectFactory
instanceKlass javax/xml/bind/GetPropertyAction
instanceKlass javax/xml/bind/ContextFinder
instanceKlass com/sun/xml/internal/ws/runtime/config/MetroConfig
instanceKlass com/sun/xml/internal/ws/assembler/MetroConfigLoader$3
instanceKlass java/text/AttributedCharacterIterator$Attribute
instanceKlass java/text/FieldPosition
instanceKlass java/util/Locale$1
instanceKlass java/text/Format
instanceKlass com/sun/istack/internal/localization/LocalizableMessage
instanceKlass com/sun/istack/internal/localization/Localizable
instanceKlass com/sun/istack/internal/localization/Localizer
instanceKlass com/sun/istack/internal/localization/LocalizableMessageFactory
instanceKlass com/sun/xml/internal/ws/resources/TubelineassemblyMessages
instanceKlass com/sun/xml/internal/ws/assembler/MetroConfigLoader$2
instanceKlass com/sun/xml/internal/ws/assembler/MetroConfigLoader$1
instanceKlass com/sun/xml/internal/ws/assembler/MetroConfigLoader$TubeFactoryListResolver
instanceKlass com/sun/xml/internal/ws/assembler/MetroConfigLoader
instanceKlass com/sun/xml/internal/ws/assembler/TubelineAssemblyContextImpl
instanceKlass com/sun/xml/internal/ws/assembler/dev/ClientTubelineAssemblyContext
instanceKlass com/sun/xml/internal/ws/assembler/dev/TubelineAssemblyContext
instanceKlass javax/activation/CommandInfo
instanceKlass com/sun/activation/registries/MailcapTokenizer
instanceKlass javax/activation/SecuritySupport$2
instanceKlass javax/activation/SecuritySupport$3
instanceKlass com/sun/activation/registries/MailcapFile
instanceKlass com/sun/activation/registries/LogSupport
instanceKlass javax/activation/SecuritySupport$1
instanceKlass javax/activation/SecuritySupport
instanceKlass javax/activation/CommandMap
instanceKlass com/sun/xml/internal/ws/api/pipe/ClientTubeAssemblerContext
instanceKlass com/sun/xml/internal/ws/assembler/TubelineAssemblyController
instanceKlass com/sun/xml/internal/ws/assembler/MetroConfigNameImpl
instanceKlass com/sun/xml/internal/ws/assembler/MetroConfigName
instanceKlass com/sun/xml/internal/ws/assembler/MetroTubelineAssembler
instanceKlass com/sun/xml/internal/ws/api/pipe/TubelineAssembler
instanceKlass com/sun/xml/internal/ws/api/pipe/PipelineAssemblerFactory
instanceKlass com/sun/xml/internal/ws/api/pipe/TubelineAssemblerFactory
instanceKlass com/sun/org/glassfish/gmbal/GmbalMBeanNOPImpl
instanceKlass com/sun/org/glassfish/gmbal/GmbalMBean
instanceKlass javax/management/NotificationEmitter
instanceKlass javax/management/NotificationBroadcaster
instanceKlass javax/management/DynamicMBean
instanceKlass com/sun/org/glassfish/gmbal/ManagedObjectManagerNOPImpl
instanceKlass javax/management/ObjectName
instanceKlass javax/management/QueryExp
instanceKlass com/sun/org/glassfish/gmbal/ManagedObjectManager
instanceKlass com/sun/org/glassfish/gmbal/util/GenericConstructor
instanceKlass com/sun/org/glassfish/gmbal/ManagedObjectManagerFactory
instanceKlass java/util/zip/ZipUtils
instanceKlass java/util/zip/CRC32
instanceKlass java/util/zip/Checksum
instanceKlass java/util/zip/ZStreamRef
instanceKlass java/util/zip/Inflater
instanceKlass java/lang/Package$1
instanceKlass com/sun/xml/internal/ws/policy/PolicyAssertion
instanceKlass com/sun/xml/internal/ws/server/MonitorBase
instanceKlass java/util/AbstractMap$SimpleImmutableEntry
instanceKlass java/util/IdentityHashMap$IdentityHashMapIterator
instanceKlass com/sun/xml/internal/ws/util/Version
instanceKlass com/sun/xml/internal/ws/util/RuntimeVersion
instanceKlass com/sun/xml/internal/ws/api/pipe/Engine
instanceKlass com/oracle/webservices/internal/api/message/BasePropertySet$PropertyMapEntry
instanceKlass java/lang/Deprecated
instanceKlass com/oracle/webservices/internal/api/message/BasePropertySet$MethodAccessor
instanceKlass com/oracle/webservices/internal/api/message/BasePropertySet$Accessor
instanceKlass com/oracle/webservices/internal/api/message/PropertySet$Property
instanceKlass com/oracle/webservices/internal/api/message/BasePropertySet$1
instanceKlass com/sun/xml/internal/ws/client/Stub
instanceKlass com/sun/xml/internal/ws/client/ResponseContextReceiver
instanceKlass com/sun/xml/internal/ws/developer/WSBindingProvider
instanceKlass javax/xml/ws/BindingProvider
instanceKlass com/sun/xml/internal/ws/binding/WebServiceFeatureList$MergedFeatures
instanceKlass com/sun/xml/internal/ws/server/sei/MessageFiller
instanceKlass com/sun/xml/internal/ws/server/sei/EndpointResponseMessageBuilder
instanceKlass com/sun/xml/internal/ws/server/sei/EndpointArgumentsBuilder$DocLit$PartBuilder
instanceKlass com/sun/xml/internal/ws/server/sei/EndpointArgumentsBuilder
instanceKlass com/sun/xml/internal/ws/server/sei/TieHandler$1
instanceKlass com/sun/xml/internal/ws/server/sei/EndpointValueSetter
instanceKlass com/sun/xml/internal/ws/server/sei/TieHandler
instanceKlass com/sun/xml/internal/ws/api/databinding/EndpointCallBridge
instanceKlass com/sun/xml/internal/ws/wsdl/WSDLOperationFinder$WSDLOperationMappingImpl
instanceKlass com/sun/xml/internal/ws/api/model/WSDLOperationMapping
instanceKlass com/sun/xml/internal/ws/wsdl/WSDLOperationFinder
instanceKlass com/sun/xml/internal/ws/wsdl/OperationDispatcher
instanceKlass com/sun/xml/internal/ws/wsdl/ActionBasedOperationSignature
instanceKlass com/sun/xml/internal/ws/client/sei/ValueSetter
instanceKlass com/sun/xml/internal/ws/client/sei/ResponseBuilder$DocLit$PartBuilder
instanceKlass com/sun/xml/internal/ws/client/sei/ResponseBuilder
instanceKlass com/sun/xml/internal/ws/client/sei/ValueSetterFactory
instanceKlass com/sun/xml/internal/ws/client/sei/MessageFiller
instanceKlass com/sun/xml/internal/bind/api/RawAccessor
instanceKlass com/sun/xml/internal/ws/db/glassfish/RawAccessorWrapper
